[5.968s] Invoking command in '/home/joel/robotica/visual_ws/src/ros2_tutorials/visual_pubsub': DEBUGINFOD_URLS=https://debuginfod.ubuntu.com PYTHONPATH=/home/joel/robotica/visual_ws/src/build/visual_pubsub/prefix_override:/usr/lib/python3/dist-packages/colcon_core/task/python/colcon_distutils_commands:/home/joel/robotica/visual_ws/src/install/visual_pubsub/lib/python3.12/site-packages:${PYTHONPATH} /usr/bin/python3 -W ignore:setup.py install is deprecated -W ignore:easy_install command is deprecated setup.py egg_info --egg-base ../../build/visual_pubsub build --build-base /home/joel/robotica/visual_ws/src/build/visual_pubsub/build install --record /home/joel/robotica/visual_ws/src/build/visual_pubsub/install.log --single-version-externally-managed install_data
[6.478s] running egg_info
[6.479s] creating ../../build/visual_pubsub/visual_pubsub.egg-info
[6.514s] writing ../../build/visual_pubsub/visual_pubsub.egg-info/PKG-INFO
[6.514s] writing dependency_links to ../../build/visual_pubsub/visual_pubsub.egg-info/dependency_links.txt
[6.515s] writing entry points to ../../build/visual_pubsub/visual_pubsub.egg-info/entry_points.txt
[6.515s] writing requirements to ../../build/visual_pubsub/visual_pubsub.egg-info/requires.txt
[6.515s] writing top-level names to ../../build/visual_pubsub/visual_pubsub.egg-info/top_level.txt
[6.515s] writing manifest file '../../build/visual_pubsub/visual_pubsub.egg-info/SOURCES.txt'
[6.589s] reading manifest file '../../build/visual_pubsub/visual_pubsub.egg-info/SOURCES.txt'
[6.589s] adding license file 'LICENSE'
[6.590s] writing manifest file '../../build/visual_pubsub/visual_pubsub.egg-info/SOURCES.txt'
[6.590s] running build
[6.590s] running build_py
[6.591s] creating /home/joel/robotica/visual_ws/src/build/visual_pubsub/build
[6.591s] creating /home/joel/robotica/visual_ws/src/build/visual_pubsub/build/lib
[6.591s] creating /home/joel/robotica/visual_ws/src/build/visual_pubsub/build/lib/visual_pubsub
[6.591s] copying visual_pubsub/sub_joints.py -> /home/joel/robotica/visual_ws/src/build/visual_pubsub/build/lib/visual_pubsub
[6.592s] copying visual_pubsub/__init__.py -> /home/joel/robotica/visual_ws/src/build/visual_pubsub/build/lib/visual_pubsub
[6.592s] copying visual_pubsub/pub_joints.py -> /home/joel/robotica/visual_ws/src/build/visual_pubsub/build/lib/visual_pubsub
[6.592s] copying visual_pubsub/inverse_kinematics.py -> /home/joel/robotica/visual_ws/src/build/visual_pubsub/build/lib/visual_pubsub
[6.592s] running install
[6.606s] running install_lib
[6.642s] creating /home/joel/robotica/visual_ws/src/install/visual_pubsub/lib/python3.12/site-packages/visual_pubsub
[6.642s] copying /home/joel/robotica/visual_ws/src/build/visual_pubsub/build/lib/visual_pubsub/sub_joints.py -> /home/joel/robotica/visual_ws/src/install/visual_pubsub/lib/python3.12/site-packages/visual_pubsub
[6.642s] copying /home/joel/robotica/visual_ws/src/build/visual_pubsub/build/lib/visual_pubsub/__init__.py -> /home/joel/robotica/visual_ws/src/install/visual_pubsub/lib/python3.12/site-packages/visual_pubsub
[6.642s] copying /home/joel/robotica/visual_ws/src/build/visual_pubsub/build/lib/visual_pubsub/pub_joints.py -> /home/joel/robotica/visual_ws/src/install/visual_pubsub/lib/python3.12/site-packages/visual_pubsub
[6.643s] copying /home/joel/robotica/visual_ws/src/build/visual_pubsub/build/lib/visual_pubsub/inverse_kinematics.py -> /home/joel/robotica/visual_ws/src/install/visual_pubsub/lib/python3.12/site-packages/visual_pubsub
[6.643s] byte-compiling /home/joel/robotica/visual_ws/src/install/visual_pubsub/lib/python3.12/site-packages/visual_pubsub/sub_joints.py to sub_joints.cpython-312.pyc
[6.644s] byte-compiling /home/joel/robotica/visual_ws/src/install/visual_pubsub/lib/python3.12/site-packages/visual_pubsub/__init__.py to __init__.cpython-312.pyc
[6.645s] byte-compiling /home/joel/robotica/visual_ws/src/install/visual_pubsub/lib/python3.12/site-packages/visual_pubsub/pub_joints.py to pub_joints.cpython-312.pyc
[6.646s] byte-compiling /home/joel/robotica/visual_ws/src/install/visual_pubsub/lib/python3.12/site-packages/visual_pubsub/inverse_kinematics.py to inverse_kinematics.cpython-312.pyc
[6.650s] running install_data
[6.650s] creating /home/joel/robotica/visual_ws/src/install/visual_pubsub/share/ament_index
[6.650s] creating /home/joel/robotica/visual_ws/src/install/visual_pubsub/share/ament_index/resource_index
[6.651s] creating /home/joel/robotica/visual_ws/src/install/visual_pubsub/share/ament_index/resource_index/packages
[6.651s] copying resource/visual_pubsub -> /home/joel/robotica/visual_ws/src/install/visual_pubsub/share/ament_index/resource_index/packages
[6.651s] copying package.xml -> /home/joel/robotica/visual_ws/src/install/visual_pubsub/share/visual_pubsub
[6.651s] running install_egg_info
[6.692s] Copying ../../build/visual_pubsub/visual_pubsub.egg-info to /home/joel/robotica/visual_ws/src/install/visual_pubsub/lib/python3.12/site-packages/visual_pubsub-0.0.0-py3.12.egg-info
[6.694s] running install_scripts
[6.945s] Installing pub_joints script to /home/joel/robotica/visual_ws/src/install/visual_pubsub/lib/visual_pubsub
[6.945s] Installing sub_joints script to /home/joel/robotica/visual_ws/src/install/visual_pubsub/lib/visual_pubsub
[6.946s] writing list of installed files to '/home/joel/robotica/visual_ws/src/build/visual_pubsub/install.log'
[6.997s] Invoked command in '/home/joel/robotica/visual_ws/src/ros2_tutorials/visual_pubsub' returned '0': DEBUGINFOD_URLS=https://debuginfod.ubuntu.com PYTHONPATH=/home/joel/robotica/visual_ws/src/build/visual_pubsub/prefix_override:/usr/lib/python3/dist-packages/colcon_core/task/python/colcon_distutils_commands:/home/joel/robotica/visual_ws/src/install/visual_pubsub/lib/python3.12/site-packages:${PYTHONPATH} /usr/bin/python3 -W ignore:setup.py install is deprecated -W ignore:easy_install command is deprecated setup.py egg_info --egg-base ../../build/visual_pubsub build --build-base /home/joel/robotica/visual_ws/src/build/visual_pubsub/build install --record /home/joel/robotica/visual_ws/src/build/visual_pubsub/install.log --single-version-externally-managed install_data
