[0.575s] Invoking command in '/home/joel/robotica/visual_ws/src/ros2_tutorials/visual_pubsub': DEBUGINFOD_URLS=https://debuginfod.ubuntu.com PYTHONPATH=/home/joel/robotica/visual_ws/build/visual_pubsub/prefix_override:/usr/lib/python3/dist-packages/colcon_core/task/python/colcon_distutils_commands:/home/joel/robotica/visual_ws/install/visual_pubsub/lib/python3.12/site-packages:${PYTHONPATH} /usr/bin/python3 -W ignore:setup.py install is deprecated -W ignore:easy_install command is deprecated setup.py egg_info --egg-base ../../../build/visual_pubsub build --build-base /home/joel/robotica/visual_ws/build/visual_pubsub/build install --record /home/joel/robotica/visual_ws/build/visual_pubsub/install.log --single-version-externally-managed install_data
[0.748s] running egg_info
[0.759s] writing ../../../build/visual_pubsub/visual_pubsub.egg-info/PKG-INFO
[0.759s] writing dependency_links to ../../../build/visual_pubsub/visual_pubsub.egg-info/dependency_links.txt
[0.759s] writing entry points to ../../../build/visual_pubsub/visual_pubsub.egg-info/entry_points.txt
[0.760s] writing requirements to ../../../build/visual_pubsub/visual_pubsub.egg-info/requires.txt
[0.760s] writing top-level names to ../../../build/visual_pubsub/visual_pubsub.egg-info/top_level.txt
[0.783s] reading manifest file '../../../build/visual_pubsub/visual_pubsub.egg-info/SOURCES.txt'
[0.783s] adding license file 'LICENSE'
[0.783s] writing manifest file '../../../build/visual_pubsub/visual_pubsub.egg-info/SOURCES.txt'
[0.783s] running build
[0.783s] running build_py
[0.784s] running install
[0.788s] running install_lib
[0.800s] running install_data
[0.800s] running install_egg_info
[0.812s] removing '/home/joel/robotica/visual_ws/install/visual_pubsub/lib/python3.12/site-packages/visual_pubsub-0.0.0-py3.12.egg-info' (and everything under it)
[0.812s] Copying ../../../build/visual_pubsub/visual_pubsub.egg-info to /home/joel/robotica/visual_ws/install/visual_pubsub/lib/python3.12/site-packages/visual_pubsub-0.0.0-py3.12.egg-info
[0.813s] running install_scripts
[0.893s] Installing filter_node script to /home/joel/robotica/visual_ws/install/visual_pubsub/lib/visual_pubsub
[0.893s] Installing filtered_sensor_subscriber script to /home/joel/robotica/visual_ws/install/visual_pubsub/lib/visual_pubsub
[0.893s] Installing inverse script to /home/joel/robotica/visual_ws/install/visual_pubsub/lib/visual_pubsub
[0.893s] Installing inversebio script to /home/joel/robotica/visual_ws/install/visual_pubsub/lib/visual_pubsub
[0.893s] Installing sensor1_publisher script to /home/joel/robotica/visual_ws/install/visual_pubsub/lib/visual_pubsub
[0.894s] Installing sensor2_publisher script to /home/joel/robotica/visual_ws/install/visual_pubsub/lib/visual_pubsub
[0.894s] Installing sensor3_publisher script to /home/joel/robotica/visual_ws/install/visual_pubsub/lib/visual_pubsub
[0.894s] writing list of installed files to '/home/joel/robotica/visual_ws/build/visual_pubsub/install.log'
[0.914s] Invoked command in '/home/joel/robotica/visual_ws/src/ros2_tutorials/visual_pubsub' returned '0': DEBUGINFOD_URLS=https://debuginfod.ubuntu.com PYTHONPATH=/home/joel/robotica/visual_ws/build/visual_pubsub/prefix_override:/usr/lib/python3/dist-packages/colcon_core/task/python/colcon_distutils_commands:/home/joel/robotica/visual_ws/install/visual_pubsub/lib/python3.12/site-packages:${PYTHONPATH} /usr/bin/python3 -W ignore:setup.py install is deprecated -W ignore:easy_install command is deprecated setup.py egg_info --egg-base ../../../build/visual_pubsub build --build-base /home/joel/robotica/visual_ws/build/visual_pubsub/build install --record /home/joel/robotica/visual_ws/build/visual_pubsub/install.log --single-version-externally-managed install_data
