[0.499s] Invoking command in '/home/joel/robotica/visual_ws/build/robot_description': CMAKE_PREFIX_PATH=${CMAKE_PREFIX_PATH}:/opt/ros/jazzy DEBUGINFOD_URLS=https://debuginfod.ubuntu.com /usr/bin/cmake --build /home/joel/robotica/visual_ws/build/robot_description -- -j8 -l8
[3.196s] -- Found ament_cmake: 2.5.5 (/opt/ros/jazzy/share/ament_cmake/cmake)
[3.768s] -- Found Python3: /usr/bin/python3 (found version "3.12.3") found components: Interpreter 
[6.039s] -- Found rosidl_default_generators: 1.6.0 (/opt/ros/jazzy/share/rosidl_default_generators/cmake)
[6.514s] -- Using all available rosidl_typesupport_c: rosidl_typesupport_fastrtps_c;rosidl_typesupport_introspection_c
[8.485s] -- Using all available rosidl_typesupport_cpp: rosidl_typesupport_fastrtps_cpp;rosidl_typesupport_introspection_cpp
[9.513s] -- Found rosidl_adapter: 4.6.7 (/opt/ros/jazzy/share/rosidl_adapter/cmake)
[9.615s] -- Found std_msgs: 5.3.6 (/opt/ros/jazzy/share/std_msgs/cmake)
[11.233s] -- Found ament_cmake_ros: 0.12.0 (/opt/ros/jazzy/share/ament_cmake_ros/cmake)
[11.981s] -- Using all available rosidl_typesupport_c: rosidl_typesupport_fastrtps_c;rosidl_typesupport_introspection_c
[12.425s] -- Using all available rosidl_typesupport_cpp: rosidl_typesupport_fastrtps_cpp;rosidl_typesupport_introspection_cpp
[12.451s] -- Found python_cmake_module: 0.11.1 (/opt/ros/jazzy/share/python_cmake_module/cmake)
[16.678s] -- Found Python3: /usr/bin/python3 (found version "3.12.3") found components: Interpreter Development NumPy Development.Module Development.Embed 
[16.993s] -- Found ament_lint_auto: 0.17.4 (/opt/ros/jazzy/share/ament_lint_auto/cmake)
[17.346s] -- Configuring done (14.8s)
[19.034s] -- Generating done (1.6s)
[19.062s] -- Build files have been written to: /home/joel/robotica/visual_ws/build/robot_description
[19.099s] [  2%] Built target robot_description__rosidl_generator_type_description
[19.161s] [  5%] Built target robot_description__cpp
[19.258s] [  5%] Built target ament_cmake_python_copy_robot_description
[19.460s] [ 20%] Built target robot_description__rosidl_generator_c
[19.478s] running egg_info
[19.491s] writing robot_description.egg-info/PKG-INFO
[19.499s] writing dependency_links to robot_description.egg-info/dependency_links.txt
[19.499s] writing top-level names to robot_description.egg-info/top_level.txt
[19.531s] [ 29%] Built target robot_description__rosidl_typesupport_introspection_c
[19.560s] reading manifest file 'robot_description.egg-info/SOURCES.txt'
[19.561s] writing manifest file 'robot_description.egg-info/SOURCES.txt'
[19.564s] [ 38%] Built target robot_description__rosidl_typesupport_c
[19.581s] [ 38%] Built target ament_cmake_python_build_robot_description_egg
[19.646s] [ 73%] Built target robot_description__rosidl_typesupport_fastrtps_c
[19.646s] [ 73%] Built target robot_description__rosidl_typesupport_fastrtps_cpp
[19.646s] [ 73%] Built target robot_description__rosidl_typesupport_cpp
[19.646s] [ 73%] Built target robot_description__rosidl_typesupport_introspection_cpp
[19.746s] [ 73%] Built target robot_description
[19.772s] [ 76%] Built target robot_description__py
[19.903s] [ 82%] Built target robot_description__rosidl_generator_py
[19.996s] [ 88%] Built target robot_description_s__rosidl_typesupport_fastrtps_c
[20.015s] [ 94%] Built target robot_description_s__rosidl_typesupport_c
[20.015s] [100%] Built target robot_description_s__rosidl_typesupport_introspection_c
[20.024s] Invoked command in '/home/joel/robotica/visual_ws/build/robot_description' returned '0': CMAKE_PREFIX_PATH=${CMAKE_PREFIX_PATH}:/opt/ros/jazzy DEBUGINFOD_URLS=https://debuginfod.ubuntu.com /usr/bin/cmake --build /home/joel/robotica/visual_ws/build/robot_description -- -j8 -l8
[20.031s] Invoking command in '/home/joel/robotica/visual_ws/build/robot_description': CMAKE_PREFIX_PATH=${CMAKE_PREFIX_PATH}:/opt/ros/jazzy DEBUGINFOD_URLS=https://debuginfod.ubuntu.com /usr/bin/cmake --install /home/joel/robotica/visual_ws/build/robot_description
[20.037s] -- Install configuration: ""
[20.047s] -- Up-to-date: /home/joel/robotica/visual_ws/install/robot_description/share/ament_index/resource_index/rosidl_interfaces/robot_description
[20.084s] -- Up-to-date: /home/joel/robotica/visual_ws/install/robot_description/share/robot_description/msg/FilteredSensor.json
[20.120s] -- Up-to-date: /home/joel/robotica/visual_ws/install/robot_description/include/robot_description/robot_description
[20.173s] -- Up-to-date: /home/joel/robotica/visual_ws/install/robot_description/include/robot_description/robot_description/msg
[20.195s] -- Up-to-date: /home/joel/robotica/visual_ws/install/robot_description/include/robot_description/robot_description/msg/filtered_sensor.h
[20.195s] -- Up-to-date: /home/joel/robotica/visual_ws/install/robot_description/include/robot_description/robot_description/msg/detail
[20.203s] -- Up-to-date: /home/joel/robotica/visual_ws/install/robot_description/include/robot_description/robot_description/msg/detail/filtered_sensor__struct.h
[20.203s] -- Up-to-date: /home/joel/robotica/visual_ws/install/robot_description/include/robot_description/robot_description/msg/detail/filtered_sensor__functions.h
[20.203s] -- Up-to-date: /home/joel/robotica/visual_ws/install/robot_description/include/robot_description/robot_description/msg/detail/filtered_sensor__functions.c
[20.203s] -- Up-to-date: /home/joel/robotica/visual_ws/install/robot_description/include/robot_description/robot_description/msg/detail/filtered_sensor__description.c
[20.203s] -- Up-to-date: /home/joel/robotica/visual_ws/install/robot_description/include/robot_description/robot_description/msg/detail/filtered_sensor__type_support.h
[20.203s] -- Up-to-date: /home/joel/robotica/visual_ws/install/robot_description/include/robot_description/robot_description/msg/detail/filtered_sensor__type_support.c
[20.203s] -- Up-to-date: /home/joel/robotica/visual_ws/install/robot_description/include/robot_description/robot_description/msg/rosidl_generator_c__visibility_control.h
[20.230s] -- Up-to-date: /home/joel/robotica/visual_ws/install/robot_description/share/robot_description/environment/library_path.sh
[20.230s] -- Up-to-date: /home/joel/robotica/visual_ws/install/robot_description/share/robot_description/environment/library_path.dsv
[20.253s] -- Up-to-date: /home/joel/robotica/visual_ws/install/robot_description/lib/librobot_description__rosidl_generator_c.so
[20.253s] -- Up-to-date: /home/joel/robotica/visual_ws/install/robot_description/include/robot_description/robot_description
[20.253s] -- Up-to-date: /home/joel/robotica/visual_ws/install/robot_description/include/robot_description/robot_description/msg
[20.253s] -- Up-to-date: /home/joel/robotica/visual_ws/install/robot_description/include/robot_description/robot_description/msg/detail
[20.253s] -- Up-to-date: /home/joel/robotica/visual_ws/install/robot_description/include/robot_description/robot_description/msg/detail/filtered_sensor__rosidl_typesupport_fastrtps_c.h
[20.253s] -- Up-to-date: /home/joel/robotica/visual_ws/install/robot_description/include/robot_description/robot_description/msg/rosidl_typesupport_fastrtps_c__visibility_control.h
[20.277s] -- Up-to-date: /home/joel/robotica/visual_ws/install/robot_description/lib/librobot_description__rosidl_typesupport_fastrtps_c.so
[20.277s] -- Up-to-date: /home/joel/robotica/visual_ws/install/robot_description/include/robot_description/robot_description
[20.277s] -- Up-to-date: /home/joel/robotica/visual_ws/install/robot_description/include/robot_description/robot_description/msg
[20.277s] -- Up-to-date: /home/joel/robotica/visual_ws/install/robot_description/include/robot_description/robot_description/msg/detail
[20.277s] -- Up-to-date: /home/joel/robotica/visual_ws/install/robot_description/include/robot_description/robot_description/msg/detail/filtered_sensor__rosidl_typesupport_introspection_c.h
[20.277s] -- Up-to-date: /home/joel/robotica/visual_ws/install/robot_description/include/robot_description/robot_description/msg/detail/filtered_sensor__type_support.c
[20.278s] -- Up-to-date: /home/joel/robotica/visual_ws/install/robot_description/include/robot_description/robot_description/msg/rosidl_typesupport_introspection_c__visibility_control.h
[20.289s] -- Up-to-date: /home/joel/robotica/visual_ws/install/robot_description/lib/librobot_description__rosidl_typesupport_introspection_c.so
[20.300s] -- Up-to-date: /home/joel/robotica/visual_ws/install/robot_description/lib/librobot_description__rosidl_typesupport_c.so
[20.301s] -- Up-to-date: /home/joel/robotica/visual_ws/install/robot_description/include/robot_description/robot_description
[20.301s] -- Up-to-date: /home/joel/robotica/visual_ws/install/robot_description/include/robot_description/robot_description/msg
[20.301s] -- Up-to-date: /home/joel/robotica/visual_ws/install/robot_description/include/robot_description/robot_description/msg/rosidl_generator_cpp__visibility_control.hpp
[20.301s] -- Up-to-date: /home/joel/robotica/visual_ws/install/robot_description/include/robot_description/robot_description/msg/filtered_sensor.hpp
[20.301s] -- Up-to-date: /home/joel/robotica/visual_ws/install/robot_description/include/robot_description/robot_description/msg/detail
[20.301s] -- Up-to-date: /home/joel/robotica/visual_ws/install/robot_description/include/robot_description/robot_description/msg/detail/filtered_sensor__builder.hpp
[20.301s] -- Up-to-date: /home/joel/robotica/visual_ws/install/robot_description/include/robot_description/robot_description/msg/detail/filtered_sensor__struct.hpp
[20.301s] -- Up-to-date: /home/joel/robotica/visual_ws/install/robot_description/include/robot_description/robot_description/msg/detail/filtered_sensor__type_support.hpp
[20.301s] -- Up-to-date: /home/joel/robotica/visual_ws/install/robot_description/include/robot_description/robot_description/msg/detail/filtered_sensor__traits.hpp
[20.301s] -- Up-to-date: /home/joel/robotica/visual_ws/install/robot_description/include/robot_description/robot_description
[20.301s] -- Up-to-date: /home/joel/robotica/visual_ws/install/robot_description/include/robot_description/robot_description/msg
[20.301s] -- Up-to-date: /home/joel/robotica/visual_ws/install/robot_description/include/robot_description/robot_description/msg/detail
[20.301s] -- Up-to-date: /home/joel/robotica/visual_ws/install/robot_description/include/robot_description/robot_description/msg/detail/dds_fastrtps
[20.301s] -- Up-to-date: /home/joel/robotica/visual_ws/install/robot_description/include/robot_description/robot_description/msg/detail/filtered_sensor__rosidl_typesupport_fastrtps_cpp.hpp
[20.301s] -- Up-to-date: /home/joel/robotica/visual_ws/install/robot_description/include/robot_description/robot_description/msg/rosidl_typesupport_fastrtps_cpp__visibility_control.h
[20.321s] -- Up-to-date: /home/joel/robotica/visual_ws/install/robot_description/lib/librobot_description__rosidl_typesupport_fastrtps_cpp.so
[20.321s] -- Up-to-date: /home/joel/robotica/visual_ws/install/robot_description/include/robot_description/robot_description
[20.321s] -- Up-to-date: /home/joel/robotica/visual_ws/install/robot_description/include/robot_description/robot_description/msg
[20.321s] -- Up-to-date: /home/joel/robotica/visual_ws/install/robot_description/include/robot_description/robot_description/msg/detail
[20.321s] -- Up-to-date: /home/joel/robotica/visual_ws/install/robot_description/include/robot_description/robot_description/msg/detail/filtered_sensor__rosidl_typesupport_introspection_cpp.hpp
[20.321s] -- Up-to-date: /home/joel/robotica/visual_ws/install/robot_description/include/robot_description/robot_description/msg/detail/filtered_sensor__type_support.cpp
[20.345s] -- Up-to-date: /home/joel/robotica/visual_ws/install/robot_description/lib/librobot_description__rosidl_typesupport_introspection_cpp.so
[20.372s] -- Up-to-date: /home/joel/robotica/visual_ws/install/robot_description/lib/librobot_description__rosidl_typesupport_cpp.so
[20.372s] -- Up-to-date: /home/joel/robotica/visual_ws/install/robot_description/share/robot_description/environment/pythonpath.sh
[20.372s] -- Up-to-date: /home/joel/robotica/visual_ws/install/robot_description/share/robot_description/environment/pythonpath.dsv
[20.399s] -- Up-to-date: /home/joel/robotica/visual_ws/install/robot_description/lib/python3.12/site-packages/robot_description-0.0.0-py3.12.egg-info
[20.402s] -- Installing: /home/joel/robotica/visual_ws/install/robot_description/lib/python3.12/site-packages/robot_description-0.0.0-py3.12.egg-info/top_level.txt
[20.402s] -- Installing: /home/joel/robotica/visual_ws/install/robot_description/lib/python3.12/site-packages/robot_description-0.0.0-py3.12.egg-info/PKG-INFO
[20.402s] -- Installing: /home/joel/robotica/visual_ws/install/robot_description/lib/python3.12/site-packages/robot_description-0.0.0-py3.12.egg-info/SOURCES.txt
[20.402s] -- Installing: /home/joel/robotica/visual_ws/install/robot_description/lib/python3.12/site-packages/robot_description-0.0.0-py3.12.egg-info/dependency_links.txt
[20.402s] -- Up-to-date: /home/joel/robotica/visual_ws/install/robot_description/lib/python3.12/site-packages/robot_description
[20.405s] -- Up-to-date: /home/joel/robotica/visual_ws/install/robot_description/lib/python3.12/site-packages/robot_description/robot_description_s__rosidl_typesupport_introspection_c.so
[20.405s] -- Up-to-date: /home/joel/robotica/visual_ws/install/robot_description/lib/python3.12/site-packages/robot_description/_robot_description_s.ep.rosidl_typesupport_c.c
[20.405s] -- Up-to-date: /home/joel/robotica/visual_ws/install/robot_description/lib/python3.12/site-packages/robot_description/msg
[20.430s] -- Up-to-date: /home/joel/robotica/visual_ws/install/robot_description/lib/python3.12/site-packages/robot_description/msg/_filtered_sensor.py
[20.430s] -- Up-to-date: /home/joel/robotica/visual_ws/install/robot_description/lib/python3.12/site-packages/robot_description/msg/_filtered_sensor_s.c
[20.430s] -- Up-to-date: /home/joel/robotica/visual_ws/install/robot_description/lib/python3.12/site-packages/robot_description/msg/__init__.py
[20.430s] -- Up-to-date: /home/joel/robotica/visual_ws/install/robot_description/lib/python3.12/site-packages/robot_description/robot_description_s__rosidl_typesupport_c.so
[20.430s] -- Installing: /home/joel/robotica/visual_ws/install/robot_description/lib/python3.12/site-packages/robot_description/__init__.py
[20.430s] -- Up-to-date: /home/joel/robotica/visual_ws/install/robot_description/lib/python3.12/site-packages/robot_description/_robot_description_s.ep.rosidl_typesupport_fastrtps_c.c
[20.430s] -- Up-to-date: /home/joel/robotica/visual_ws/install/robot_description/lib/python3.12/site-packages/robot_description/robot_description_s__rosidl_typesupport_fastrtps_c.so
[20.430s] -- Up-to-date: /home/joel/robotica/visual_ws/install/robot_description/lib/python3.12/site-packages/robot_description/_robot_description_s.ep.rosidl_typesupport_introspection_c.c
[20.581s] Listing '/home/joel/robotica/visual_ws/install/robot_description/lib/python3.12/site-packages/robot_description'...
[20.581s] Compiling '/home/joel/robotica/visual_ws/install/robot_description/lib/python3.12/site-packages/robot_description/__init__.py'...
[20.581s] Listing '/home/joel/robotica/visual_ws/install/robot_description/lib/python3.12/site-packages/robot_description/msg'...
[20.600s] -- Up-to-date: /home/joel/robotica/visual_ws/install/robot_description/lib/python3.12/site-packages/robot_description/robot_description_s__rosidl_typesupport_fastrtps_c.so
[20.617s] -- Up-to-date: /home/joel/robotica/visual_ws/install/robot_description/lib/python3.12/site-packages/robot_description/robot_description_s__rosidl_typesupport_introspection_c.so
[20.647s] -- Up-to-date: /home/joel/robotica/visual_ws/install/robot_description/lib/python3.12/site-packages/robot_description/robot_description_s__rosidl_typesupport_c.so
[20.648s] -- Up-to-date: /home/joel/robotica/visual_ws/install/robot_description/lib/librobot_description__rosidl_generator_py.so
[20.648s] -- Up-to-date: /home/joel/robotica/visual_ws/install/robot_description/share/robot_description/msg/FilteredSensor.idl
[20.648s] -- Up-to-date: /home/joel/robotica/visual_ws/install/robot_description/share/robot_description/msg/FilteredSensor.msg
[20.648s] -- Up-to-date: /home/joel/robotica/visual_ws/install/robot_description/share/robot_description/launch
[20.654s] -- Up-to-date: /home/joel/robotica/visual_ws/install/robot_description/share/robot_description/launch/robot_a.launch.py
[20.654s] -- Up-to-date: /home/joel/robotica/visual_ws/install/robot_description/share/robot_description/launch/robotbio.launch.py
[20.654s] -- Up-to-date: /home/joel/robotica/visual_ws/install/robot_description/share/robot_description/launch/sensores_promedio.launch.py
[20.654s] -- Up-to-date: /home/joel/robotica/visual_ws/install/robot_description/share/robot_description/urdf
[20.661s] -- Up-to-date: /home/joel/robotica/visual_ws/install/robot_description/share/robot_description/urdf/Examen1.urdf
[20.661s] -- Up-to-date: /home/joel/robotica/visual_ws/install/robot_description/share/robot_description/urdf/Examen2.urdf
[20.661s] -- Up-to-date: /home/joel/robotica/visual_ws/install/robot_description/share/robot_description/rviz
[20.662s] -- Up-to-date: /home/joel/robotica/visual_ws/install/robot_description/share/robot_description/rviz/urdf.rviz
[20.662s] -- Up-to-date: /home/joel/robotica/visual_ws/install/robot_description/share/robot_description/meshes
[20.670s] -- Up-to-date: /home/joel/robotica/visual_ws/install/robot_description/share/robot_description/meshes/visual
[20.670s] -- Up-to-date: /home/joel/robotica/visual_ws/install/robot_description/share/robot_description/meshes/visual/finger.dae
[20.670s] -- Up-to-date: /home/joel/robotica/visual_ws/install/robot_description/share/robot_description/meshes/visual/link5.dae
[20.670s] -- Up-to-date: /home/joel/robotica/visual_ws/install/robot_description/share/robot_description/meshes/visual/link7.dae
[20.670s] -- Up-to-date: /home/joel/robotica/visual_ws/install/robot_description/share/robot_description/meshes/visual/link3.dae
[20.670s] -- Up-to-date: /home/joel/robotica/visual_ws/install/robot_description/share/robot_description/meshes/visual/link2.dae
[20.670s] -- Up-to-date: /home/joel/robotica/visual_ws/install/robot_description/share/robot_description/meshes/visual/link1.dae
[20.670s] -- Up-to-date: /home/joel/robotica/visual_ws/install/robot_description/share/robot_description/meshes/visual/link0.dae
[20.671s] -- Up-to-date: /home/joel/robotica/visual_ws/install/robot_description/share/robot_description/meshes/visual/link4.dae
[20.671s] -- Up-to-date: /home/joel/robotica/visual_ws/install/robot_description/share/robot_description/meshes/visual/hand.dae
[20.671s] -- Up-to-date: /home/joel/robotica/visual_ws/install/robot_description/share/robot_description/meshes/visual/link6.dae
[20.671s] -- Up-to-date: /home/joel/robotica/visual_ws/install/robot_description/share/robot_description/meshes/collision
[20.671s] -- Up-to-date: /home/joel/robotica/visual_ws/install/robot_description/share/robot_description/meshes/collision/link0.obj
[20.671s] -- Up-to-date: /home/joel/robotica/visual_ws/install/robot_description/share/robot_description/meshes/collision/link2.obj
[20.671s] -- Up-to-date: /home/joel/robotica/visual_ws/install/robot_description/share/robot_description/meshes/collision/hand.obj
[20.671s] -- Up-to-date: /home/joel/robotica/visual_ws/install/robot_description/share/robot_description/meshes/collision/link7.obj
[20.671s] -- Up-to-date: /home/joel/robotica/visual_ws/install/robot_description/share/robot_description/meshes/collision/link3.obj
[20.671s] -- Up-to-date: /home/joel/robotica/visual_ws/install/robot_description/share/robot_description/meshes/collision/link6.obj
[20.671s] -- Up-to-date: /home/joel/robotica/visual_ws/install/robot_description/share/robot_description/meshes/collision/link1.obj
[20.671s] -- Up-to-date: /home/joel/robotica/visual_ws/install/robot_description/share/robot_description/meshes/collision/link4.obj
[20.671s] -- Up-to-date: /home/joel/robotica/visual_ws/install/robot_description/share/robot_description/meshes/collision/finger.obj
[20.671s] -- Up-to-date: /home/joel/robotica/visual_ws/install/robot_description/share/robot_description/meshes/collision/link5.obj
[20.671s] -- Up-to-date: /home/joel/robotica/visual_ws/install/robot_description/share/ament_index/resource_index/package_run_dependencies/robot_description
[20.672s] -- Installing: /home/joel/robotica/visual_ws/install/robot_description/share/ament_index/resource_index/parent_prefix_path/robot_description
[20.672s] -- Up-to-date: /home/joel/robotica/visual_ws/install/robot_description/share/robot_description/environment/ament_prefix_path.sh
[20.672s] -- Up-to-date: /home/joel/robotica/visual_ws/install/robot_description/share/robot_description/environment/ament_prefix_path.dsv
[20.672s] -- Up-to-date: /home/joel/robotica/visual_ws/install/robot_description/share/robot_description/environment/path.sh
[20.672s] -- Up-to-date: /home/joel/robotica/visual_ws/install/robot_description/share/robot_description/environment/path.dsv
[20.672s] -- Up-to-date: /home/joel/robotica/visual_ws/install/robot_description/share/robot_description/local_setup.bash
[20.672s] -- Up-to-date: /home/joel/robotica/visual_ws/install/robot_description/share/robot_description/local_setup.sh
[20.672s] -- Up-to-date: /home/joel/robotica/visual_ws/install/robot_description/share/robot_description/local_setup.zsh
[20.672s] -- Up-to-date: /home/joel/robotica/visual_ws/install/robot_description/share/robot_description/local_setup.dsv
[20.672s] -- Installing: /home/joel/robotica/visual_ws/install/robot_description/share/robot_description/package.dsv
[20.699s] -- Up-to-date: /home/joel/robotica/visual_ws/install/robot_description/share/ament_index/resource_index/packages/robot_description
[20.758s] -- Up-to-date: /home/joel/robotica/visual_ws/install/robot_description/share/robot_description/cmake/export_robot_description__rosidl_generator_cExport.cmake
[20.758s] -- Up-to-date: /home/joel/robotica/visual_ws/install/robot_description/share/robot_description/cmake/export_robot_description__rosidl_generator_cExport-noconfig.cmake
[20.758s] -- Up-to-date: /home/joel/robotica/visual_ws/install/robot_description/share/robot_description/cmake/export_robot_description__rosidl_typesupport_fastrtps_cExport.cmake
[20.758s] -- Up-to-date: /home/joel/robotica/visual_ws/install/robot_description/share/robot_description/cmake/export_robot_description__rosidl_typesupport_fastrtps_cExport-noconfig.cmake
[20.777s] -- Up-to-date: /home/joel/robotica/visual_ws/install/robot_description/share/robot_description/cmake/robot_description__rosidl_typesupport_introspection_cExport.cmake
[20.777s] -- Up-to-date: /home/joel/robotica/visual_ws/install/robot_description/share/robot_description/cmake/robot_description__rosidl_typesupport_introspection_cExport-noconfig.cmake
[20.777s] -- Up-to-date: /home/joel/robotica/visual_ws/install/robot_description/share/robot_description/cmake/robot_description__rosidl_typesupport_cExport.cmake
[20.777s] -- Up-to-date: /home/joel/robotica/visual_ws/install/robot_description/share/robot_description/cmake/robot_description__rosidl_typesupport_cExport-noconfig.cmake
[20.778s] -- Up-to-date: /home/joel/robotica/visual_ws/install/robot_description/share/robot_description/cmake/export_robot_description__rosidl_generator_cppExport.cmake
[20.779s] -- Up-to-date: /home/joel/robotica/visual_ws/install/robot_description/share/robot_description/cmake/export_robot_description__rosidl_typesupport_fastrtps_cppExport.cmake
[20.779s] -- Up-to-date: /home/joel/robotica/visual_ws/install/robot_description/share/robot_description/cmake/export_robot_description__rosidl_typesupport_fastrtps_cppExport-noconfig.cmake
[20.779s] -- Up-to-date: /home/joel/robotica/visual_ws/install/robot_description/share/robot_description/cmake/robot_description__rosidl_typesupport_introspection_cppExport.cmake
[20.779s] -- Up-to-date: /home/joel/robotica/visual_ws/install/robot_description/share/robot_description/cmake/robot_description__rosidl_typesupport_introspection_cppExport-noconfig.cmake
[20.789s] -- Up-to-date: /home/joel/robotica/visual_ws/install/robot_description/share/robot_description/cmake/robot_description__rosidl_typesupport_cppExport.cmake
[20.790s] -- Up-to-date: /home/joel/robotica/visual_ws/install/robot_description/share/robot_description/cmake/robot_description__rosidl_typesupport_cppExport-noconfig.cmake
[20.812s] -- Up-to-date: /home/joel/robotica/visual_ws/install/robot_description/share/robot_description/cmake/export_robot_description__rosidl_generator_pyExport.cmake
[20.812s] -- Up-to-date: /home/joel/robotica/visual_ws/install/robot_description/share/robot_description/cmake/export_robot_description__rosidl_generator_pyExport-noconfig.cmake
[20.813s] -- Up-to-date: /home/joel/robotica/visual_ws/install/robot_description/share/robot_description/cmake/rosidl_cmake-extras.cmake
[20.813s] -- Up-to-date: /home/joel/robotica/visual_ws/install/robot_description/share/robot_description/cmake/ament_cmake_export_dependencies-extras.cmake
[20.813s] -- Up-to-date: /home/joel/robotica/visual_ws/install/robot_description/share/robot_description/cmake/ament_cmake_export_include_directories-extras.cmake
[20.813s] -- Up-to-date: /home/joel/robotica/visual_ws/install/robot_description/share/robot_description/cmake/ament_cmake_export_libraries-extras.cmake
[20.813s] -- Up-to-date: /home/joel/robotica/visual_ws/install/robot_description/share/robot_description/cmake/ament_cmake_export_targets-extras.cmake
[20.813s] -- Up-to-date: /home/joel/robotica/visual_ws/install/robot_description/share/robot_description/cmake/rosidl_cmake_export_typesupport_targets-extras.cmake
[20.813s] -- Up-to-date: /home/joel/robotica/visual_ws/install/robot_description/share/robot_description/cmake/rosidl_cmake_export_typesupport_libraries-extras.cmake
[20.813s] -- Up-to-date: /home/joel/robotica/visual_ws/install/robot_description/share/robot_description/cmake/robot_descriptionConfig.cmake
[20.813s] -- Up-to-date: /home/joel/robotica/visual_ws/install/robot_description/share/robot_description/cmake/robot_descriptionConfig-version.cmake
[20.813s] -- Up-to-date: /home/joel/robotica/visual_ws/install/robot_description/share/robot_description/package.xml
[20.814s] Invoked command in '/home/joel/robotica/visual_ws/build/robot_description' returned '0': CMAKE_PREFIX_PATH=${CMAKE_PREFIX_PATH}:/opt/ros/jazzy DEBUGINFOD_URLS=https://debuginfod.ubuntu.com /usr/bin/cmake --install /home/joel/robotica/visual_ws/build/robot_description
