[0.010s] Invoking command in '/home/joel/robotica/visual_ws/build/robot_description': CMAKE_PREFIX_PATH=${CMAKE_PREFIX_PATH}:/home/joel/robotica/visual_ws/install/visual_pubsub:/opt/ros/jazzy DEBUGINFOD_URLS=https://debuginfod.ubuntu.com /usr/bin/cmake --build /home/joel/robotica/visual_ws/build/robot_description -- -j8 -l8
[0.028s] -- Found ament_cmake: 2.5.5 (/opt/ros/jazzy/share/ament_cmake/cmake)
[0.047s] -- Found Python3: /usr/bin/python3 (found version "3.12.3") found components: Interpreter 
[0.104s] -- Found rosidl_default_generators: 1.6.0 (/opt/ros/jazzy/share/rosidl_default_generators/cmake)
[0.105s] -- Using all available rosidl_typesupport_c: rosidl_typesupport_fastrtps_c;rosidl_typesupport_introspection_c
[0.129s] -- Using all available rosidl_typesupport_cpp: rosidl_typesupport_fastrtps_cpp;rosidl_typesupport_introspection_cpp
[0.147s] -- Found rosidl_adapter: 4.6.7 (/opt/ros/jazzy/share/rosidl_adapter/cmake)
[0.149s] -- Found std_msgs: 5.3.6 (/opt/ros/jazzy/share/std_msgs/cmake)
[0.355s] -- Found ament_cmake_ros: 0.12.0 (/opt/ros/jazzy/share/ament_cmake_ros/cmake)
[0.447s] -- Using all available rosidl_typesupport_c: rosidl_typesupport_fastrtps_c;rosidl_typesupport_introspection_c
[0.570s] -- Using all available rosidl_typesupport_cpp: rosidl_typesupport_fastrtps_cpp;rosidl_typesupport_introspection_cpp
[0.571s] -- Found python_cmake_module: 0.11.1 (/opt/ros/jazzy/share/python_cmake_module/cmake)
[0.760s] -- Found Python3: /usr/bin/python3 (found version "3.12.3") found components: Interpreter Development NumPy Development.Module Development.Embed 
[0.776s] -- Found ament_lint_auto: 0.17.4 (/opt/ros/jazzy/share/ament_lint_auto/cmake)
[0.780s] -- Configuring done (0.8s)
[0.802s] -- Generating done (0.0s)
[0.810s] -- Build files have been written to: /home/joel/robotica/visual_ws/build/robot_description
[0.836s] [  2%] Built target robot_description__rosidl_generator_type_description
[0.843s] [  2%] Built target ament_cmake_python_copy_robot_description
[0.850s] [  5%] Built target robot_description__cpp
[0.851s] [ 20%] Built target robot_description__rosidl_generator_c
[0.874s] [ 47%] Built target robot_description__rosidl_typesupport_c
[0.874s] [ 47%] Built target robot_description__rosidl_typesupport_introspection_c
[0.874s] [ 47%] Built target robot_description__rosidl_typesupport_cpp
[0.875s] [ 55%] Built target robot_description__rosidl_typesupport_introspection_cpp
[0.875s] [ 70%] Built target robot_description__rosidl_typesupport_fastrtps_cpp
[0.875s] [ 73%] Built target robot_description__rosidl_typesupport_fastrtps_c
[0.889s] [ 73%] Built target robot_description
[0.905s] [ 76%] Built target robot_description__py
[0.923s] [ 82%] Built target robot_description__rosidl_generator_py
[0.942s] [ 88%] Built target robot_description_s__rosidl_typesupport_fastrtps_c
[0.945s] [100%] Built target robot_description_s__rosidl_typesupport_c
[0.946s] [100%] Built target robot_description_s__rosidl_typesupport_introspection_c
[1.004s] running egg_info
[1.017s] writing robot_description.egg-info/PKG-INFO
[1.017s] writing dependency_links to robot_description.egg-info/dependency_links.txt
[1.017s] writing top-level names to robot_description.egg-info/top_level.txt
[1.052s] reading manifest file 'robot_description.egg-info/SOURCES.txt'
[1.052s] writing manifest file 'robot_description.egg-info/SOURCES.txt'
[1.072s] [100%] Built target ament_cmake_python_build_robot_description_egg
[1.081s] Invoked command in '/home/joel/robotica/visual_ws/build/robot_description' returned '0': CMAKE_PREFIX_PATH=${CMAKE_PREFIX_PATH}:/home/joel/robotica/visual_ws/install/visual_pubsub:/opt/ros/jazzy DEBUGINFOD_URLS=https://debuginfod.ubuntu.com /usr/bin/cmake --build /home/joel/robotica/visual_ws/build/robot_description -- -j8 -l8
[1.088s] Invoking command in '/home/joel/robotica/visual_ws/build/robot_description': CMAKE_PREFIX_PATH=${CMAKE_PREFIX_PATH}:/home/joel/robotica/visual_ws/install/visual_pubsub:/opt/ros/jazzy DEBUGINFOD_URLS=https://debuginfod.ubuntu.com /usr/bin/cmake --install /home/joel/robotica/visual_ws/build/robot_description
[1.094s] -- Install configuration: ""
[1.094s] -- Up-to-date: /home/joel/robotica/visual_ws/install/robot_description/share/ament_index/resource_index/rosidl_interfaces/robot_description
[1.094s] -- Up-to-date: /home/joel/robotica/visual_ws/install/robot_description/share/robot_description/msg/FilteredSensor.json
[1.094s] -- Up-to-date: /home/joel/robotica/visual_ws/install/robot_description/include/robot_description/robot_description
[1.094s] -- Up-to-date: /home/joel/robotica/visual_ws/install/robot_description/include/robot_description/robot_description/msg
[1.094s] -- Up-to-date: /home/joel/robotica/visual_ws/install/robot_description/include/robot_description/robot_description/msg/filtered_sensor.h
[1.094s] -- Up-to-date: /home/joel/robotica/visual_ws/install/robot_description/include/robot_description/robot_description/msg/detail
[1.094s] -- Up-to-date: /home/joel/robotica/visual_ws/install/robot_description/include/robot_description/robot_description/msg/detail/filtered_sensor__struct.h
[1.094s] -- Up-to-date: /home/joel/robotica/visual_ws/install/robot_description/include/robot_description/robot_description/msg/detail/filtered_sensor__functions.h
[1.095s] -- Up-to-date: /home/joel/robotica/visual_ws/install/robot_description/include/robot_description/robot_description/msg/detail/filtered_sensor__functions.c
[1.095s] -- Up-to-date: /home/joel/robotica/visual_ws/install/robot_description/include/robot_description/robot_description/msg/detail/filtered_sensor__description.c
[1.095s] -- Up-to-date: /home/joel/robotica/visual_ws/install/robot_description/include/robot_description/robot_description/msg/detail/filtered_sensor__type_support.h
[1.095s] -- Up-to-date: /home/joel/robotica/visual_ws/install/robot_description/include/robot_description/robot_description/msg/detail/filtered_sensor__type_support.c
[1.095s] -- Up-to-date: /home/joel/robotica/visual_ws/install/robot_description/include/robot_description/robot_description/msg/rosidl_generator_c__visibility_control.h
[1.095s] -- Up-to-date: /home/joel/robotica/visual_ws/install/robot_description/share/robot_description/environment/library_path.sh
[1.095s] -- Up-to-date: /home/joel/robotica/visual_ws/install/robot_description/share/robot_description/environment/library_path.dsv
[1.095s] -- Up-to-date: /home/joel/robotica/visual_ws/install/robot_description/lib/librobot_description__rosidl_generator_c.so
[1.095s] -- Up-to-date: /home/joel/robotica/visual_ws/install/robot_description/include/robot_description/robot_description
[1.095s] -- Up-to-date: /home/joel/robotica/visual_ws/install/robot_description/include/robot_description/robot_description/msg
[1.095s] -- Up-to-date: /home/joel/robotica/visual_ws/install/robot_description/include/robot_description/robot_description/msg/detail
[1.095s] -- Up-to-date: /home/joel/robotica/visual_ws/install/robot_description/include/robot_description/robot_description/msg/detail/filtered_sensor__rosidl_typesupport_fastrtps_c.h
[1.095s] -- Up-to-date: /home/joel/robotica/visual_ws/install/robot_description/include/robot_description/robot_description/msg/rosidl_typesupport_fastrtps_c__visibility_control.h
[1.095s] -- Up-to-date: /home/joel/robotica/visual_ws/install/robot_description/lib/librobot_description__rosidl_typesupport_fastrtps_c.so
[1.096s] -- Up-to-date: /home/joel/robotica/visual_ws/install/robot_description/include/robot_description/robot_description
[1.096s] -- Up-to-date: /home/joel/robotica/visual_ws/install/robot_description/include/robot_description/robot_description/msg
[1.096s] -- Up-to-date: /home/joel/robotica/visual_ws/install/robot_description/include/robot_description/robot_description/msg/detail
[1.096s] -- Up-to-date: /home/joel/robotica/visual_ws/install/robot_description/include/robot_description/robot_description/msg/detail/filtered_sensor__rosidl_typesupport_introspection_c.h
[1.096s] -- Up-to-date: /home/joel/robotica/visual_ws/install/robot_description/include/robot_description/robot_description/msg/detail/filtered_sensor__type_support.c
[1.096s] -- Up-to-date: /home/joel/robotica/visual_ws/install/robot_description/include/robot_description/robot_description/msg/rosidl_typesupport_introspection_c__visibility_control.h
[1.096s] -- Up-to-date: /home/joel/robotica/visual_ws/install/robot_description/lib/librobot_description__rosidl_typesupport_introspection_c.so
[1.096s] -- Up-to-date: /home/joel/robotica/visual_ws/install/robot_description/lib/librobot_description__rosidl_typesupport_c.so
[1.096s] -- Up-to-date: /home/joel/robotica/visual_ws/install/robot_description/include/robot_description/robot_description
[1.096s] -- Up-to-date: /home/joel/robotica/visual_ws/install/robot_description/include/robot_description/robot_description/msg
[1.096s] -- Up-to-date: /home/joel/robotica/visual_ws/install/robot_description/include/robot_description/robot_description/msg/rosidl_generator_cpp__visibility_control.hpp
[1.096s] -- Up-to-date: /home/joel/robotica/visual_ws/install/robot_description/include/robot_description/robot_description/msg/filtered_sensor.hpp
[1.096s] -- Up-to-date: /home/joel/robotica/visual_ws/install/robot_description/include/robot_description/robot_description/msg/detail
[1.097s] -- Up-to-date: /home/joel/robotica/visual_ws/install/robot_description/include/robot_description/robot_description/msg/detail/filtered_sensor__builder.hpp
[1.097s] -- Up-to-date: /home/joel/robotica/visual_ws/install/robot_description/include/robot_description/robot_description/msg/detail/filtered_sensor__struct.hpp
[1.097s] -- Up-to-date: /home/joel/robotica/visual_ws/install/robot_description/include/robot_description/robot_description/msg/detail/filtered_sensor__type_support.hpp
[1.097s] -- Up-to-date: /home/joel/robotica/visual_ws/install/robot_description/include/robot_description/robot_description/msg/detail/filtered_sensor__traits.hpp
[1.097s] -- Up-to-date: /home/joel/robotica/visual_ws/install/robot_description/include/robot_description/robot_description
[1.097s] -- Up-to-date: /home/joel/robotica/visual_ws/install/robot_description/include/robot_description/robot_description/msg
[1.097s] -- Up-to-date: /home/joel/robotica/visual_ws/install/robot_description/include/robot_description/robot_description/msg/detail
[1.097s] -- Up-to-date: /home/joel/robotica/visual_ws/install/robot_description/include/robot_description/robot_description/msg/detail/dds_fastrtps
[1.097s] -- Up-to-date: /home/joel/robotica/visual_ws/install/robot_description/include/robot_description/robot_description/msg/detail/filtered_sensor__rosidl_typesupport_fastrtps_cpp.hpp
[1.097s] -- Up-to-date: /home/joel/robotica/visual_ws/install/robot_description/include/robot_description/robot_description/msg/rosidl_typesupport_fastrtps_cpp__visibility_control.h
[1.097s] -- Up-to-date: /home/joel/robotica/visual_ws/install/robot_description/lib/librobot_description__rosidl_typesupport_fastrtps_cpp.so
[1.097s] -- Up-to-date: /home/joel/robotica/visual_ws/install/robot_description/include/robot_description/robot_description
[1.097s] -- Up-to-date: /home/joel/robotica/visual_ws/install/robot_description/include/robot_description/robot_description/msg
[1.097s] -- Up-to-date: /home/joel/robotica/visual_ws/install/robot_description/include/robot_description/robot_description/msg/detail
[1.098s] -- Up-to-date: /home/joel/robotica/visual_ws/install/robot_description/include/robot_description/robot_description/msg/detail/filtered_sensor__rosidl_typesupport_introspection_cpp.hpp
[1.098s] -- Up-to-date: /home/joel/robotica/visual_ws/install/robot_description/include/robot_description/robot_description/msg/detail/filtered_sensor__type_support.cpp
[1.098s] -- Up-to-date: /home/joel/robotica/visual_ws/install/robot_description/lib/librobot_description__rosidl_typesupport_introspection_cpp.so
[1.098s] -- Up-to-date: /home/joel/robotica/visual_ws/install/robot_description/lib/librobot_description__rosidl_typesupport_cpp.so
[1.098s] -- Up-to-date: /home/joel/robotica/visual_ws/install/robot_description/share/robot_description/environment/pythonpath.sh
[1.098s] -- Up-to-date: /home/joel/robotica/visual_ws/install/robot_description/share/robot_description/environment/pythonpath.dsv
[1.098s] -- Up-to-date: /home/joel/robotica/visual_ws/install/robot_description/lib/python3.12/site-packages/robot_description-0.0.0-py3.12.egg-info
[1.098s] -- Installing: /home/joel/robotica/visual_ws/install/robot_description/lib/python3.12/site-packages/robot_description-0.0.0-py3.12.egg-info/top_level.txt
[1.098s] -- Installing: /home/joel/robotica/visual_ws/install/robot_description/lib/python3.12/site-packages/robot_description-0.0.0-py3.12.egg-info/PKG-INFO
[1.098s] -- Installing: /home/joel/robotica/visual_ws/install/robot_description/lib/python3.12/site-packages/robot_description-0.0.0-py3.12.egg-info/SOURCES.txt
[1.098s] -- Installing: /home/joel/robotica/visual_ws/install/robot_description/lib/python3.12/site-packages/robot_description-0.0.0-py3.12.egg-info/dependency_links.txt
[1.098s] -- Up-to-date: /home/joel/robotica/visual_ws/install/robot_description/lib/python3.12/site-packages/robot_description
[1.098s] -- Up-to-date: /home/joel/robotica/visual_ws/install/robot_description/lib/python3.12/site-packages/robot_description/robot_description_s__rosidl_typesupport_introspection_c.so
[1.098s] -- Up-to-date: /home/joel/robotica/visual_ws/install/robot_description/lib/python3.12/site-packages/robot_description/_robot_description_s.ep.rosidl_typesupport_c.c
[1.098s] -- Up-to-date: /home/joel/robotica/visual_ws/install/robot_description/lib/python3.12/site-packages/robot_description/msg
[1.098s] -- Up-to-date: /home/joel/robotica/visual_ws/install/robot_description/lib/python3.12/site-packages/robot_description/msg/_filtered_sensor.py
[1.098s] -- Up-to-date: /home/joel/robotica/visual_ws/install/robot_description/lib/python3.12/site-packages/robot_description/msg/_filtered_sensor_s.c
[1.098s] -- Up-to-date: /home/joel/robotica/visual_ws/install/robot_description/lib/python3.12/site-packages/robot_description/msg/__init__.py
[1.098s] -- Up-to-date: /home/joel/robotica/visual_ws/install/robot_description/lib/python3.12/site-packages/robot_description/robot_description_s__rosidl_typesupport_c.so
[1.098s] -- Installing: /home/joel/robotica/visual_ws/install/robot_description/lib/python3.12/site-packages/robot_description/__init__.py
[1.098s] -- Up-to-date: /home/joel/robotica/visual_ws/install/robot_description/lib/python3.12/site-packages/robot_description/_robot_description_s.ep.rosidl_typesupport_fastrtps_c.c
[1.099s] -- Up-to-date: /home/joel/robotica/visual_ws/install/robot_description/lib/python3.12/site-packages/robot_description/robot_description_s__rosidl_typesupport_fastrtps_c.so
[1.099s] -- Up-to-date: /home/joel/robotica/visual_ws/install/robot_description/lib/python3.12/site-packages/robot_description/_robot_description_s.ep.rosidl_typesupport_introspection_c.c
[1.123s] Listing '/home/joel/robotica/visual_ws/install/robot_description/lib/python3.12/site-packages/robot_description'...
[1.123s] Compiling '/home/joel/robotica/visual_ws/install/robot_description/lib/python3.12/site-packages/robot_description/__init__.py'...
[1.123s] Listing '/home/joel/robotica/visual_ws/install/robot_description/lib/python3.12/site-packages/robot_description/msg'...
[1.127s] -- Up-to-date: /home/joel/robotica/visual_ws/install/robot_description/lib/python3.12/site-packages/robot_description/robot_description_s__rosidl_typesupport_fastrtps_c.so
[1.127s] -- Up-to-date: /home/joel/robotica/visual_ws/install/robot_description/lib/python3.12/site-packages/robot_description/robot_description_s__rosidl_typesupport_introspection_c.so
[1.127s] -- Up-to-date: /home/joel/robotica/visual_ws/install/robot_description/lib/python3.12/site-packages/robot_description/robot_description_s__rosidl_typesupport_c.so
[1.127s] -- Up-to-date: /home/joel/robotica/visual_ws/install/robot_description/lib/librobot_description__rosidl_generator_py.so
[1.128s] -- Up-to-date: /home/joel/robotica/visual_ws/install/robot_description/share/robot_description/msg/FilteredSensor.idl
[1.128s] -- Up-to-date: /home/joel/robotica/visual_ws/install/robot_description/share/robot_description/msg/FilteredSensor.msg
[1.128s] -- Up-to-date: /home/joel/robotica/visual_ws/install/robot_description/share/robot_description/launch
[1.128s] -- Up-to-date: /home/joel/robotica/visual_ws/install/robot_description/share/robot_description/launch/robot_a.launch.py
[1.128s] -- Up-to-date: /home/joel/robotica/visual_ws/install/robot_description/share/robot_description/launch/robotbio.launch.py
[1.128s] -- Up-to-date: /home/joel/robotica/visual_ws/install/robot_description/share/robot_description/urdf
[1.128s] -- Up-to-date: /home/joel/robotica/visual_ws/install/robot_description/share/robot_description/urdf/Examen1.urdf
[1.128s] -- Up-to-date: /home/joel/robotica/visual_ws/install/robot_description/share/robot_description/urdf/Examen2.urdf
[1.128s] -- Up-to-date: /home/joel/robotica/visual_ws/install/robot_description/share/robot_description/rviz
[1.128s] -- Up-to-date: /home/joel/robotica/visual_ws/install/robot_description/share/robot_description/rviz/urdf.rviz
[1.128s] -- Up-to-date: /home/joel/robotica/visual_ws/install/robot_description/share/robot_description/meshes
[1.128s] -- Up-to-date: /home/joel/robotica/visual_ws/install/robot_description/share/robot_description/meshes/visual
[1.128s] -- Up-to-date: /home/joel/robotica/visual_ws/install/robot_description/share/robot_description/meshes/visual/finger.dae
[1.128s] -- Up-to-date: /home/joel/robotica/visual_ws/install/robot_description/share/robot_description/meshes/visual/link5.dae
[1.129s] -- Up-to-date: /home/joel/robotica/visual_ws/install/robot_description/share/robot_description/meshes/visual/link7.dae
[1.129s] -- Up-to-date: /home/joel/robotica/visual_ws/install/robot_description/share/robot_description/meshes/visual/link3.dae
[1.129s] -- Up-to-date: /home/joel/robotica/visual_ws/install/robot_description/share/robot_description/meshes/visual/link2.dae
[1.129s] -- Up-to-date: /home/joel/robotica/visual_ws/install/robot_description/share/robot_description/meshes/visual/link1.dae
[1.129s] -- Up-to-date: /home/joel/robotica/visual_ws/install/robot_description/share/robot_description/meshes/visual/link0.dae
[1.129s] -- Up-to-date: /home/joel/robotica/visual_ws/install/robot_description/share/robot_description/meshes/visual/link4.dae
[1.129s] -- Up-to-date: /home/joel/robotica/visual_ws/install/robot_description/share/robot_description/meshes/visual/hand.dae
[1.129s] -- Up-to-date: /home/joel/robotica/visual_ws/install/robot_description/share/robot_description/meshes/visual/link6.dae
[1.129s] -- Up-to-date: /home/joel/robotica/visual_ws/install/robot_description/share/robot_description/meshes/collision
[1.129s] -- Up-to-date: /home/joel/robotica/visual_ws/install/robot_description/share/robot_description/meshes/collision/link0.obj
[1.129s] -- Up-to-date: /home/joel/robotica/visual_ws/install/robot_description/share/robot_description/meshes/collision/link2.obj
[1.129s] -- Up-to-date: /home/joel/robotica/visual_ws/install/robot_description/share/robot_description/meshes/collision/hand.obj
[1.129s] -- Up-to-date: /home/joel/robotica/visual_ws/install/robot_description/share/robot_description/meshes/collision/link7.obj
[1.129s] -- Up-to-date: /home/joel/robotica/visual_ws/install/robot_description/share/robot_description/meshes/collision/link3.obj
[1.129s] -- Up-to-date: /home/joel/robotica/visual_ws/install/robot_description/share/robot_description/meshes/collision/link6.obj
[1.129s] -- Up-to-date: /home/joel/robotica/visual_ws/install/robot_description/share/robot_description/meshes/collision/link1.obj
[1.129s] -- Up-to-date: /home/joel/robotica/visual_ws/install/robot_description/share/robot_description/meshes/collision/link4.obj
[1.129s] -- Up-to-date: /home/joel/robotica/visual_ws/install/robot_description/share/robot_description/meshes/collision/finger.obj
[1.129s] -- Up-to-date: /home/joel/robotica/visual_ws/install/robot_description/share/robot_description/meshes/collision/link5.obj
[1.129s] -- Up-to-date: /home/joel/robotica/visual_ws/install/robot_description/share/ament_index/resource_index/package_run_dependencies/robot_description
[1.130s] -- Up-to-date: /home/joel/robotica/visual_ws/install/robot_description/share/ament_index/resource_index/parent_prefix_path/robot_description
[1.130s] -- Up-to-date: /home/joel/robotica/visual_ws/install/robot_description/share/robot_description/environment/ament_prefix_path.sh
[1.130s] -- Up-to-date: /home/joel/robotica/visual_ws/install/robot_description/share/robot_description/environment/ament_prefix_path.dsv
[1.130s] -- Up-to-date: /home/joel/robotica/visual_ws/install/robot_description/share/robot_description/environment/path.sh
[1.130s] -- Up-to-date: /home/joel/robotica/visual_ws/install/robot_description/share/robot_description/environment/path.dsv
[1.130s] -- Up-to-date: /home/joel/robotica/visual_ws/install/robot_description/share/robot_description/local_setup.bash
[1.130s] -- Up-to-date: /home/joel/robotica/visual_ws/install/robot_description/share/robot_description/local_setup.sh
[1.130s] -- Up-to-date: /home/joel/robotica/visual_ws/install/robot_description/share/robot_description/local_setup.zsh
[1.130s] -- Up-to-date: /home/joel/robotica/visual_ws/install/robot_description/share/robot_description/local_setup.dsv
[1.130s] -- Installing: /home/joel/robotica/visual_ws/install/robot_description/share/robot_description/package.dsv
[1.130s] -- Up-to-date: /home/joel/robotica/visual_ws/install/robot_description/share/ament_index/resource_index/packages/robot_description
[1.130s] -- Up-to-date: /home/joel/robotica/visual_ws/install/robot_description/share/robot_description/cmake/export_robot_description__rosidl_generator_cExport.cmake
[1.130s] -- Up-to-date: /home/joel/robotica/visual_ws/install/robot_description/share/robot_description/cmake/export_robot_description__rosidl_generator_cExport-noconfig.cmake
[1.130s] -- Up-to-date: /home/joel/robotica/visual_ws/install/robot_description/share/robot_description/cmake/export_robot_description__rosidl_typesupport_fastrtps_cExport.cmake
[1.130s] -- Up-to-date: /home/joel/robotica/visual_ws/install/robot_description/share/robot_description/cmake/export_robot_description__rosidl_typesupport_fastrtps_cExport-noconfig.cmake
[1.130s] -- Up-to-date: /home/joel/robotica/visual_ws/install/robot_description/share/robot_description/cmake/robot_description__rosidl_typesupport_introspection_cExport.cmake
[1.130s] -- Up-to-date: /home/joel/robotica/visual_ws/install/robot_description/share/robot_description/cmake/robot_description__rosidl_typesupport_introspection_cExport-noconfig.cmake
[1.130s] -- Up-to-date: /home/joel/robotica/visual_ws/install/robot_description/share/robot_description/cmake/robot_description__rosidl_typesupport_cExport.cmake
[1.130s] -- Up-to-date: /home/joel/robotica/visual_ws/install/robot_description/share/robot_description/cmake/robot_description__rosidl_typesupport_cExport-noconfig.cmake
[1.131s] -- Up-to-date: /home/joel/robotica/visual_ws/install/robot_description/share/robot_description/cmake/export_robot_description__rosidl_generator_cppExport.cmake
[1.131s] -- Up-to-date: /home/joel/robotica/visual_ws/install/robot_description/share/robot_description/cmake/export_robot_description__rosidl_typesupport_fastrtps_cppExport.cmake
[1.131s] -- Up-to-date: /home/joel/robotica/visual_ws/install/robot_description/share/robot_description/cmake/export_robot_description__rosidl_typesupport_fastrtps_cppExport-noconfig.cmake
[1.131s] -- Up-to-date: /home/joel/robotica/visual_ws/install/robot_description/share/robot_description/cmake/robot_description__rosidl_typesupport_introspection_cppExport.cmake
[1.131s] -- Up-to-date: /home/joel/robotica/visual_ws/install/robot_description/share/robot_description/cmake/robot_description__rosidl_typesupport_introspection_cppExport-noconfig.cmake
[1.131s] -- Up-to-date: /home/joel/robotica/visual_ws/install/robot_description/share/robot_description/cmake/robot_description__rosidl_typesupport_cppExport.cmake
[1.131s] -- Up-to-date: /home/joel/robotica/visual_ws/install/robot_description/share/robot_description/cmake/robot_description__rosidl_typesupport_cppExport-noconfig.cmake
[1.131s] -- Up-to-date: /home/joel/robotica/visual_ws/install/robot_description/share/robot_description/cmake/export_robot_description__rosidl_generator_pyExport.cmake
[1.131s] -- Up-to-date: /home/joel/robotica/visual_ws/install/robot_description/share/robot_description/cmake/export_robot_description__rosidl_generator_pyExport-noconfig.cmake
[1.131s] -- Up-to-date: /home/joel/robotica/visual_ws/install/robot_description/share/robot_description/cmake/rosidl_cmake-extras.cmake
[1.131s] -- Up-to-date: /home/joel/robotica/visual_ws/install/robot_description/share/robot_description/cmake/ament_cmake_export_dependencies-extras.cmake
[1.131s] -- Up-to-date: /home/joel/robotica/visual_ws/install/robot_description/share/robot_description/cmake/ament_cmake_export_include_directories-extras.cmake
[1.131s] -- Up-to-date: /home/joel/robotica/visual_ws/install/robot_description/share/robot_description/cmake/ament_cmake_export_libraries-extras.cmake
[1.131s] -- Up-to-date: /home/joel/robotica/visual_ws/install/robot_description/share/robot_description/cmake/ament_cmake_export_targets-extras.cmake
[1.131s] -- Up-to-date: /home/joel/robotica/visual_ws/install/robot_description/share/robot_description/cmake/rosidl_cmake_export_typesupport_targets-extras.cmake
[1.131s] -- Up-to-date: /home/joel/robotica/visual_ws/install/robot_description/share/robot_description/cmake/rosidl_cmake_export_typesupport_libraries-extras.cmake
[1.131s] -- Up-to-date: /home/joel/robotica/visual_ws/install/robot_description/share/robot_description/cmake/robot_descriptionConfig.cmake
[1.131s] -- Up-to-date: /home/joel/robotica/visual_ws/install/robot_description/share/robot_description/cmake/robot_descriptionConfig-version.cmake
[1.131s] -- Up-to-date: /home/joel/robotica/visual_ws/install/robot_description/share/robot_description/package.xml
[1.132s] Invoked command in '/home/joel/robotica/visual_ws/build/robot_description' returned '0': CMAKE_PREFIX_PATH=${CMAKE_PREFIX_PATH}:/home/joel/robotica/visual_ws/install/visual_pubsub:/opt/ros/jazzy DEBUGINFOD_URLS=https://debuginfod.ubuntu.com /usr/bin/cmake --install /home/joel/robotica/visual_ws/build/robot_description
