[0.010s] Invoking command in '/home/joel/robotica/visual_ws/build/robot_description': CMAKE_PREFIX_PATH=${CMAKE_PREFIX_PATH}:/home/joel/robotica/visual_ws/install/visual_pubsub:/opt/ros/jazzy DEBUGINFOD_URLS=https://debuginfod.ubuntu.com /usr/bin/cmake --build /home/joel/robotica/visual_ws/build/robot_description -- -j8 -l8
[0.046s] [  2%] Built target robot_description__rosidl_generator_type_description
[0.053s] [  2%] Built target ament_cmake_python_copy_robot_description
[0.061s] [ 11%] Built target robot_description__cpp
[0.061s] [ 20%] Built target robot_description__rosidl_generator_c
[0.084s] [ 55%] Built target robot_description__rosidl_typesupport_cpp
[0.084s] [ 55%] Built target robot_description__rosidl_typesupport_introspection_c
[0.084s] [ 55%] Built target robot_description__rosidl_typesupport_c
[0.084s] [ 55%] Built target robot_description__rosidl_typesupport_fastrtps_c
[0.084s] [ 64%] Built target robot_description__rosidl_typesupport_introspection_cpp
[0.085s] [ 73%] Built target robot_description__rosidl_typesupport_fastrtps_cpp
[0.100s] [ 73%] Built target robot_description
[0.116s] [ 76%] Built target robot_description__py
[0.132s] [ 82%] Built target robot_description__rosidl_generator_py
[0.149s] [ 88%] Built target robot_description_s__rosidl_typesupport_introspection_c
[0.150s] [ 94%] Built target robot_description_s__rosidl_typesupport_fastrtps_c
[0.153s] [100%] Built target robot_description_s__rosidl_typesupport_c
[0.216s] running egg_info
[0.229s] writing robot_description.egg-info/PKG-INFO
[0.229s] writing dependency_links to robot_description.egg-info/dependency_links.txt
[0.229s] writing top-level names to robot_description.egg-info/top_level.txt
[0.265s] reading manifest file 'robot_description.egg-info/SOURCES.txt'
[0.265s] writing manifest file 'robot_description.egg-info/SOURCES.txt'
[0.284s] [100%] Built target ament_cmake_python_build_robot_description_egg
[0.293s] Invoked command in '/home/joel/robotica/visual_ws/build/robot_description' returned '0': CMAKE_PREFIX_PATH=${CMAKE_PREFIX_PATH}:/home/joel/robotica/visual_ws/install/visual_pubsub:/opt/ros/jazzy DEBUGINFOD_URLS=https://debuginfod.ubuntu.com /usr/bin/cmake --build /home/joel/robotica/visual_ws/build/robot_description -- -j8 -l8
[0.300s] Invoking command in '/home/joel/robotica/visual_ws/build/robot_description': CMAKE_PREFIX_PATH=${CMAKE_PREFIX_PATH}:/home/joel/robotica/visual_ws/install/visual_pubsub:/opt/ros/jazzy DEBUGINFOD_URLS=https://debuginfod.ubuntu.com /usr/bin/cmake --install /home/joel/robotica/visual_ws/build/robot_description
[0.307s] -- Install configuration: ""
[0.307s] -- Up-to-date: /home/joel/robotica/visual_ws/install/robot_description/share/ament_index/resource_index/rosidl_interfaces/robot_description
[0.307s] -- Up-to-date: /home/joel/robotica/visual_ws/install/robot_description/share/robot_description/msg/FilteredSensor.json
[0.307s] -- Up-to-date: /home/joel/robotica/visual_ws/install/robot_description/include/robot_description/robot_description
[0.307s] -- Up-to-date: /home/joel/robotica/visual_ws/install/robot_description/include/robot_description/robot_description/msg
[0.307s] -- Up-to-date: /home/joel/robotica/visual_ws/install/robot_description/include/robot_description/robot_description/msg/filtered_sensor.h
[0.308s] -- Up-to-date: /home/joel/robotica/visual_ws/install/robot_description/include/robot_description/robot_description/msg/detail
[0.308s] -- Up-to-date: /home/joel/robotica/visual_ws/install/robot_description/include/robot_description/robot_description/msg/detail/filtered_sensor__struct.h
[0.308s] -- Up-to-date: /home/joel/robotica/visual_ws/install/robot_description/include/robot_description/robot_description/msg/detail/filtered_sensor__functions.h
[0.308s] -- Up-to-date: /home/joel/robotica/visual_ws/install/robot_description/include/robot_description/robot_description/msg/detail/filtered_sensor__functions.c
[0.308s] -- Up-to-date: /home/joel/robotica/visual_ws/install/robot_description/include/robot_description/robot_description/msg/detail/filtered_sensor__description.c
[0.308s] -- Up-to-date: /home/joel/robotica/visual_ws/install/robot_description/include/robot_description/robot_description/msg/detail/filtered_sensor__type_support.h
[0.308s] -- Up-to-date: /home/joel/robotica/visual_ws/install/robot_description/include/robot_description/robot_description/msg/detail/filtered_sensor__type_support.c
[0.308s] -- Up-to-date: /home/joel/robotica/visual_ws/install/robot_description/include/robot_description/robot_description/msg/rosidl_generator_c__visibility_control.h
[0.308s] -- Up-to-date: /home/joel/robotica/visual_ws/install/robot_description/share/robot_description/environment/library_path.sh
[0.308s] -- Up-to-date: /home/joel/robotica/visual_ws/install/robot_description/share/robot_description/environment/library_path.dsv
[0.308s] -- Up-to-date: /home/joel/robotica/visual_ws/install/robot_description/lib/librobot_description__rosidl_generator_c.so
[0.308s] -- Up-to-date: /home/joel/robotica/visual_ws/install/robot_description/include/robot_description/robot_description
[0.308s] -- Up-to-date: /home/joel/robotica/visual_ws/install/robot_description/include/robot_description/robot_description/msg
[0.308s] -- Up-to-date: /home/joel/robotica/visual_ws/install/robot_description/include/robot_description/robot_description/msg/detail
[0.308s] -- Up-to-date: /home/joel/robotica/visual_ws/install/robot_description/include/robot_description/robot_description/msg/detail/filtered_sensor__rosidl_typesupport_fastrtps_c.h
[0.308s] -- Up-to-date: /home/joel/robotica/visual_ws/install/robot_description/include/robot_description/robot_description/msg/rosidl_typesupport_fastrtps_c__visibility_control.h
[0.308s] -- Up-to-date: /home/joel/robotica/visual_ws/install/robot_description/lib/librobot_description__rosidl_typesupport_fastrtps_c.so
[0.308s] -- Up-to-date: /home/joel/robotica/visual_ws/install/robot_description/include/robot_description/robot_description
[0.308s] -- Up-to-date: /home/joel/robotica/visual_ws/install/robot_description/include/robot_description/robot_description/msg
[0.308s] -- Up-to-date: /home/joel/robotica/visual_ws/install/robot_description/include/robot_description/robot_description/msg/detail
[0.309s] -- Up-to-date: /home/joel/robotica/visual_ws/install/robot_description/include/robot_description/robot_description/msg/detail/filtered_sensor__rosidl_typesupport_introspection_c.h
[0.309s] -- Up-to-date: /home/joel/robotica/visual_ws/install/robot_description/include/robot_description/robot_description/msg/detail/filtered_sensor__type_support.c
[0.309s] -- Up-to-date: /home/joel/robotica/visual_ws/install/robot_description/include/robot_description/robot_description/msg/rosidl_typesupport_introspection_c__visibility_control.h
[0.309s] -- Up-to-date: /home/joel/robotica/visual_ws/install/robot_description/lib/librobot_description__rosidl_typesupport_introspection_c.so
[0.309s] -- Up-to-date: /home/joel/robotica/visual_ws/install/robot_description/lib/librobot_description__rosidl_typesupport_c.so
[0.309s] -- Up-to-date: /home/joel/robotica/visual_ws/install/robot_description/include/robot_description/robot_description
[0.309s] -- Up-to-date: /home/joel/robotica/visual_ws/install/robot_description/include/robot_description/robot_description/msg
[0.309s] -- Up-to-date: /home/joel/robotica/visual_ws/install/robot_description/include/robot_description/robot_description/msg/rosidl_generator_cpp__visibility_control.hpp
[0.309s] -- Up-to-date: /home/joel/robotica/visual_ws/install/robot_description/include/robot_description/robot_description/msg/filtered_sensor.hpp
[0.309s] -- Up-to-date: /home/joel/robotica/visual_ws/install/robot_description/include/robot_description/robot_description/msg/detail
[0.309s] -- Up-to-date: /home/joel/robotica/visual_ws/install/robot_description/include/robot_description/robot_description/msg/detail/filtered_sensor__builder.hpp
[0.309s] -- Up-to-date: /home/joel/robotica/visual_ws/install/robot_description/include/robot_description/robot_description/msg/detail/filtered_sensor__struct.hpp
[0.309s] -- Up-to-date: /home/joel/robotica/visual_ws/install/robot_description/include/robot_description/robot_description/msg/detail/filtered_sensor__type_support.hpp
[0.309s] -- Up-to-date: /home/joel/robotica/visual_ws/install/robot_description/include/robot_description/robot_description/msg/detail/filtered_sensor__traits.hpp
[0.309s] -- Up-to-date: /home/joel/robotica/visual_ws/install/robot_description/include/robot_description/robot_description
[0.309s] -- Up-to-date: /home/joel/robotica/visual_ws/install/robot_description/include/robot_description/robot_description/msg
[0.309s] -- Up-to-date: /home/joel/robotica/visual_ws/install/robot_description/include/robot_description/robot_description/msg/detail
[0.309s] -- Up-to-date: /home/joel/robotica/visual_ws/install/robot_description/include/robot_description/robot_description/msg/detail/dds_fastrtps
[0.309s] -- Up-to-date: /home/joel/robotica/visual_ws/install/robot_description/include/robot_description/robot_description/msg/detail/filtered_sensor__rosidl_typesupport_fastrtps_cpp.hpp
[0.309s] -- Up-to-date: /home/joel/robotica/visual_ws/install/robot_description/include/robot_description/robot_description/msg/rosidl_typesupport_fastrtps_cpp__visibility_control.h
[0.309s] -- Up-to-date: /home/joel/robotica/visual_ws/install/robot_description/lib/librobot_description__rosidl_typesupport_fastrtps_cpp.so
[0.310s] -- Up-to-date: /home/joel/robotica/visual_ws/install/robot_description/include/robot_description/robot_description
[0.310s] -- Up-to-date: /home/joel/robotica/visual_ws/install/robot_description/include/robot_description/robot_description/msg
[0.310s] -- Up-to-date: /home/joel/robotica/visual_ws/install/robot_description/include/robot_description/robot_description/msg/detail
[0.310s] -- Up-to-date: /home/joel/robotica/visual_ws/install/robot_description/include/robot_description/robot_description/msg/detail/filtered_sensor__rosidl_typesupport_introspection_cpp.hpp
[0.310s] -- Up-to-date: /home/joel/robotica/visual_ws/install/robot_description/include/robot_description/robot_description/msg/detail/filtered_sensor__type_support.cpp
[0.310s] -- Up-to-date: /home/joel/robotica/visual_ws/install/robot_description/lib/librobot_description__rosidl_typesupport_introspection_cpp.so
[0.310s] -- Up-to-date: /home/joel/robotica/visual_ws/install/robot_description/lib/librobot_description__rosidl_typesupport_cpp.so
[0.310s] -- Up-to-date: /home/joel/robotica/visual_ws/install/robot_description/share/robot_description/environment/pythonpath.sh
[0.310s] -- Up-to-date: /home/joel/robotica/visual_ws/install/robot_description/share/robot_description/environment/pythonpath.dsv
[0.310s] -- Up-to-date: /home/joel/robotica/visual_ws/install/robot_description/lib/python3.12/site-packages/robot_description-0.0.0-py3.12.egg-info
[0.310s] -- Installing: /home/joel/robotica/visual_ws/install/robot_description/lib/python3.12/site-packages/robot_description-0.0.0-py3.12.egg-info/top_level.txt
[0.310s] -- Installing: /home/joel/robotica/visual_ws/install/robot_description/lib/python3.12/site-packages/robot_description-0.0.0-py3.12.egg-info/PKG-INFO
[0.310s] -- Installing: /home/joel/robotica/visual_ws/install/robot_description/lib/python3.12/site-packages/robot_description-0.0.0-py3.12.egg-info/SOURCES.txt
[0.310s] -- Installing: /home/joel/robotica/visual_ws/install/robot_description/lib/python3.12/site-packages/robot_description-0.0.0-py3.12.egg-info/dependency_links.txt
[0.310s] -- Up-to-date: /home/joel/robotica/visual_ws/install/robot_description/lib/python3.12/site-packages/robot_description
[0.310s] -- Up-to-date: /home/joel/robotica/visual_ws/install/robot_description/lib/python3.12/site-packages/robot_description/robot_description_s__rosidl_typesupport_introspection_c.so
[0.310s] -- Up-to-date: /home/joel/robotica/visual_ws/install/robot_description/lib/python3.12/site-packages/robot_description/_robot_description_s.ep.rosidl_typesupport_c.c
[0.310s] -- Up-to-date: /home/joel/robotica/visual_ws/install/robot_description/lib/python3.12/site-packages/robot_description/msg
[0.310s] -- Up-to-date: /home/joel/robotica/visual_ws/install/robot_description/lib/python3.12/site-packages/robot_description/msg/_filtered_sensor.py
[0.310s] -- Up-to-date: /home/joel/robotica/visual_ws/install/robot_description/lib/python3.12/site-packages/robot_description/msg/_filtered_sensor_s.c
[0.310s] -- Up-to-date: /home/joel/robotica/visual_ws/install/robot_description/lib/python3.12/site-packages/robot_description/msg/__init__.py
[0.310s] -- Up-to-date: /home/joel/robotica/visual_ws/install/robot_description/lib/python3.12/site-packages/robot_description/robot_description_s__rosidl_typesupport_c.so
[0.310s] -- Up-to-date: /home/joel/robotica/visual_ws/install/robot_description/lib/python3.12/site-packages/robot_description/__init__.py
[0.310s] -- Up-to-date: /home/joel/robotica/visual_ws/install/robot_description/lib/python3.12/site-packages/robot_description/_robot_description_s.ep.rosidl_typesupport_fastrtps_c.c
[0.311s] -- Up-to-date: /home/joel/robotica/visual_ws/install/robot_description/lib/python3.12/site-packages/robot_description/robot_description_s__rosidl_typesupport_fastrtps_c.so
[0.311s] -- Up-to-date: /home/joel/robotica/visual_ws/install/robot_description/lib/python3.12/site-packages/robot_description/_robot_description_s.ep.rosidl_typesupport_introspection_c.c
[0.335s] Listing '/home/joel/robotica/visual_ws/install/robot_description/lib/python3.12/site-packages/robot_description'...
[0.335s] Listing '/home/joel/robotica/visual_ws/install/robot_description/lib/python3.12/site-packages/robot_description/msg'...
[0.339s] -- Up-to-date: /home/joel/robotica/visual_ws/install/robot_description/lib/python3.12/site-packages/robot_description/robot_description_s__rosidl_typesupport_fastrtps_c.so
[0.339s] -- Up-to-date: /home/joel/robotica/visual_ws/install/robot_description/lib/python3.12/site-packages/robot_description/robot_description_s__rosidl_typesupport_introspection_c.so
[0.339s] -- Up-to-date: /home/joel/robotica/visual_ws/install/robot_description/lib/python3.12/site-packages/robot_description/robot_description_s__rosidl_typesupport_c.so
[0.339s] -- Up-to-date: /home/joel/robotica/visual_ws/install/robot_description/lib/librobot_description__rosidl_generator_py.so
[0.339s] -- Up-to-date: /home/joel/robotica/visual_ws/install/robot_description/share/robot_description/msg/FilteredSensor.idl
[0.339s] -- Up-to-date: /home/joel/robotica/visual_ws/install/robot_description/share/robot_description/msg/FilteredSensor.msg
[0.339s] -- Up-to-date: /home/joel/robotica/visual_ws/install/robot_description/share/robot_description/launch
[0.339s] -- Up-to-date: /home/joel/robotica/visual_ws/install/robot_description/share/robot_description/launch/robot_a.launch.py
[0.340s] -- Up-to-date: /home/joel/robotica/visual_ws/install/robot_description/share/robot_description/launch/robotbio.launch.py
[0.340s] -- Up-to-date: /home/joel/robotica/visual_ws/install/robot_description/share/robot_description/launch/sensores_promedio.launch.py
[0.340s] -- Up-to-date: /home/joel/robotica/visual_ws/install/robot_description/share/robot_description/urdf
[0.340s] -- Up-to-date: /home/joel/robotica/visual_ws/install/robot_description/share/robot_description/urdf/Examen1.urdf
[0.340s] -- Up-to-date: /home/joel/robotica/visual_ws/install/robot_description/share/robot_description/urdf/Examen2.urdf
[0.340s] -- Up-to-date: /home/joel/robotica/visual_ws/install/robot_description/share/robot_description/rviz
[0.340s] -- Up-to-date: /home/joel/robotica/visual_ws/install/robot_description/share/robot_description/rviz/urdf.rviz
[0.340s] -- Up-to-date: /home/joel/robotica/visual_ws/install/robot_description/share/robot_description/meshes
[0.340s] -- Up-to-date: /home/joel/robotica/visual_ws/install/robot_description/share/robot_description/meshes/visual
[0.340s] -- Up-to-date: /home/joel/robotica/visual_ws/install/robot_description/share/robot_description/meshes/visual/finger.dae
[0.340s] -- Up-to-date: /home/joel/robotica/visual_ws/install/robot_description/share/robot_description/meshes/visual/link5.dae
[0.340s] -- Up-to-date: /home/joel/robotica/visual_ws/install/robot_description/share/robot_description/meshes/visual/link7.dae
[0.340s] -- Up-to-date: /home/joel/robotica/visual_ws/install/robot_description/share/robot_description/meshes/visual/link3.dae
[0.340s] -- Up-to-date: /home/joel/robotica/visual_ws/install/robot_description/share/robot_description/meshes/visual/link2.dae
[0.340s] -- Up-to-date: /home/joel/robotica/visual_ws/install/robot_description/share/robot_description/meshes/visual/link1.dae
[0.340s] -- Up-to-date: /home/joel/robotica/visual_ws/install/robot_description/share/robot_description/meshes/visual/link0.dae
[0.341s] -- Up-to-date: /home/joel/robotica/visual_ws/install/robot_description/share/robot_description/meshes/visual/link4.dae
[0.341s] -- Up-to-date: /home/joel/robotica/visual_ws/install/robot_description/share/robot_description/meshes/visual/hand.dae
[0.341s] -- Up-to-date: /home/joel/robotica/visual_ws/install/robot_description/share/robot_description/meshes/visual/link6.dae
[0.341s] -- Up-to-date: /home/joel/robotica/visual_ws/install/robot_description/share/robot_description/meshes/collision
[0.341s] -- Up-to-date: /home/joel/robotica/visual_ws/install/robot_description/share/robot_description/meshes/collision/link0.obj
[0.341s] -- Up-to-date: /home/joel/robotica/visual_ws/install/robot_description/share/robot_description/meshes/collision/link2.obj
[0.341s] -- Up-to-date: /home/joel/robotica/visual_ws/install/robot_description/share/robot_description/meshes/collision/hand.obj
[0.341s] -- Up-to-date: /home/joel/robotica/visual_ws/install/robot_description/share/robot_description/meshes/collision/link7.obj
[0.341s] -- Up-to-date: /home/joel/robotica/visual_ws/install/robot_description/share/robot_description/meshes/collision/link3.obj
[0.341s] -- Up-to-date: /home/joel/robotica/visual_ws/install/robot_description/share/robot_description/meshes/collision/link6.obj
[0.341s] -- Up-to-date: /home/joel/robotica/visual_ws/install/robot_description/share/robot_description/meshes/collision/link1.obj
[0.341s] -- Up-to-date: /home/joel/robotica/visual_ws/install/robot_description/share/robot_description/meshes/collision/link4.obj
[0.341s] -- Up-to-date: /home/joel/robotica/visual_ws/install/robot_description/share/robot_description/meshes/collision/finger.obj
[0.341s] -- Up-to-date: /home/joel/robotica/visual_ws/install/robot_description/share/robot_description/meshes/collision/link5.obj
[0.341s] -- Up-to-date: /home/joel/robotica/visual_ws/install/robot_description/share/ament_index/resource_index/package_run_dependencies/robot_description
[0.341s] -- Up-to-date: /home/joel/robotica/visual_ws/install/robot_description/share/ament_index/resource_index/parent_prefix_path/robot_description
[0.341s] -- Up-to-date: /home/joel/robotica/visual_ws/install/robot_description/share/robot_description/environment/ament_prefix_path.sh
[0.341s] -- Up-to-date: /home/joel/robotica/visual_ws/install/robot_description/share/robot_description/environment/ament_prefix_path.dsv
[0.341s] -- Up-to-date: /home/joel/robotica/visual_ws/install/robot_description/share/robot_description/environment/path.sh
[0.342s] -- Up-to-date: /home/joel/robotica/visual_ws/install/robot_description/share/robot_description/environment/path.dsv
[0.342s] -- Up-to-date: /home/joel/robotica/visual_ws/install/robot_description/share/robot_description/local_setup.bash
[0.342s] -- Up-to-date: /home/joel/robotica/visual_ws/install/robot_description/share/robot_description/local_setup.sh
[0.342s] -- Up-to-date: /home/joel/robotica/visual_ws/install/robot_description/share/robot_description/local_setup.zsh
[0.342s] -- Up-to-date: /home/joel/robotica/visual_ws/install/robot_description/share/robot_description/local_setup.dsv
[0.342s] -- Installing: /home/joel/robotica/visual_ws/install/robot_description/share/robot_description/package.dsv
[0.342s] -- Up-to-date: /home/joel/robotica/visual_ws/install/robot_description/share/ament_index/resource_index/packages/robot_description
[0.342s] -- Up-to-date: /home/joel/robotica/visual_ws/install/robot_description/share/robot_description/cmake/export_robot_description__rosidl_generator_cExport.cmake
[0.342s] -- Up-to-date: /home/joel/robotica/visual_ws/install/robot_description/share/robot_description/cmake/export_robot_description__rosidl_generator_cExport-noconfig.cmake
[0.342s] -- Up-to-date: /home/joel/robotica/visual_ws/install/robot_description/share/robot_description/cmake/export_robot_description__rosidl_typesupport_fastrtps_cExport.cmake
[0.342s] -- Up-to-date: /home/joel/robotica/visual_ws/install/robot_description/share/robot_description/cmake/export_robot_description__rosidl_typesupport_fastrtps_cExport-noconfig.cmake
[0.342s] -- Up-to-date: /home/joel/robotica/visual_ws/install/robot_description/share/robot_description/cmake/robot_description__rosidl_typesupport_introspection_cExport.cmake
[0.342s] -- Up-to-date: /home/joel/robotica/visual_ws/install/robot_description/share/robot_description/cmake/robot_description__rosidl_typesupport_introspection_cExport-noconfig.cmake
[0.342s] -- Up-to-date: /home/joel/robotica/visual_ws/install/robot_description/share/robot_description/cmake/robot_description__rosidl_typesupport_cExport.cmake
[0.342s] -- Up-to-date: /home/joel/robotica/visual_ws/install/robot_description/share/robot_description/cmake/robot_description__rosidl_typesupport_cExport-noconfig.cmake
[0.342s] -- Up-to-date: /home/joel/robotica/visual_ws/install/robot_description/share/robot_description/cmake/export_robot_description__rosidl_generator_cppExport.cmake
[0.342s] -- Up-to-date: /home/joel/robotica/visual_ws/install/robot_description/share/robot_description/cmake/export_robot_description__rosidl_typesupport_fastrtps_cppExport.cmake
[0.342s] -- Up-to-date: /home/joel/robotica/visual_ws/install/robot_description/share/robot_description/cmake/export_robot_description__rosidl_typesupport_fastrtps_cppExport-noconfig.cmake
[0.342s] -- Up-to-date: /home/joel/robotica/visual_ws/install/robot_description/share/robot_description/cmake/robot_description__rosidl_typesupport_introspection_cppExport.cmake
[0.342s] -- Up-to-date: /home/joel/robotica/visual_ws/install/robot_description/share/robot_description/cmake/robot_description__rosidl_typesupport_introspection_cppExport-noconfig.cmake
[0.342s] -- Up-to-date: /home/joel/robotica/visual_ws/install/robot_description/share/robot_description/cmake/robot_description__rosidl_typesupport_cppExport.cmake
[0.342s] -- Up-to-date: /home/joel/robotica/visual_ws/install/robot_description/share/robot_description/cmake/robot_description__rosidl_typesupport_cppExport-noconfig.cmake
[0.342s] -- Up-to-date: /home/joel/robotica/visual_ws/install/robot_description/share/robot_description/cmake/export_robot_description__rosidl_generator_pyExport.cmake
[0.343s] -- Up-to-date: /home/joel/robotica/visual_ws/install/robot_description/share/robot_description/cmake/export_robot_description__rosidl_generator_pyExport-noconfig.cmake
[0.343s] -- Up-to-date: /home/joel/robotica/visual_ws/install/robot_description/share/robot_description/cmake/rosidl_cmake-extras.cmake
[0.343s] -- Up-to-date: /home/joel/robotica/visual_ws/install/robot_description/share/robot_description/cmake/ament_cmake_export_dependencies-extras.cmake
[0.343s] -- Up-to-date: /home/joel/robotica/visual_ws/install/robot_description/share/robot_description/cmake/ament_cmake_export_include_directories-extras.cmake
[0.343s] -- Up-to-date: /home/joel/robotica/visual_ws/install/robot_description/share/robot_description/cmake/ament_cmake_export_libraries-extras.cmake
[0.343s] -- Up-to-date: /home/joel/robotica/visual_ws/install/robot_description/share/robot_description/cmake/ament_cmake_export_targets-extras.cmake
[0.343s] -- Up-to-date: /home/joel/robotica/visual_ws/install/robot_description/share/robot_description/cmake/rosidl_cmake_export_typesupport_targets-extras.cmake
[0.343s] -- Up-to-date: /home/joel/robotica/visual_ws/install/robot_description/share/robot_description/cmake/rosidl_cmake_export_typesupport_libraries-extras.cmake
[0.343s] -- Up-to-date: /home/joel/robotica/visual_ws/install/robot_description/share/robot_description/cmake/robot_descriptionConfig.cmake
[0.343s] -- Up-to-date: /home/joel/robotica/visual_ws/install/robot_description/share/robot_description/cmake/robot_descriptionConfig-version.cmake
[0.343s] -- Up-to-date: /home/joel/robotica/visual_ws/install/robot_description/share/robot_description/package.xml
[0.343s] Invoked command in '/home/joel/robotica/visual_ws/build/robot_description' returned '0': CMAKE_PREFIX_PATH=${CMAKE_PREFIX_PATH}:/home/joel/robotica/visual_ws/install/visual_pubsub:/opt/ros/jazzy DEBUGINFOD_URLS=https://debuginfod.ubuntu.com /usr/bin/cmake --install /home/joel/robotica/visual_ws/build/robot_description
