[  2%] Built target robot_description__rosidl_generator_type_description
[  2%] Built target ament_cmake_python_copy_robot_description
[  5%] Built target robot_description__cpp
[ 20%] Built target robot_description__rosidl_generator_c
[ 29%] Built target robot_description__rosidl_typesupport_introspection_c
[ 47%] Built target robot_description__rosidl_typesupport_introspection_cpp
[ 47%] Built target robot_description__rosidl_typesupport_fastrtps_c
[ 55%] Built target robot_description__rosidl_typesupport_cpp
[ 67%] Built target robot_description__rosidl_typesupport_c
[ 73%] Built target robot_description__rosidl_typesupport_fastrtps_cpp
[ 73%] Built target robot_description
[ 76%] Built target robot_description__py
[ 82%] Built target robot_description__rosidl_generator_py
[ 94%] Built target robot_description_s__rosidl_typesupport_introspection_c
[ 94%] Built target robot_description_s__rosidl_typesupport_fastrtps_c
[100%] Built target robot_description_s__rosidl_typesupport_c
running egg_info
writing robot_description.egg-info/PKG-INFO
writing dependency_links to robot_description.egg-info/dependency_links.txt
writing top-level names to robot_description.egg-info/top_level.txt
reading manifest file 'robot_description.egg-info/SOURCES.txt'
writing manifest file 'robot_description.egg-info/SOURCES.txt'
[100%] Built target ament_cmake_python_build_robot_description_egg
-- Install configuration: ""
-- Up-to-date: /home/joel/robotica/visual_ws/install/robot_description/share/ament_index/resource_index/rosidl_interfaces/robot_description
-- Up-to-date: /home/joel/robotica/visual_ws/install/robot_description/share/robot_description/msg/FilteredSensor.json
-- Up-to-date: /home/joel/robotica/visual_ws/install/robot_description/include/robot_description/robot_description
-- Up-to-date: /home/joel/robotica/visual_ws/install/robot_description/include/robot_description/robot_description/msg
-- Up-to-date: /home/joel/robotica/visual_ws/install/robot_description/include/robot_description/robot_description/msg/filtered_sensor.h
-- Up-to-date: /home/joel/robotica/visual_ws/install/robot_description/include/robot_description/robot_description/msg/detail
-- Up-to-date: /home/joel/robotica/visual_ws/install/robot_description/include/robot_description/robot_description/msg/detail/filtered_sensor__struct.h
-- Up-to-date: /home/joel/robotica/visual_ws/install/robot_description/include/robot_description/robot_description/msg/detail/filtered_sensor__functions.h
-- Up-to-date: /home/joel/robotica/visual_ws/install/robot_description/include/robot_description/robot_description/msg/detail/filtered_sensor__functions.c
-- Up-to-date: /home/joel/robotica/visual_ws/install/robot_description/include/robot_description/robot_description/msg/detail/filtered_sensor__description.c
-- Up-to-date: /home/joel/robotica/visual_ws/install/robot_description/include/robot_description/robot_description/msg/detail/filtered_sensor__type_support.h
-- Up-to-date: /home/joel/robotica/visual_ws/install/robot_description/include/robot_description/robot_description/msg/detail/filtered_sensor__type_support.c
-- Up-to-date: /home/joel/robotica/visual_ws/install/robot_description/include/robot_description/robot_description/msg/rosidl_generator_c__visibility_control.h
-- Up-to-date: /home/joel/robotica/visual_ws/install/robot_description/share/robot_description/environment/library_path.sh
-- Up-to-date: /home/joel/robotica/visual_ws/install/robot_description/share/robot_description/environment/library_path.dsv
-- Up-to-date: /home/joel/robotica/visual_ws/install/robot_description/lib/librobot_description__rosidl_generator_c.so
-- Up-to-date: /home/joel/robotica/visual_ws/install/robot_description/include/robot_description/robot_description
-- Up-to-date: /home/joel/robotica/visual_ws/install/robot_description/include/robot_description/robot_description/msg
-- Up-to-date: /home/joel/robotica/visual_ws/install/robot_description/include/robot_description/robot_description/msg/detail
-- Up-to-date: /home/joel/robotica/visual_ws/install/robot_description/include/robot_description/robot_description/msg/detail/filtered_sensor__rosidl_typesupport_fastrtps_c.h
-- Up-to-date: /home/joel/robotica/visual_ws/install/robot_description/include/robot_description/robot_description/msg/rosidl_typesupport_fastrtps_c__visibility_control.h
-- Up-to-date: /home/joel/robotica/visual_ws/install/robot_description/lib/librobot_description__rosidl_typesupport_fastrtps_c.so
-- Up-to-date: /home/joel/robotica/visual_ws/install/robot_description/include/robot_description/robot_description
-- Up-to-date: /home/joel/robotica/visual_ws/install/robot_description/include/robot_description/robot_description/msg
-- Up-to-date: /home/joel/robotica/visual_ws/install/robot_description/include/robot_description/robot_description/msg/detail
-- Up-to-date: /home/joel/robotica/visual_ws/install/robot_description/include/robot_description/robot_description/msg/detail/filtered_sensor__rosidl_typesupport_introspection_c.h
-- Up-to-date: /home/joel/robotica/visual_ws/install/robot_description/include/robot_description/robot_description/msg/detail/filtered_sensor__type_support.c
-- Up-to-date: /home/joel/robotica/visual_ws/install/robot_description/include/robot_description/robot_description/msg/rosidl_typesupport_introspection_c__visibility_control.h
-- Up-to-date: /home/joel/robotica/visual_ws/install/robot_description/lib/librobot_description__rosidl_typesupport_introspection_c.so
-- Up-to-date: /home/joel/robotica/visual_ws/install/robot_description/lib/librobot_description__rosidl_typesupport_c.so
-- Up-to-date: /home/joel/robotica/visual_ws/install/robot_description/include/robot_description/robot_description
-- Up-to-date: /home/joel/robotica/visual_ws/install/robot_description/include/robot_description/robot_description/msg
-- Up-to-date: /home/joel/robotica/visual_ws/install/robot_description/include/robot_description/robot_description/msg/rosidl_generator_cpp__visibility_control.hpp
-- Up-to-date: /home/joel/robotica/visual_ws/install/robot_description/include/robot_description/robot_description/msg/filtered_sensor.hpp
-- Up-to-date: /home/joel/robotica/visual_ws/install/robot_description/include/robot_description/robot_description/msg/detail
-- Up-to-date: /home/joel/robotica/visual_ws/install/robot_description/include/robot_description/robot_description/msg/detail/filtered_sensor__builder.hpp
-- Up-to-date: /home/joel/robotica/visual_ws/install/robot_description/include/robot_description/robot_description/msg/detail/filtered_sensor__struct.hpp
-- Up-to-date: /home/joel/robotica/visual_ws/install/robot_description/include/robot_description/robot_description/msg/detail/filtered_sensor__type_support.hpp
-- Up-to-date: /home/joel/robotica/visual_ws/install/robot_description/include/robot_description/robot_description/msg/detail/filtered_sensor__traits.hpp
-- Up-to-date: /home/joel/robotica/visual_ws/install/robot_description/include/robot_description/robot_description
-- Up-to-date: /home/joel/robotica/visual_ws/install/robot_description/include/robot_description/robot_description/msg
-- Up-to-date: /home/joel/robotica/visual_ws/install/robot_description/include/robot_description/robot_description/msg/detail
-- Up-to-date: /home/joel/robotica/visual_ws/install/robot_description/include/robot_description/robot_description/msg/detail/dds_fastrtps
-- Up-to-date: /home/joel/robotica/visual_ws/install/robot_description/include/robot_description/robot_description/msg/detail/filtered_sensor__rosidl_typesupport_fastrtps_cpp.hpp
-- Up-to-date: /home/joel/robotica/visual_ws/install/robot_description/include/robot_description/robot_description/msg/rosidl_typesupport_fastrtps_cpp__visibility_control.h
-- Up-to-date: /home/joel/robotica/visual_ws/install/robot_description/lib/librobot_description__rosidl_typesupport_fastrtps_cpp.so
-- Up-to-date: /home/joel/robotica/visual_ws/install/robot_description/include/robot_description/robot_description
-- Up-to-date: /home/joel/robotica/visual_ws/install/robot_description/include/robot_description/robot_description/msg
-- Up-to-date: /home/joel/robotica/visual_ws/install/robot_description/include/robot_description/robot_description/msg/detail
-- Up-to-date: /home/joel/robotica/visual_ws/install/robot_description/include/robot_description/robot_description/msg/detail/filtered_sensor__rosidl_typesupport_introspection_cpp.hpp
-- Up-to-date: /home/joel/robotica/visual_ws/install/robot_description/include/robot_description/robot_description/msg/detail/filtered_sensor__type_support.cpp
-- Up-to-date: /home/joel/robotica/visual_ws/install/robot_description/lib/librobot_description__rosidl_typesupport_introspection_cpp.so
-- Up-to-date: /home/joel/robotica/visual_ws/install/robot_description/lib/librobot_description__rosidl_typesupport_cpp.so
-- Up-to-date: /home/joel/robotica/visual_ws/install/robot_description/share/robot_description/environment/pythonpath.sh
-- Up-to-date: /home/joel/robotica/visual_ws/install/robot_description/share/robot_description/environment/pythonpath.dsv
-- Up-to-date: /home/joel/robotica/visual_ws/install/robot_description/lib/python3.12/site-packages/robot_description-0.0.0-py3.12.egg-info
-- Installing: /home/joel/robotica/visual_ws/install/robot_description/lib/python3.12/site-packages/robot_description-0.0.0-py3.12.egg-info/top_level.txt
-- Installing: /home/joel/robotica/visual_ws/install/robot_description/lib/python3.12/site-packages/robot_description-0.0.0-py3.12.egg-info/PKG-INFO
-- Installing: /home/joel/robotica/visual_ws/install/robot_description/lib/python3.12/site-packages/robot_description-0.0.0-py3.12.egg-info/SOURCES.txt
-- Installing: /home/joel/robotica/visual_ws/install/robot_description/lib/python3.12/site-packages/robot_description-0.0.0-py3.12.egg-info/dependency_links.txt
-- Up-to-date: /home/joel/robotica/visual_ws/install/robot_description/lib/python3.12/site-packages/robot_description
-- Up-to-date: /home/joel/robotica/visual_ws/install/robot_description/lib/python3.12/site-packages/robot_description/robot_description_s__rosidl_typesupport_introspection_c.so
-- Up-to-date: /home/joel/robotica/visual_ws/install/robot_description/lib/python3.12/site-packages/robot_description/_robot_description_s.ep.rosidl_typesupport_c.c
-- Up-to-date: /home/joel/robotica/visual_ws/install/robot_description/lib/python3.12/site-packages/robot_description/msg
-- Up-to-date: /home/joel/robotica/visual_ws/install/robot_description/lib/python3.12/site-packages/robot_description/msg/_filtered_sensor.py
-- Up-to-date: /home/joel/robotica/visual_ws/install/robot_description/lib/python3.12/site-packages/robot_description/msg/_filtered_sensor_s.c
-- Up-to-date: /home/joel/robotica/visual_ws/install/robot_description/lib/python3.12/site-packages/robot_description/msg/__init__.py
-- Up-to-date: /home/joel/robotica/visual_ws/install/robot_description/lib/python3.12/site-packages/robot_description/robot_description_s__rosidl_typesupport_c.so
-- Up-to-date: /home/joel/robotica/visual_ws/install/robot_description/lib/python3.12/site-packages/robot_description/__init__.py
-- Up-to-date: /home/joel/robotica/visual_ws/install/robot_description/lib/python3.12/site-packages/robot_description/_robot_description_s.ep.rosidl_typesupport_fastrtps_c.c
-- Up-to-date: /home/joel/robotica/visual_ws/install/robot_description/lib/python3.12/site-packages/robot_description/robot_description_s__rosidl_typesupport_fastrtps_c.so
-- Up-to-date: /home/joel/robotica/visual_ws/install/robot_description/lib/python3.12/site-packages/robot_description/_robot_description_s.ep.rosidl_typesupport_introspection_c.c
Listing '/home/joel/robotica/visual_ws/install/robot_description/lib/python3.12/site-packages/robot_description'...
Listing '/home/joel/robotica/visual_ws/install/robot_description/lib/python3.12/site-packages/robot_description/msg'...
-- Up-to-date: /home/joel/robotica/visual_ws/install/robot_description/lib/python3.12/site-packages/robot_description/robot_description_s__rosidl_typesupport_fastrtps_c.so
-- Up-to-date: /home/joel/robotica/visual_ws/install/robot_description/lib/python3.12/site-packages/robot_description/robot_description_s__rosidl_typesupport_introspection_c.so
-- Up-to-date: /home/joel/robotica/visual_ws/install/robot_description/lib/python3.12/site-packages/robot_description/robot_description_s__rosidl_typesupport_c.so
-- Up-to-date: /home/joel/robotica/visual_ws/install/robot_description/lib/librobot_description__rosidl_generator_py.so
-- Up-to-date: /home/joel/robotica/visual_ws/install/robot_description/share/robot_description/msg/FilteredSensor.idl
-- Up-to-date: /home/joel/robotica/visual_ws/install/robot_description/share/robot_description/msg/FilteredSensor.msg
-- Up-to-date: /home/joel/robotica/visual_ws/install/robot_description/share/robot_description/launch
-- Up-to-date: /home/joel/robotica/visual_ws/install/robot_description/share/robot_description/launch/robot_a.launch.py
-- Up-to-date: /home/joel/robotica/visual_ws/install/robot_description/share/robot_description/launch/robotbio.launch.py
-- Up-to-date: /home/joel/robotica/visual_ws/install/robot_description/share/robot_description/urdf
-- Up-to-date: /home/joel/robotica/visual_ws/install/robot_description/share/robot_description/urdf/Examen1.urdf
-- Up-to-date: /home/joel/robotica/visual_ws/install/robot_description/share/robot_description/urdf/Examen2.urdf
-- Up-to-date: /home/joel/robotica/visual_ws/install/robot_description/share/robot_description/rviz
-- Up-to-date: /home/joel/robotica/visual_ws/install/robot_description/share/robot_description/rviz/urdf.rviz
-- Up-to-date: /home/joel/robotica/visual_ws/install/robot_description/share/robot_description/meshes
-- Up-to-date: /home/joel/robotica/visual_ws/install/robot_description/share/robot_description/meshes/visual
-- Up-to-date: /home/joel/robotica/visual_ws/install/robot_description/share/robot_description/meshes/visual/finger.dae
-- Up-to-date: /home/joel/robotica/visual_ws/install/robot_description/share/robot_description/meshes/visual/link5.dae
-- Up-to-date: /home/joel/robotica/visual_ws/install/robot_description/share/robot_description/meshes/visual/link7.dae
-- Up-to-date: /home/joel/robotica/visual_ws/install/robot_description/share/robot_description/meshes/visual/link3.dae
-- Up-to-date: /home/joel/robotica/visual_ws/install/robot_description/share/robot_description/meshes/visual/link2.dae
-- Up-to-date: /home/joel/robotica/visual_ws/install/robot_description/share/robot_description/meshes/visual/link1.dae
-- Up-to-date: /home/joel/robotica/visual_ws/install/robot_description/share/robot_description/meshes/visual/link0.dae
-- Up-to-date: /home/joel/robotica/visual_ws/install/robot_description/share/robot_description/meshes/visual/link4.dae
-- Up-to-date: /home/joel/robotica/visual_ws/install/robot_description/share/robot_description/meshes/visual/hand.dae
-- Up-to-date: /home/joel/robotica/visual_ws/install/robot_description/share/robot_description/meshes/visual/link6.dae
-- Up-to-date: /home/joel/robotica/visual_ws/install/robot_description/share/robot_description/meshes/collision
-- Up-to-date: /home/joel/robotica/visual_ws/install/robot_description/share/robot_description/meshes/collision/link0.obj
-- Up-to-date: /home/joel/robotica/visual_ws/install/robot_description/share/robot_description/meshes/collision/link2.obj
-- Up-to-date: /home/joel/robotica/visual_ws/install/robot_description/share/robot_description/meshes/collision/hand.obj
-- Up-to-date: /home/joel/robotica/visual_ws/install/robot_description/share/robot_description/meshes/collision/link7.obj
-- Up-to-date: /home/joel/robotica/visual_ws/install/robot_description/share/robot_description/meshes/collision/link3.obj
-- Up-to-date: /home/joel/robotica/visual_ws/install/robot_description/share/robot_description/meshes/collision/link6.obj
-- Up-to-date: /home/joel/robotica/visual_ws/install/robot_description/share/robot_description/meshes/collision/link1.obj
-- Up-to-date: /home/joel/robotica/visual_ws/install/robot_description/share/robot_description/meshes/collision/link4.obj
-- Up-to-date: /home/joel/robotica/visual_ws/install/robot_description/share/robot_description/meshes/collision/finger.obj
-- Up-to-date: /home/joel/robotica/visual_ws/install/robot_description/share/robot_description/meshes/collision/link5.obj
-- Up-to-date: /home/joel/robotica/visual_ws/install/robot_description/share/ament_index/resource_index/package_run_dependencies/robot_description
-- Up-to-date: /home/joel/robotica/visual_ws/install/robot_description/share/ament_index/resource_index/parent_prefix_path/robot_description
-- Up-to-date: /home/joel/robotica/visual_ws/install/robot_description/share/robot_description/environment/ament_prefix_path.sh
-- Up-to-date: /home/joel/robotica/visual_ws/install/robot_description/share/robot_description/environment/ament_prefix_path.dsv
-- Up-to-date: /home/joel/robotica/visual_ws/install/robot_description/share/robot_description/environment/path.sh
-- Up-to-date: /home/joel/robotica/visual_ws/install/robot_description/share/robot_description/environment/path.dsv
-- Up-to-date: /home/joel/robotica/visual_ws/install/robot_description/share/robot_description/local_setup.bash
-- Up-to-date: /home/joel/robotica/visual_ws/install/robot_description/share/robot_description/local_setup.sh
-- Up-to-date: /home/joel/robotica/visual_ws/install/robot_description/share/robot_description/local_setup.zsh
-- Up-to-date: /home/joel/robotica/visual_ws/install/robot_description/share/robot_description/local_setup.dsv
-- Installing: /home/joel/robotica/visual_ws/install/robot_description/share/robot_description/package.dsv
-- Up-to-date: /home/joel/robotica/visual_ws/install/robot_description/share/ament_index/resource_index/packages/robot_description
-- Up-to-date: /home/joel/robotica/visual_ws/install/robot_description/share/robot_description/cmake/export_robot_description__rosidl_generator_cExport.cmake
-- Up-to-date: /home/joel/robotica/visual_ws/install/robot_description/share/robot_description/cmake/export_robot_description__rosidl_generator_cExport-noconfig.cmake
-- Up-to-date: /home/joel/robotica/visual_ws/install/robot_description/share/robot_description/cmake/export_robot_description__rosidl_typesupport_fastrtps_cExport.cmake
-- Up-to-date: /home/joel/robotica/visual_ws/install/robot_description/share/robot_description/cmake/export_robot_description__rosidl_typesupport_fastrtps_cExport-noconfig.cmake
-- Up-to-date: /home/joel/robotica/visual_ws/install/robot_description/share/robot_description/cmake/robot_description__rosidl_typesupport_introspection_cExport.cmake
-- Up-to-date: /home/joel/robotica/visual_ws/install/robot_description/share/robot_description/cmake/robot_description__rosidl_typesupport_introspection_cExport-noconfig.cmake
-- Up-to-date: /home/joel/robotica/visual_ws/install/robot_description/share/robot_description/cmake/robot_description__rosidl_typesupport_cExport.cmake
-- Up-to-date: /home/joel/robotica/visual_ws/install/robot_description/share/robot_description/cmake/robot_description__rosidl_typesupport_cExport-noconfig.cmake
-- Up-to-date: /home/joel/robotica/visual_ws/install/robot_description/share/robot_description/cmake/export_robot_description__rosidl_generator_cppExport.cmake
-- Up-to-date: /home/joel/robotica/visual_ws/install/robot_description/share/robot_description/cmake/export_robot_description__rosidl_typesupport_fastrtps_cppExport.cmake
-- Up-to-date: /home/joel/robotica/visual_ws/install/robot_description/share/robot_description/cmake/export_robot_description__rosidl_typesupport_fastrtps_cppExport-noconfig.cmake
-- Up-to-date: /home/joel/robotica/visual_ws/install/robot_description/share/robot_description/cmake/robot_description__rosidl_typesupport_introspection_cppExport.cmake
-- Up-to-date: /home/joel/robotica/visual_ws/install/robot_description/share/robot_description/cmake/robot_description__rosidl_typesupport_introspection_cppExport-noconfig.cmake
-- Up-to-date: /home/joel/robotica/visual_ws/install/robot_description/share/robot_description/cmake/robot_description__rosidl_typesupport_cppExport.cmake
-- Up-to-date: /home/joel/robotica/visual_ws/install/robot_description/share/robot_description/cmake/robot_description__rosidl_typesupport_cppExport-noconfig.cmake
-- Up-to-date: /home/joel/robotica/visual_ws/install/robot_description/share/robot_description/cmake/export_robot_description__rosidl_generator_pyExport.cmake
-- Up-to-date: /home/joel/robotica/visual_ws/install/robot_description/share/robot_description/cmake/export_robot_description__rosidl_generator_pyExport-noconfig.cmake
-- Up-to-date: /home/joel/robotica/visual_ws/install/robot_description/share/robot_description/cmake/rosidl_cmake-extras.cmake
-- Up-to-date: /home/joel/robotica/visual_ws/install/robot_description/share/robot_description/cmake/ament_cmake_export_dependencies-extras.cmake
-- Up-to-date: /home/joel/robotica/visual_ws/install/robot_description/share/robot_description/cmake/ament_cmake_export_include_directories-extras.cmake
-- Up-to-date: /home/joel/robotica/visual_ws/install/robot_description/share/robot_description/cmake/ament_cmake_export_libraries-extras.cmake
-- Up-to-date: /home/joel/robotica/visual_ws/install/robot_description/share/robot_description/cmake/ament_cmake_export_targets-extras.cmake
-- Up-to-date: /home/joel/robotica/visual_ws/install/robot_description/share/robot_description/cmake/rosidl_cmake_export_typesupport_targets-extras.cmake
-- Up-to-date: /home/joel/robotica/visual_ws/install/robot_description/share/robot_description/cmake/rosidl_cmake_export_typesupport_libraries-extras.cmake
-- Up-to-date: /home/joel/robotica/visual_ws/install/robot_description/share/robot_description/cmake/robot_descriptionConfig.cmake
-- Up-to-date: /home/joel/robotica/visual_ws/install/robot_description/share/robot_description/cmake/robot_descriptionConfig-version.cmake
-- Up-to-date: /home/joel/robotica/visual_ws/install/robot_description/share/robot_description/package.xml
