-- Found ament_cmake: 2.5.5 (/opt/ros/jazzy/share/ament_cmake/cmake)
-- Found rosidl_default_generators: 1.6.0 (/opt/ros/jazzy/share/rosidl_default_generators/cmake)
-- Using all available rosidl_typesupport_c: rosidl_typesupport_fastrtps_c;rosidl_typesupport_introspection_c
-- Using all available rosidl_typesupport_cpp: rosidl_typesupport_fastrtps_cpp;rosidl_typesupport_introspection_cpp
-- Found rosidl_adapter: 4.6.7 (/opt/ros/jazzy/share/rosidl_adapter/cmake)
-- Found std_msgs: 5.3.6 (/opt/ros/jazzy/share/std_msgs/cmake)
-- Found ament_cmake_ros: 0.12.0 (/opt/ros/jazzy/share/ament_cmake_ros/cmake)
-- Using all available rosidl_typesupport_c: rosidl_typesupport_fastrtps_c;rosidl_typesupport_introspection_c
-- Using all available rosidl_typesupport_cpp: rosidl_typesupport_fastrtps_cpp;rosidl_typesupport_introspection_cpp
-- Found python_cmake_module: 0.11.1 (/opt/ros/jazzy/share/python_cmake_module/cmake)
-- Found PythonExtra: /usr/bin/python3  
-- Found Python3: /usr/bin/python3 (found version "3.12.3") found components: Interpreter Development NumPy Development.Module Development.Embed 
-- Found ament_lint_auto: 0.17.4 (/opt/ros/jazzy/share/ament_lint_auto/cmake)
-- Configuring done (1.9s)
-- Generating done (0.0s)
-- Build files have been written to: /home/joel/robotica/visual_ws/src/build/robot_description
[  2%] [34m[1mGenerating type hashes for ROS interfaces[0m
[  2%] Built target ament_cmake_python_copy_robot_description
[  2%] Built target robot_description__rosidl_generator_type_description
[  5%] [34m[1mGenerating C code for ROS interfaces[0m
[  8%] [34m[1mGenerating C++ code for ROS interfaces[0m
running egg_info
creating robot_description.egg-info
writing robot_description.egg-info/PKG-INFO
writing dependency_links to robot_description.egg-info/dependency_links.txt
writing top-level names to robot_description.egg-info/top_level.txt
writing manifest file 'robot_description.egg-info/SOURCES.txt'
reading manifest file 'robot_description.egg-info/SOURCES.txt'
writing manifest file 'robot_description.egg-info/SOURCES.txt'
[  8%] Built target ament_cmake_python_build_robot_description_egg
[  8%] Built target robot_description__cpp
[ 17%] [32mBuilding C object CMakeFiles/robot_description__rosidl_generator_c.dir/rosidl_generator_c/robot_description/msg/detail/filtered_sensor__type_support.c.o[0m
[ 17%] [32mBuilding C object CMakeFiles/robot_description__rosidl_generator_c.dir/rosidl_generator_c/robot_description/msg/detail/filtered_sensor__functions.c.o[0m
[ 17%] [32mBuilding C object CMakeFiles/robot_description__rosidl_generator_c.dir/rosidl_generator_c/robot_description/msg/detail/filtered_sensor__description.c.o[0m
[ 20%] [32m[1mLinking C shared library librobot_description__rosidl_generator_c.so[0m
[ 20%] Built target robot_description__rosidl_generator_c
[ 23%] [34m[1mGenerating C++ type support dispatch for ROS interfaces[0m
[ 29%] [34m[1mGenerating C type support for eProsima Fast-RTPS[0m
[ 29%] [34m[1mGenerating C introspection for ROS interfaces[0m
[ 32%] [34m[1mGenerating C++ type support for eProsima Fast-RTPS[0m
[ 35%] [34m[1mGenerating C type support dispatch for ROS interfaces[0m
[ 38%] [34m[1mGenerating C++ introspection for ROS interfaces[0m
[ 41%] [32mBuilding CXX object CMakeFiles/robot_description__rosidl_typesupport_c.dir/rosidl_typesupport_c/robot_description/msg/filtered_sensor__type_support.cpp.o[0m
[ 44%] [32m[1mLinking CXX shared library librobot_description__rosidl_typesupport_c.so[0m
[ 47%] [32mBuilding CXX object CMakeFiles/robot_description__rosidl_typesupport_cpp.dir/rosidl_typesupport_cpp/robot_description/msg/filtered_sensor__type_support.cpp.o[0m
[ 50%] [32mBuilding C object CMakeFiles/robot_description__rosidl_typesupport_introspection_c.dir/rosidl_typesupport_introspection_c/robot_description/msg/detail/filtered_sensor__type_support.c.o[0m
[ 52%] [32mBuilding CXX object CMakeFiles/robot_description__rosidl_typesupport_introspection_cpp.dir/rosidl_typesupport_introspection_cpp/robot_description/msg/detail/filtered_sensor__type_support.cpp.o[0m
[ 58%] [32mBuilding CXX object CMakeFiles/robot_description__rosidl_typesupport_fastrtps_c.dir/rosidl_typesupport_fastrtps_c/robot_description/msg/detail/filtered_sensor__type_support_c.cpp.o[0m
[ 58%] [32mBuilding CXX object CMakeFiles/robot_description__rosidl_typesupport_fastrtps_cpp.dir/rosidl_typesupport_fastrtps_cpp/robot_description/msg/detail/dds_fastrtps/filtered_sensor__type_support.cpp.o[0m
[ 58%] Built target robot_description__rosidl_typesupport_c
[ 61%] [32m[1mLinking C shared library librobot_description__rosidl_typesupport_introspection_c.so[0m
[ 61%] Built target robot_description__rosidl_typesupport_introspection_c
[ 64%] [32m[1mLinking CXX shared library librobot_description__rosidl_typesupport_cpp.so[0m
[ 64%] Built target robot_description__rosidl_typesupport_cpp
[ 67%] [32m[1mLinking CXX shared library librobot_description__rosidl_typesupport_introspection_cpp.so[0m
[ 67%] Built target robot_description__rosidl_typesupport_introspection_cpp
[ 70%] [32m[1mLinking CXX shared library librobot_description__rosidl_typesupport_fastrtps_c.so[0m
[ 73%] [32m[1mLinking CXX shared library librobot_description__rosidl_typesupport_fastrtps_cpp.so[0m
[ 73%] Built target robot_description__rosidl_typesupport_fastrtps_c
[ 73%] Built target robot_description__rosidl_typesupport_fastrtps_cpp
[ 73%] Built target robot_description
[ 76%] [34m[1mGenerating Python code for ROS interfaces[0m
[ 76%] Built target robot_description__py
[ 79%] [32mBuilding C object CMakeFiles/robot_description__rosidl_generator_py.dir/rosidl_generator_py/robot_description/msg/_filtered_sensor_s.c.o[0m
[ 82%] [32m[1mLinking C shared library librobot_description__rosidl_generator_py.so[0m
[ 82%] Built target robot_description__rosidl_generator_py
[ 85%] [32mBuilding C object CMakeFiles/robot_description_s__rosidl_typesupport_fastrtps_c.dir/rosidl_generator_py/robot_description/_robot_description_s.ep.rosidl_typesupport_fastrtps_c.c.o[0m
[ 88%] [32mBuilding C object CMakeFiles/robot_description_s__rosidl_typesupport_c.dir/rosidl_generator_py/robot_description/_robot_description_s.ep.rosidl_typesupport_c.c.o[0m
[ 91%] [32mBuilding C object CMakeFiles/robot_description_s__rosidl_typesupport_introspection_c.dir/rosidl_generator_py/robot_description/_robot_description_s.ep.rosidl_typesupport_introspection_c.c.o[0m
[ 97%] [32m[1mLinking C shared module rosidl_generator_py/robot_description/robot_description_s__rosidl_typesupport_c.so[0m
[ 97%] [32m[1mLinking C shared module rosidl_generator_py/robot_description/robot_description_s__rosidl_typesupport_introspection_c.so[0m
[100%] [32m[1mLinking C shared module rosidl_generator_py/robot_description/robot_description_s__rosidl_typesupport_fastrtps_c.so[0m
[100%] Built target robot_description_s__rosidl_typesupport_c
[100%] Built target robot_description_s__rosidl_typesupport_fastrtps_c
[100%] Built target robot_description_s__rosidl_typesupport_introspection_c
-- Install configuration: ""
-- Installing: /home/joel/robotica/visual_ws/src/install/robot_description/share/ament_index/resource_index/rosidl_interfaces/robot_description
-- Installing: /home/joel/robotica/visual_ws/src/install/robot_description/share/robot_description/msg/FilteredSensor.json
-- Installing: /home/joel/robotica/visual_ws/src/install/robot_description/include/robot_description/robot_description
-- Installing: /home/joel/robotica/visual_ws/src/install/robot_description/include/robot_description/robot_description/msg
-- Installing: /home/joel/robotica/visual_ws/src/install/robot_description/include/robot_description/robot_description/msg/filtered_sensor.h
-- Installing: /home/joel/robotica/visual_ws/src/install/robot_description/include/robot_description/robot_description/msg/detail
-- Installing: /home/joel/robotica/visual_ws/src/install/robot_description/include/robot_description/robot_description/msg/detail/filtered_sensor__struct.h
-- Installing: /home/joel/robotica/visual_ws/src/install/robot_description/include/robot_description/robot_description/msg/detail/filtered_sensor__functions.h
-- Installing: /home/joel/robotica/visual_ws/src/install/robot_description/include/robot_description/robot_description/msg/detail/filtered_sensor__functions.c
-- Installing: /home/joel/robotica/visual_ws/src/install/robot_description/include/robot_description/robot_description/msg/detail/filtered_sensor__description.c
-- Installing: /home/joel/robotica/visual_ws/src/install/robot_description/include/robot_description/robot_description/msg/detail/filtered_sensor__type_support.h
-- Installing: /home/joel/robotica/visual_ws/src/install/robot_description/include/robot_description/robot_description/msg/detail/filtered_sensor__type_support.c
-- Installing: /home/joel/robotica/visual_ws/src/install/robot_description/include/robot_description/robot_description/msg/rosidl_generator_c__visibility_control.h
-- Installing: /home/joel/robotica/visual_ws/src/install/robot_description/share/robot_description/environment/library_path.sh
-- Installing: /home/joel/robotica/visual_ws/src/install/robot_description/share/robot_description/environment/library_path.dsv
-- Installing: /home/joel/robotica/visual_ws/src/install/robot_description/lib/librobot_description__rosidl_generator_c.so
-- Set non-toolchain portion of runtime path of "/home/joel/robotica/visual_ws/src/install/robot_description/lib/librobot_description__rosidl_generator_c.so" to ""
-- Up-to-date: /home/joel/robotica/visual_ws/src/install/robot_description/include/robot_description/robot_description
-- Up-to-date: /home/joel/robotica/visual_ws/src/install/robot_description/include/robot_description/robot_description/msg
-- Up-to-date: /home/joel/robotica/visual_ws/src/install/robot_description/include/robot_description/robot_description/msg/detail
-- Installing: /home/joel/robotica/visual_ws/src/install/robot_description/include/robot_description/robot_description/msg/detail/filtered_sensor__rosidl_typesupport_fastrtps_c.h
-- Installing: /home/joel/robotica/visual_ws/src/install/robot_description/include/robot_description/robot_description/msg/rosidl_typesupport_fastrtps_c__visibility_control.h
-- Installing: /home/joel/robotica/visual_ws/src/install/robot_description/lib/librobot_description__rosidl_typesupport_fastrtps_c.so
-- Set non-toolchain portion of runtime path of "/home/joel/robotica/visual_ws/src/install/robot_description/lib/librobot_description__rosidl_typesupport_fastrtps_c.so" to ""
-- Up-to-date: /home/joel/robotica/visual_ws/src/install/robot_description/include/robot_description/robot_description
-- Up-to-date: /home/joel/robotica/visual_ws/src/install/robot_description/include/robot_description/robot_description/msg
-- Up-to-date: /home/joel/robotica/visual_ws/src/install/robot_description/include/robot_description/robot_description/msg/detail
-- Installing: /home/joel/robotica/visual_ws/src/install/robot_description/include/robot_description/robot_description/msg/detail/filtered_sensor__rosidl_typesupport_introspection_c.h
-- Up-to-date: /home/joel/robotica/visual_ws/src/install/robot_description/include/robot_description/robot_description/msg/detail/filtered_sensor__type_support.c
-- Installing: /home/joel/robotica/visual_ws/src/install/robot_description/include/robot_description/robot_description/msg/rosidl_typesupport_introspection_c__visibility_control.h
-- Installing: /home/joel/robotica/visual_ws/src/install/robot_description/lib/librobot_description__rosidl_typesupport_introspection_c.so
-- Set non-toolchain portion of runtime path of "/home/joel/robotica/visual_ws/src/install/robot_description/lib/librobot_description__rosidl_typesupport_introspection_c.so" to ""
-- Installing: /home/joel/robotica/visual_ws/src/install/robot_description/lib/librobot_description__rosidl_typesupport_c.so
-- Set non-toolchain portion of runtime path of "/home/joel/robotica/visual_ws/src/install/robot_description/lib/librobot_description__rosidl_typesupport_c.so" to ""
-- Up-to-date: /home/joel/robotica/visual_ws/src/install/robot_description/include/robot_description/robot_description
-- Up-to-date: /home/joel/robotica/visual_ws/src/install/robot_description/include/robot_description/robot_description/msg
-- Installing: /home/joel/robotica/visual_ws/src/install/robot_description/include/robot_description/robot_description/msg/rosidl_generator_cpp__visibility_control.hpp
-- Installing: /home/joel/robotica/visual_ws/src/install/robot_description/include/robot_description/robot_description/msg/filtered_sensor.hpp
-- Up-to-date: /home/joel/robotica/visual_ws/src/install/robot_description/include/robot_description/robot_description/msg/detail
-- Installing: /home/joel/robotica/visual_ws/src/install/robot_description/include/robot_description/robot_description/msg/detail/filtered_sensor__builder.hpp
-- Installing: /home/joel/robotica/visual_ws/src/install/robot_description/include/robot_description/robot_description/msg/detail/filtered_sensor__struct.hpp
-- Installing: /home/joel/robotica/visual_ws/src/install/robot_description/include/robot_description/robot_description/msg/detail/filtered_sensor__type_support.hpp
-- Installing: /home/joel/robotica/visual_ws/src/install/robot_description/include/robot_description/robot_description/msg/detail/filtered_sensor__traits.hpp
-- Up-to-date: /home/joel/robotica/visual_ws/src/install/robot_description/include/robot_description/robot_description
-- Up-to-date: /home/joel/robotica/visual_ws/src/install/robot_description/include/robot_description/robot_description/msg
-- Up-to-date: /home/joel/robotica/visual_ws/src/install/robot_description/include/robot_description/robot_description/msg/detail
-- Installing: /home/joel/robotica/visual_ws/src/install/robot_description/include/robot_description/robot_description/msg/detail/dds_fastrtps
-- Installing: /home/joel/robotica/visual_ws/src/install/robot_description/include/robot_description/robot_description/msg/detail/filtered_sensor__rosidl_typesupport_fastrtps_cpp.hpp
-- Installing: /home/joel/robotica/visual_ws/src/install/robot_description/include/robot_description/robot_description/msg/rosidl_typesupport_fastrtps_cpp__visibility_control.h
-- Installing: /home/joel/robotica/visual_ws/src/install/robot_description/lib/librobot_description__rosidl_typesupport_fastrtps_cpp.so
-- Set non-toolchain portion of runtime path of "/home/joel/robotica/visual_ws/src/install/robot_description/lib/librobot_description__rosidl_typesupport_fastrtps_cpp.so" to ""
-- Up-to-date: /home/joel/robotica/visual_ws/src/install/robot_description/include/robot_description/robot_description
-- Up-to-date: /home/joel/robotica/visual_ws/src/install/robot_description/include/robot_description/robot_description/msg
-- Up-to-date: /home/joel/robotica/visual_ws/src/install/robot_description/include/robot_description/robot_description/msg/detail
-- Installing: /home/joel/robotica/visual_ws/src/install/robot_description/include/robot_description/robot_description/msg/detail/filtered_sensor__rosidl_typesupport_introspection_cpp.hpp
-- Installing: /home/joel/robotica/visual_ws/src/install/robot_description/include/robot_description/robot_description/msg/detail/filtered_sensor__type_support.cpp
-- Installing: /home/joel/robotica/visual_ws/src/install/robot_description/lib/librobot_description__rosidl_typesupport_introspection_cpp.so
-- Set non-toolchain portion of runtime path of "/home/joel/robotica/visual_ws/src/install/robot_description/lib/librobot_description__rosidl_typesupport_introspection_cpp.so" to ""
-- Installing: /home/joel/robotica/visual_ws/src/install/robot_description/lib/librobot_description__rosidl_typesupport_cpp.so
-- Set non-toolchain portion of runtime path of "/home/joel/robotica/visual_ws/src/install/robot_description/lib/librobot_description__rosidl_typesupport_cpp.so" to ""
-- Installing: /home/joel/robotica/visual_ws/src/install/robot_description/share/robot_description/environment/pythonpath.sh
-- Installing: /home/joel/robotica/visual_ws/src/install/robot_description/share/robot_description/environment/pythonpath.dsv
-- Installing: /home/joel/robotica/visual_ws/src/install/robot_description/lib/python3.12/site-packages/robot_description-0.0.0-py3.12.egg-info
-- Installing: /home/joel/robotica/visual_ws/src/install/robot_description/lib/python3.12/site-packages/robot_description-0.0.0-py3.12.egg-info/top_level.txt
-- Installing: /home/joel/robotica/visual_ws/src/install/robot_description/lib/python3.12/site-packages/robot_description-0.0.0-py3.12.egg-info/PKG-INFO
-- Installing: /home/joel/robotica/visual_ws/src/install/robot_description/lib/python3.12/site-packages/robot_description-0.0.0-py3.12.egg-info/SOURCES.txt
-- Installing: /home/joel/robotica/visual_ws/src/install/robot_description/lib/python3.12/site-packages/robot_description-0.0.0-py3.12.egg-info/dependency_links.txt
-- Installing: /home/joel/robotica/visual_ws/src/install/robot_description/lib/python3.12/site-packages/robot_description
-- Installing: /home/joel/robotica/visual_ws/src/install/robot_description/lib/python3.12/site-packages/robot_description/robot_description_s__rosidl_typesupport_introspection_c.so
-- Installing: /home/joel/robotica/visual_ws/src/install/robot_description/lib/python3.12/site-packages/robot_description/_robot_description_s.ep.rosidl_typesupport_c.c
-- Installing: /home/joel/robotica/visual_ws/src/install/robot_description/lib/python3.12/site-packages/robot_description/msg
-- Installing: /home/joel/robotica/visual_ws/src/install/robot_description/lib/python3.12/site-packages/robot_description/msg/_filtered_sensor.py
-- Installing: /home/joel/robotica/visual_ws/src/install/robot_description/lib/python3.12/site-packages/robot_description/msg/_filtered_sensor_s.c
-- Installing: /home/joel/robotica/visual_ws/src/install/robot_description/lib/python3.12/site-packages/robot_description/msg/__init__.py
-- Installing: /home/joel/robotica/visual_ws/src/install/robot_description/lib/python3.12/site-packages/robot_description/robot_description_s__rosidl_typesupport_c.so
-- Installing: /home/joel/robotica/visual_ws/src/install/robot_description/lib/python3.12/site-packages/robot_description/__init__.py
-- Installing: /home/joel/robotica/visual_ws/src/install/robot_description/lib/python3.12/site-packages/robot_description/_robot_description_s.ep.rosidl_typesupport_fastrtps_c.c
-- Installing: /home/joel/robotica/visual_ws/src/install/robot_description/lib/python3.12/site-packages/robot_description/robot_description_s__rosidl_typesupport_fastrtps_c.so
-- Installing: /home/joel/robotica/visual_ws/src/install/robot_description/lib/python3.12/site-packages/robot_description/_robot_description_s.ep.rosidl_typesupport_introspection_c.c
Listing '/home/joel/robotica/visual_ws/src/install/robot_description/lib/python3.12/site-packages/robot_description'...
Compiling '/home/joel/robotica/visual_ws/src/install/robot_description/lib/python3.12/site-packages/robot_description/__init__.py'...
Listing '/home/joel/robotica/visual_ws/src/install/robot_description/lib/python3.12/site-packages/robot_description/msg'...
Compiling '/home/joel/robotica/visual_ws/src/install/robot_description/lib/python3.12/site-packages/robot_description/msg/__init__.py'...
Compiling '/home/joel/robotica/visual_ws/src/install/robot_description/lib/python3.12/site-packages/robot_description/msg/_filtered_sensor.py'...
-- Installing: /home/joel/robotica/visual_ws/src/install/robot_description/lib/python3.12/site-packages/robot_description/robot_description_s__rosidl_typesupport_fastrtps_c.so
-- Set non-toolchain portion of runtime path of "/home/joel/robotica/visual_ws/src/install/robot_description/lib/python3.12/site-packages/robot_description/robot_description_s__rosidl_typesupport_fastrtps_c.so" to ""
-- Installing: /home/joel/robotica/visual_ws/src/install/robot_description/lib/python3.12/site-packages/robot_description/robot_description_s__rosidl_typesupport_introspection_c.so
-- Set non-toolchain portion of runtime path of "/home/joel/robotica/visual_ws/src/install/robot_description/lib/python3.12/site-packages/robot_description/robot_description_s__rosidl_typesupport_introspection_c.so" to ""
-- Installing: /home/joel/robotica/visual_ws/src/install/robot_description/lib/python3.12/site-packages/robot_description/robot_description_s__rosidl_typesupport_c.so
-- Set non-toolchain portion of runtime path of "/home/joel/robotica/visual_ws/src/install/robot_description/lib/python3.12/site-packages/robot_description/robot_description_s__rosidl_typesupport_c.so" to ""
-- Installing: /home/joel/robotica/visual_ws/src/install/robot_description/lib/librobot_description__rosidl_generator_py.so
-- Set non-toolchain portion of runtime path of "/home/joel/robotica/visual_ws/src/install/robot_description/lib/librobot_description__rosidl_generator_py.so" to ""
-- Installing: /home/joel/robotica/visual_ws/src/install/robot_description/share/robot_description/msg/FilteredSensor.idl
-- Installing: /home/joel/robotica/visual_ws/src/install/robot_description/share/robot_description/msg/FilteredSensor.msg
-- Up-to-date: /home/joel/robotica/visual_ws/src/install/robot_description/share/robot_description/launch
-- Installing: /home/joel/robotica/visual_ws/src/install/robot_description/share/robot_description/launch/robot_a.launch.py
-- Installing: /home/joel/robotica/visual_ws/src/install/robot_description/share/robot_description/launch/robotbio.launch.py
-- Installing: /home/joel/robotica/visual_ws/src/install/robot_description/share/robot_description/launch/sensores_promedio.launch.py
-- Up-to-date: /home/joel/robotica/visual_ws/src/install/robot_description/share/robot_description/urdf
-- Installing: /home/joel/robotica/visual_ws/src/install/robot_description/share/robot_description/urdf/Examen1.urdf
-- Installing: /home/joel/robotica/visual_ws/src/install/robot_description/share/robot_description/urdf/Examen2.urdf
-- Up-to-date: /home/joel/robotica/visual_ws/src/install/robot_description/share/robot_description/rviz
-- Up-to-date: /home/joel/robotica/visual_ws/src/install/robot_description/share/robot_description/rviz/urdf.rviz
-- Up-to-date: /home/joel/robotica/visual_ws/src/install/robot_description/share/robot_description/meshes
-- Up-to-date: /home/joel/robotica/visual_ws/src/install/robot_description/share/robot_description/meshes/visual
-- Up-to-date: /home/joel/robotica/visual_ws/src/install/robot_description/share/robot_description/meshes/visual/finger.dae
-- Up-to-date: /home/joel/robotica/visual_ws/src/install/robot_description/share/robot_description/meshes/visual/link5.dae
-- Up-to-date: /home/joel/robotica/visual_ws/src/install/robot_description/share/robot_description/meshes/visual/link7.dae
-- Up-to-date: /home/joel/robotica/visual_ws/src/install/robot_description/share/robot_description/meshes/visual/link3.dae
-- Up-to-date: /home/joel/robotica/visual_ws/src/install/robot_description/share/robot_description/meshes/visual/link2.dae
-- Up-to-date: /home/joel/robotica/visual_ws/src/install/robot_description/share/robot_description/meshes/visual/link1.dae
-- Up-to-date: /home/joel/robotica/visual_ws/src/install/robot_description/share/robot_description/meshes/visual/link0.dae
-- Up-to-date: /home/joel/robotica/visual_ws/src/install/robot_description/share/robot_description/meshes/visual/link4.dae
-- Up-to-date: /home/joel/robotica/visual_ws/src/install/robot_description/share/robot_description/meshes/visual/hand.dae
-- Up-to-date: /home/joel/robotica/visual_ws/src/install/robot_description/share/robot_description/meshes/visual/link6.dae
-- Up-to-date: /home/joel/robotica/visual_ws/src/install/robot_description/share/robot_description/meshes/collision
-- Up-to-date: /home/joel/robotica/visual_ws/src/install/robot_description/share/robot_description/meshes/collision/link0.obj
-- Up-to-date: /home/joel/robotica/visual_ws/src/install/robot_description/share/robot_description/meshes/collision/link2.obj
-- Up-to-date: /home/joel/robotica/visual_ws/src/install/robot_description/share/robot_description/meshes/collision/hand.obj
-- Up-to-date: /home/joel/robotica/visual_ws/src/install/robot_description/share/robot_description/meshes/collision/link7.obj
-- Up-to-date: /home/joel/robotica/visual_ws/src/install/robot_description/share/robot_description/meshes/collision/link3.obj
-- Up-to-date: /home/joel/robotica/visual_ws/src/install/robot_description/share/robot_description/meshes/collision/link6.obj
-- Up-to-date: /home/joel/robotica/visual_ws/src/install/robot_description/share/robot_description/meshes/collision/link1.obj
-- Up-to-date: /home/joel/robotica/visual_ws/src/install/robot_description/share/robot_description/meshes/collision/link4.obj
-- Up-to-date: /home/joel/robotica/visual_ws/src/install/robot_description/share/robot_description/meshes/collision/finger.obj
-- Up-to-date: /home/joel/robotica/visual_ws/src/install/robot_description/share/robot_description/meshes/collision/link5.obj
-- Installing: /home/joel/robotica/visual_ws/src/install/robot_description/share/ament_index/resource_index/package_run_dependencies/robot_description
-- Installing: /home/joel/robotica/visual_ws/src/install/robot_description/share/ament_index/resource_index/parent_prefix_path/robot_description
-- Up-to-date: /home/joel/robotica/visual_ws/src/install/robot_description/share/robot_description/environment/ament_prefix_path.sh
-- Up-to-date: /home/joel/robotica/visual_ws/src/install/robot_description/share/robot_description/environment/ament_prefix_path.dsv
-- Up-to-date: /home/joel/robotica/visual_ws/src/install/robot_description/share/robot_description/environment/path.sh
-- Up-to-date: /home/joel/robotica/visual_ws/src/install/robot_description/share/robot_description/environment/path.dsv
-- Up-to-date: /home/joel/robotica/visual_ws/src/install/robot_description/share/robot_description/local_setup.bash
-- Installing: /home/joel/robotica/visual_ws/src/install/robot_description/share/robot_description/local_setup.sh
-- Up-to-date: /home/joel/robotica/visual_ws/src/install/robot_description/share/robot_description/local_setup.zsh
-- Installing: /home/joel/robotica/visual_ws/src/install/robot_description/share/robot_description/local_setup.dsv
-- Installing: /home/joel/robotica/visual_ws/src/install/robot_description/share/robot_description/package.dsv
-- Up-to-date: /home/joel/robotica/visual_ws/src/install/robot_description/share/ament_index/resource_index/packages/robot_description
-- Installing: /home/joel/robotica/visual_ws/src/install/robot_description/share/robot_description/cmake/export_robot_description__rosidl_generator_cExport.cmake
-- Installing: /home/joel/robotica/visual_ws/src/install/robot_description/share/robot_description/cmake/export_robot_description__rosidl_generator_cExport-noconfig.cmake
-- Installing: /home/joel/robotica/visual_ws/src/install/robot_description/share/robot_description/cmake/export_robot_description__rosidl_typesupport_fastrtps_cExport.cmake
-- Installing: /home/joel/robotica/visual_ws/src/install/robot_description/share/robot_description/cmake/export_robot_description__rosidl_typesupport_fastrtps_cExport-noconfig.cmake
-- Installing: /home/joel/robotica/visual_ws/src/install/robot_description/share/robot_description/cmake/robot_description__rosidl_typesupport_introspection_cExport.cmake
-- Installing: /home/joel/robotica/visual_ws/src/install/robot_description/share/robot_description/cmake/robot_description__rosidl_typesupport_introspection_cExport-noconfig.cmake
-- Installing: /home/joel/robotica/visual_ws/src/install/robot_description/share/robot_description/cmake/robot_description__rosidl_typesupport_cExport.cmake
-- Installing: /home/joel/robotica/visual_ws/src/install/robot_description/share/robot_description/cmake/robot_description__rosidl_typesupport_cExport-noconfig.cmake
-- Installing: /home/joel/robotica/visual_ws/src/install/robot_description/share/robot_description/cmake/export_robot_description__rosidl_generator_cppExport.cmake
-- Installing: /home/joel/robotica/visual_ws/src/install/robot_description/share/robot_description/cmake/export_robot_description__rosidl_typesupport_fastrtps_cppExport.cmake
-- Installing: /home/joel/robotica/visual_ws/src/install/robot_description/share/robot_description/cmake/export_robot_description__rosidl_typesupport_fastrtps_cppExport-noconfig.cmake
-- Installing: /home/joel/robotica/visual_ws/src/install/robot_description/share/robot_description/cmake/robot_description__rosidl_typesupport_introspection_cppExport.cmake
-- Installing: /home/joel/robotica/visual_ws/src/install/robot_description/share/robot_description/cmake/robot_description__rosidl_typesupport_introspection_cppExport-noconfig.cmake
-- Installing: /home/joel/robotica/visual_ws/src/install/robot_description/share/robot_description/cmake/robot_description__rosidl_typesupport_cppExport.cmake
-- Installing: /home/joel/robotica/visual_ws/src/install/robot_description/share/robot_description/cmake/robot_description__rosidl_typesupport_cppExport-noconfig.cmake
-- Installing: /home/joel/robotica/visual_ws/src/install/robot_description/share/robot_description/cmake/export_robot_description__rosidl_generator_pyExport.cmake
-- Installing: /home/joel/robotica/visual_ws/src/install/robot_description/share/robot_description/cmake/export_robot_description__rosidl_generator_pyExport-noconfig.cmake
-- Installing: /home/joel/robotica/visual_ws/src/install/robot_description/share/robot_description/cmake/rosidl_cmake-extras.cmake
-- Installing: /home/joel/robotica/visual_ws/src/install/robot_description/share/robot_description/cmake/ament_cmake_export_dependencies-extras.cmake
-- Installing: /home/joel/robotica/visual_ws/src/install/robot_description/share/robot_description/cmake/ament_cmake_export_include_directories-extras.cmake
-- Installing: /home/joel/robotica/visual_ws/src/install/robot_description/share/robot_description/cmake/ament_cmake_export_libraries-extras.cmake
-- Installing: /home/joel/robotica/visual_ws/src/install/robot_description/share/robot_description/cmake/ament_cmake_export_targets-extras.cmake
-- Installing: /home/joel/robotica/visual_ws/src/install/robot_description/share/robot_description/cmake/rosidl_cmake_export_typesupport_targets-extras.cmake
-- Installing: /home/joel/robotica/visual_ws/src/install/robot_description/share/robot_description/cmake/rosidl_cmake_export_typesupport_libraries-extras.cmake
-- Installing: /home/joel/robotica/visual_ws/src/install/robot_description/share/robot_description/cmake/robot_descriptionConfig.cmake
-- Up-to-date: /home/joel/robotica/visual_ws/src/install/robot_description/share/robot_description/cmake/robot_descriptionConfig-version.cmake
-- Installing: /home/joel/robotica/visual_ws/src/install/robot_description/share/robot_description/package.xml
