[1.663s] Invoking command in '/home/joel/robotica/visual_ws/src/ros2_tutorials/visual_pubsub': DEBUGINFOD_URLS=https://debuginfod.ubuntu.com PYTHONPATH=/home/joel/robotica/visual_ws/src/build/visual_pubsub/prefix_override:/usr/lib/python3/dist-packages/colcon_core/task/python/colcon_distutils_commands:/home/joel/robotica/visual_ws/src/install/visual_pubsub/lib/python3.12/site-packages:${PYTHONPATH} /usr/bin/python3 -W ignore:setup.py install is deprecated -W ignore:easy_install command is deprecated setup.py egg_info --egg-base ../../build/visual_pubsub build --build-base /home/joel/robotica/visual_ws/src/build/visual_pubsub/build install --record /home/joel/robotica/visual_ws/src/build/visual_pubsub/install.log --single-version-externally-managed install_data
[2.210s] running egg_info
[2.250s] writing ../../build/visual_pubsub/visual_pubsub.egg-info/PKG-INFO
[2.250s] writing dependency_links to ../../build/visual_pubsub/visual_pubsub.egg-info/dependency_links.txt
[2.251s] writing entry points to ../../build/visual_pubsub/visual_pubsub.egg-info/entry_points.txt
[2.251s] writing requirements to ../../build/visual_pubsub/visual_pubsub.egg-info/requires.txt
[2.252s] writing top-level names to ../../build/visual_pubsub/visual_pubsub.egg-info/top_level.txt
[2.339s] reading manifest file '../../build/visual_pubsub/visual_pubsub.egg-info/SOURCES.txt'
[2.339s] adding license file 'LICENSE'
[2.341s] writing manifest file '../../build/visual_pubsub/visual_pubsub.egg-info/SOURCES.txt'
[2.343s] running build
[2.343s] running build_py
[2.343s] running install
[2.359s] running install_lib
[2.403s] running install_data
[2.403s] running install_egg_info
[2.448s] removing '/home/joel/robotica/visual_ws/src/install/visual_pubsub/lib/python3.12/site-packages/visual_pubsub-0.0.0-py3.12.egg-info' (and everything under it)
[2.448s] Copying ../../build/visual_pubsub/visual_pubsub.egg-info to /home/joel/robotica/visual_ws/src/install/visual_pubsub/lib/python3.12/site-packages/visual_pubsub-0.0.0-py3.12.egg-info
[2.449s] running install_scripts
[2.758s] Installing pub_joints script to /home/joel/robotica/visual_ws/src/install/visual_pubsub/lib/visual_pubsub
[2.758s] Installing sub_joints script to /home/joel/robotica/visual_ws/src/install/visual_pubsub/lib/visual_pubsub
[2.759s] writing list of installed files to '/home/joel/robotica/visual_ws/src/build/visual_pubsub/install.log'
[2.814s] Invoked command in '/home/joel/robotica/visual_ws/src/ros2_tutorials/visual_pubsub' returned '0': DEBUGINFOD_URLS=https://debuginfod.ubuntu.com PYTHONPATH=/home/joel/robotica/visual_ws/src/build/visual_pubsub/prefix_override:/usr/lib/python3/dist-packages/colcon_core/task/python/colcon_distutils_commands:/home/joel/robotica/visual_ws/src/install/visual_pubsub/lib/python3.12/site-packages:${PYTHONPATH} /usr/bin/python3 -W ignore:setup.py install is deprecated -W ignore:easy_install command is deprecated setup.py egg_info --egg-base ../../build/visual_pubsub build --build-base /home/joel/robotica/visual_ws/src/build/visual_pubsub/build install --record /home/joel/robotica/visual_ws/src/build/visual_pubsub/install.log --single-version-externally-managed install_data
