[0.235s] DEBUG:colcon:Command line arguments: ['/usr/bin/colcon', 'build']
[0.235s] DEBUG:colcon:Parsed command line arguments: Namespace(log_base=None, log_level=None, verb_name='build', build_base='build', install_base='install', merge_install=False, symlink_install=False, test_result_base=None, continue_on_error=False, executor='parallel', parallel_workers=8, event_handlers=None, ignore_user_meta=False, metas=['./colcon.meta'], base_paths=['.'], packages_ignore=None, packages_ignore_regex=None, paths=None, packages_up_to=None, packages_up_to_regex=None, packages_above=None, packages_above_and_dependencies=None, packages_above_depth=None, packages_select_by_dep=None, packages_skip_by_dep=None, packages_skip_up_to=None, packages_select_build_failed=False, packages_skip_build_finished=False, packages_select_test_failures=False, packages_skip_test_passed=False, packages_select=None, packages_skip=None, packages_select_regex=None, packages_skip_regex=None, packages_start=None, packages_end=None, cmake_args=None, cmake_target=None, cmake_target_skip_unavailable=False, cmake_clean_cache=False, cmake_clean_first=False, cmake_force_configure=False, ament_cmake_args=None, catkin_cmake_args=None, catkin_skip_building_tests=False, verb_parser=<colcon_defaults.argument_parser.defaults.DefaultArgumentsDecorator object at 0x750c30304f50>, verb_extension=<colcon_core.verb.build.BuildVerb object at 0x750c30304b00>, main=<bound method BuildVerb.main of <colcon_core.verb.build.BuildVerb object at 0x750c30304b00>>)
[0.327s] Level 1:colcon.colcon_core.package_discovery:discover_packages(colcon_meta) check parameters
[0.327s] Level 1:colcon.colcon_core.package_discovery:discover_packages(recursive) check parameters
[0.327s] Level 1:colcon.colcon_core.package_discovery:discover_packages(ignore) check parameters
[0.327s] Level 1:colcon.colcon_core.package_discovery:discover_packages(path) check parameters
[0.327s] Level 1:colcon.colcon_core.package_discovery:discover_packages(colcon_meta) discover
[0.328s] Level 1:colcon.colcon_core.package_discovery:discover_packages(recursive) discover
[0.328s] INFO:colcon.colcon_core.package_discovery:Crawling recursively for packages in '/home/joel/robotica/visual_ws/src'
[0.328s] Level 1:colcon.colcon_core.package_identification:_identify(.) by extensions ['ignore', 'ignore_ament_install']
[0.328s] Level 1:colcon.colcon_core.package_identification:_identify(.) by extension 'ignore'
[0.329s] Level 1:colcon.colcon_core.package_identification:_identify(.) by extension 'ignore_ament_install'
[0.329s] Level 1:colcon.colcon_core.package_identification:_identify(.) by extensions ['colcon_pkg']
[0.329s] Level 1:colcon.colcon_core.package_identification:_identify(.) by extension 'colcon_pkg'
[0.329s] Level 1:colcon.colcon_core.package_identification:_identify(.) by extensions ['colcon_meta']
[0.329s] Level 1:colcon.colcon_core.package_identification:_identify(.) by extension 'colcon_meta'
[0.329s] Level 1:colcon.colcon_core.package_identification:_identify(.) by extensions ['ros']
[0.329s] Level 1:colcon.colcon_core.package_identification:_identify(.) by extension 'ros'
[0.404s] Level 1:colcon.colcon_core.package_identification:_identify(.) by extensions ['cmake', 'python']
[0.404s] Level 1:colcon.colcon_core.package_identification:_identify(.) by extension 'cmake'
[0.404s] Level 1:colcon.colcon_core.package_identification:_identify(.) by extension 'python'
[0.404s] Level 1:colcon.colcon_core.package_identification:_identify(.) by extensions ['python_setup_py']
[0.404s] Level 1:colcon.colcon_core.package_identification:_identify(.) by extension 'python_setup_py'
[0.404s] Level 1:colcon.colcon_core.package_identification:_identify(build) by extensions ['ignore', 'ignore_ament_install']
[0.405s] Level 1:colcon.colcon_core.package_identification:_identify(build) by extension 'ignore'
[0.405s] Level 1:colcon.colcon_core.package_identification:_identify(build) ignored
[0.405s] Level 1:colcon.colcon_core.package_identification:_identify(install) by extensions ['ignore', 'ignore_ament_install']
[0.405s] Level 1:colcon.colcon_core.package_identification:_identify(install) by extension 'ignore'
[0.405s] Level 1:colcon.colcon_core.package_identification:_identify(install) ignored
[0.406s] Level 1:colcon.colcon_core.package_identification:_identify(log) by extensions ['ignore', 'ignore_ament_install']
[0.406s] Level 1:colcon.colcon_core.package_identification:_identify(log) by extension 'ignore'
[0.406s] Level 1:colcon.colcon_core.package_identification:_identify(log) ignored
[0.406s] Level 1:colcon.colcon_core.package_identification:_identify(ros2_tutorials) by extensions ['ignore', 'ignore_ament_install']
[0.406s] Level 1:colcon.colcon_core.package_identification:_identify(ros2_tutorials) by extension 'ignore'
[0.406s] Level 1:colcon.colcon_core.package_identification:_identify(ros2_tutorials) by extension 'ignore_ament_install'
[0.406s] Level 1:colcon.colcon_core.package_identification:_identify(ros2_tutorials) by extensions ['colcon_pkg']
[0.406s] Level 1:colcon.colcon_core.package_identification:_identify(ros2_tutorials) by extension 'colcon_pkg'
[0.407s] Level 1:colcon.colcon_core.package_identification:_identify(ros2_tutorials) by extensions ['colcon_meta']
[0.407s] Level 1:colcon.colcon_core.package_identification:_identify(ros2_tutorials) by extension 'colcon_meta'
[0.407s] Level 1:colcon.colcon_core.package_identification:_identify(ros2_tutorials) by extensions ['ros']
[0.407s] Level 1:colcon.colcon_core.package_identification:_identify(ros2_tutorials) by extension 'ros'
[0.407s] Level 1:colcon.colcon_core.package_identification:_identify(ros2_tutorials) by extensions ['cmake', 'python']
[0.407s] Level 1:colcon.colcon_core.package_identification:_identify(ros2_tutorials) by extension 'cmake'
[0.407s] Level 1:colcon.colcon_core.package_identification:_identify(ros2_tutorials) by extension 'python'
[0.408s] Level 1:colcon.colcon_core.package_identification:_identify(ros2_tutorials) by extensions ['python_setup_py']
[0.408s] Level 1:colcon.colcon_core.package_identification:_identify(ros2_tutorials) by extension 'python_setup_py'
[0.408s] Level 1:colcon.colcon_core.package_identification:_identify(ros2_tutorials/robot_description) by extensions ['ignore', 'ignore_ament_install']
[0.408s] Level 1:colcon.colcon_core.package_identification:_identify(ros2_tutorials/robot_description) by extension 'ignore'
[0.408s] Level 1:colcon.colcon_core.package_identification:_identify(ros2_tutorials/robot_description) by extension 'ignore_ament_install'
[0.408s] Level 1:colcon.colcon_core.package_identification:_identify(ros2_tutorials/robot_description) by extensions ['colcon_pkg']
[0.409s] Level 1:colcon.colcon_core.package_identification:_identify(ros2_tutorials/robot_description) by extension 'colcon_pkg'
[0.409s] Level 1:colcon.colcon_core.package_identification:_identify(ros2_tutorials/robot_description) by extensions ['colcon_meta']
[0.409s] Level 1:colcon.colcon_core.package_identification:_identify(ros2_tutorials/robot_description) by extension 'colcon_meta'
[0.409s] Level 1:colcon.colcon_core.package_identification:_identify(ros2_tutorials/robot_description) by extensions ['ros']
[0.409s] Level 1:colcon.colcon_core.package_identification:_identify(ros2_tutorials/robot_description) by extension 'ros'
[0.415s] DEBUG:colcon.colcon_core.package_identification:Package 'ros2_tutorials/robot_description' with type 'ros.ament_cmake' and name 'robot_description'
[0.415s] Level 1:colcon.colcon_core.package_identification:_identify(ros2_tutorials/visual_pubsub) by extensions ['ignore', 'ignore_ament_install']
[0.415s] Level 1:colcon.colcon_core.package_identification:_identify(ros2_tutorials/visual_pubsub) by extension 'ignore'
[0.415s] Level 1:colcon.colcon_core.package_identification:_identify(ros2_tutorials/visual_pubsub) by extension 'ignore_ament_install'
[0.416s] Level 1:colcon.colcon_core.package_identification:_identify(ros2_tutorials/visual_pubsub) by extensions ['colcon_pkg']
[0.416s] Level 1:colcon.colcon_core.package_identification:_identify(ros2_tutorials/visual_pubsub) by extension 'colcon_pkg'
[0.416s] Level 1:colcon.colcon_core.package_identification:_identify(ros2_tutorials/visual_pubsub) by extensions ['colcon_meta']
[0.416s] Level 1:colcon.colcon_core.package_identification:_identify(ros2_tutorials/visual_pubsub) by extension 'colcon_meta'
[0.416s] Level 1:colcon.colcon_core.package_identification:_identify(ros2_tutorials/visual_pubsub) by extensions ['ros']
[0.416s] Level 1:colcon.colcon_core.package_identification:_identify(ros2_tutorials/visual_pubsub) by extension 'ros'
[0.418s] DEBUG:colcon.colcon_core.package_identification:Package 'ros2_tutorials/visual_pubsub' with type 'ros.ament_python' and name 'visual_pubsub'
[0.418s] Level 1:colcon.colcon_core.package_discovery:discover_packages(recursive) using defaults
[0.418s] Level 1:colcon.colcon_core.package_discovery:discover_packages(ignore) discover
[0.418s] Level 1:colcon.colcon_core.package_discovery:discover_packages(ignore) using defaults
[0.418s] Level 1:colcon.colcon_core.package_discovery:discover_packages(path) discover
[0.418s] Level 1:colcon.colcon_core.package_discovery:discover_packages(path) using defaults
[0.468s] Level 5:colcon.colcon_core.verb:set package 'robot_description' build argument 'cmake_args' from command line to 'None'
[0.468s] Level 5:colcon.colcon_core.verb:set package 'robot_description' build argument 'cmake_target' from command line to 'None'
[0.468s] Level 5:colcon.colcon_core.verb:set package 'robot_description' build argument 'cmake_target_skip_unavailable' from command line to 'False'
[0.468s] Level 5:colcon.colcon_core.verb:set package 'robot_description' build argument 'cmake_clean_cache' from command line to 'False'
[0.468s] Level 5:colcon.colcon_core.verb:set package 'robot_description' build argument 'cmake_clean_first' from command line to 'False'
[0.468s] Level 5:colcon.colcon_core.verb:set package 'robot_description' build argument 'cmake_force_configure' from command line to 'False'
[0.469s] Level 5:colcon.colcon_core.verb:set package 'robot_description' build argument 'ament_cmake_args' from command line to 'None'
[0.469s] Level 5:colcon.colcon_core.verb:set package 'robot_description' build argument 'catkin_cmake_args' from command line to 'None'
[0.469s] Level 5:colcon.colcon_core.verb:set package 'robot_description' build argument 'catkin_skip_building_tests' from command line to 'False'
[0.469s] DEBUG:colcon.colcon_core.verb:Building package 'robot_description' with the following arguments: {'ament_cmake_args': None, 'build_base': '/home/joel/robotica/visual_ws/src/build/robot_description', 'catkin_cmake_args': None, 'catkin_skip_building_tests': False, 'cmake_args': None, 'cmake_clean_cache': False, 'cmake_clean_first': False, 'cmake_force_configure': False, 'cmake_target': None, 'cmake_target_skip_unavailable': False, 'install_base': '/home/joel/robotica/visual_ws/src/install/robot_description', 'merge_install': False, 'path': '/home/joel/robotica/visual_ws/src/ros2_tutorials/robot_description', 'symlink_install': False, 'test_result_base': None}
[0.470s] Level 5:colcon.colcon_core.verb:set package 'visual_pubsub' build argument 'cmake_args' from command line to 'None'
[0.470s] Level 5:colcon.colcon_core.verb:set package 'visual_pubsub' build argument 'cmake_target' from command line to 'None'
[0.470s] Level 5:colcon.colcon_core.verb:set package 'visual_pubsub' build argument 'cmake_target_skip_unavailable' from command line to 'False'
[0.470s] Level 5:colcon.colcon_core.verb:set package 'visual_pubsub' build argument 'cmake_clean_cache' from command line to 'False'
[0.470s] Level 5:colcon.colcon_core.verb:set package 'visual_pubsub' build argument 'cmake_clean_first' from command line to 'False'
[0.470s] Level 5:colcon.colcon_core.verb:set package 'visual_pubsub' build argument 'cmake_force_configure' from command line to 'False'
[0.471s] Level 5:colcon.colcon_core.verb:set package 'visual_pubsub' build argument 'ament_cmake_args' from command line to 'None'
[0.471s] Level 5:colcon.colcon_core.verb:set package 'visual_pubsub' build argument 'catkin_cmake_args' from command line to 'None'
[0.471s] Level 5:colcon.colcon_core.verb:set package 'visual_pubsub' build argument 'catkin_skip_building_tests' from command line to 'False'
[0.471s] DEBUG:colcon.colcon_core.verb:Building package 'visual_pubsub' with the following arguments: {'ament_cmake_args': None, 'build_base': '/home/joel/robotica/visual_ws/src/build/visual_pubsub', 'catkin_cmake_args': None, 'catkin_skip_building_tests': False, 'cmake_args': None, 'cmake_clean_cache': False, 'cmake_clean_first': False, 'cmake_force_configure': False, 'cmake_target': None, 'cmake_target_skip_unavailable': False, 'install_base': '/home/joel/robotica/visual_ws/src/install/visual_pubsub', 'merge_install': False, 'path': '/home/joel/robotica/visual_ws/src/ros2_tutorials/visual_pubsub', 'symlink_install': False, 'test_result_base': None}
[0.471s] INFO:colcon.colcon_core.executor:Executing jobs using 'parallel' executor
[0.473s] DEBUG:colcon.colcon_parallel_executor.executor.parallel:run_until_complete
[0.473s] INFO:colcon.colcon_ros.task.ament_cmake.build:Building ROS package in '/home/joel/robotica/visual_ws/src/ros2_tutorials/robot_description' with build type 'ament_cmake'
[0.474s] INFO:colcon.colcon_cmake.task.cmake.build:Building CMake package in '/home/joel/robotica/visual_ws/src/ros2_tutorials/robot_description'
[0.479s] INFO:colcon.colcon_core.plugin_system:Skipping extension 'colcon_core.shell.bat': Not used on non-Windows systems
[0.480s] DEBUG:colcon.colcon_core.shell:Skip shell extension 'dsv' for command environment
[0.495s] INFO:colcon.colcon_ros.task.ament_python.build:Building ROS package in '/home/joel/robotica/visual_ws/src/ros2_tutorials/visual_pubsub' with build type 'ament_python'
[0.496s] Level 1:colcon.colcon_core.shell:create_environment_hook('visual_pubsub', 'ament_prefix_path')
[0.496s] INFO:colcon.colcon_core.shell:Creating environment descriptor '/home/joel/robotica/visual_ws/src/install/visual_pubsub/share/visual_pubsub/hook/ament_prefix_path.dsv'
[0.498s] INFO:colcon.colcon_core.shell:Creating environment hook '/home/joel/robotica/visual_ws/src/install/visual_pubsub/share/visual_pubsub/hook/ament_prefix_path.sh'
[0.499s] DEBUG:colcon.colcon_core.shell:Skip shell extension 'dsv' for command environment
[0.516s] DEBUG:colcon.colcon_core.event_handler.log_command:Invoking command in '/home/joel/robotica/visual_ws/src/build/robot_description': CMAKE_PREFIX_PATH=${CMAKE_PREFIX_PATH}:/home/joel/robotica/visual_ws/src/install/visual_pubsub:/opt/ros/jazzy DEBUGINFOD_URLS=https://debuginfod.ubuntu.com /usr/bin/cmake --build /home/joel/robotica/visual_ws/src/build/robot_description -- -j8 -l8
[1.076s] INFO:colcon.colcon_core.task.python.build:Building Python package in '/home/joel/robotica/visual_ws/src/ros2_tutorials/visual_pubsub'
[1.076s] DEBUG:colcon.colcon_core.shell:Skip shell extension 'dsv' for command environment
[1.085s] DEBUG:colcon.colcon_core.event_handler.log_command:Invoked command in '/home/joel/robotica/visual_ws/src/build/robot_description' returned '0': CMAKE_PREFIX_PATH=${CMAKE_PREFIX_PATH}:/home/joel/robotica/visual_ws/src/install/visual_pubsub:/opt/ros/jazzy DEBUGINFOD_URLS=https://debuginfod.ubuntu.com /usr/bin/cmake --build /home/joel/robotica/visual_ws/src/build/robot_description -- -j8 -l8
[1.107s] DEBUG:colcon.colcon_core.event_handler.log_command:Invoking command in '/home/joel/robotica/visual_ws/src/build/robot_description': CMAKE_PREFIX_PATH=${CMAKE_PREFIX_PATH}:/home/joel/robotica/visual_ws/src/install/visual_pubsub:/opt/ros/jazzy DEBUGINFOD_URLS=https://debuginfod.ubuntu.com /usr/bin/cmake --install /home/joel/robotica/visual_ws/src/build/robot_description
[1.135s] Level 1:colcon.colcon_core.environment:create_environment_scripts_only(robot_description)
[1.144s] DEBUG:colcon.colcon_core.event_handler.log_command:Invoked command in '/home/joel/robotica/visual_ws/src/build/robot_description' returned '0': CMAKE_PREFIX_PATH=${CMAKE_PREFIX_PATH}:/home/joel/robotica/visual_ws/src/install/visual_pubsub:/opt/ros/jazzy DEBUGINFOD_URLS=https://debuginfod.ubuntu.com /usr/bin/cmake --install /home/joel/robotica/visual_ws/src/build/robot_description
[1.149s] Level 1:colcon.colcon_core.environment:checking '/home/joel/robotica/visual_ws/src/install/robot_description' for CMake module files
[1.151s] Level 1:colcon.colcon_core.environment:checking '/home/joel/robotica/visual_ws/src/install/robot_description' for CMake config files
[1.151s] Level 1:colcon.colcon_core.shell:create_environment_hook('robot_description', 'cmake_prefix_path')
[1.152s] INFO:colcon.colcon_core.shell:Creating environment descriptor '/home/joel/robotica/visual_ws/src/install/robot_description/share/robot_description/hook/cmake_prefix_path.dsv'
[1.153s] INFO:colcon.colcon_core.shell:Creating environment hook '/home/joel/robotica/visual_ws/src/install/robot_description/share/robot_description/hook/cmake_prefix_path.sh'
[1.155s] Level 1:colcon.colcon_core.environment:checking '/home/joel/robotica/visual_ws/src/install/robot_description/bin'
[1.155s] Level 1:colcon.colcon_core.environment:checking '/home/joel/robotica/visual_ws/src/install/robot_description/lib/pkgconfig/robot_description.pc'
[1.156s] Level 1:colcon.colcon_core.environment:checking '/home/joel/robotica/visual_ws/src/install/robot_description/lib/python3.12/site-packages'
[1.158s] Level 1:colcon.colcon_core.environment:checking '/home/joel/robotica/visual_ws/src/install/robot_description/bin'
[1.158s] INFO:colcon.colcon_core.shell:Creating package descriptor '/home/joel/robotica/visual_ws/src/install/robot_description/share/robot_description/package.dsv'
[1.160s] INFO:colcon.colcon_core.shell:Creating package script '/home/joel/robotica/visual_ws/src/install/robot_description/share/robot_description/package.sh'
[1.162s] INFO:colcon.colcon_core.shell:Creating package script '/home/joel/robotica/visual_ws/src/install/robot_description/share/robot_description/package.bash'
[1.165s] INFO:colcon.colcon_core.shell:Creating package script '/home/joel/robotica/visual_ws/src/install/robot_description/share/robot_description/package.zsh'
[1.167s] Level 1:colcon.colcon_core.environment:create_file_with_runtime_dependencies(/home/joel/robotica/visual_ws/src/install/robot_description/share/colcon-core/packages/robot_description)
[1.169s] Level 1:colcon.colcon_core.environment:create_environment_scripts_only(robot_description)
[1.170s] Level 1:colcon.colcon_core.environment:checking '/home/joel/robotica/visual_ws/src/install/robot_description' for CMake module files
[1.172s] Level 1:colcon.colcon_core.environment:checking '/home/joel/robotica/visual_ws/src/install/robot_description' for CMake config files
[1.173s] Level 1:colcon.colcon_core.shell:create_environment_hook('robot_description', 'cmake_prefix_path')
[1.173s] INFO:colcon.colcon_core.shell:Creating environment descriptor '/home/joel/robotica/visual_ws/src/install/robot_description/share/robot_description/hook/cmake_prefix_path.dsv'
[1.174s] INFO:colcon.colcon_core.shell:Creating environment hook '/home/joel/robotica/visual_ws/src/install/robot_description/share/robot_description/hook/cmake_prefix_path.sh'
[1.176s] Level 1:colcon.colcon_core.environment:checking '/home/joel/robotica/visual_ws/src/install/robot_description/bin'
[1.177s] Level 1:colcon.colcon_core.environment:checking '/home/joel/robotica/visual_ws/src/install/robot_description/lib/pkgconfig/robot_description.pc'
[1.178s] Level 1:colcon.colcon_core.environment:checking '/home/joel/robotica/visual_ws/src/install/robot_description/lib/python3.12/site-packages'
[1.179s] Level 1:colcon.colcon_core.environment:checking '/home/joel/robotica/visual_ws/src/install/robot_description/bin'
[1.180s] INFO:colcon.colcon_core.shell:Creating package descriptor '/home/joel/robotica/visual_ws/src/install/robot_description/share/robot_description/package.dsv'
[1.182s] INFO:colcon.colcon_core.shell:Creating package script '/home/joel/robotica/visual_ws/src/install/robot_description/share/robot_description/package.sh'
[1.183s] INFO:colcon.colcon_core.shell:Creating package script '/home/joel/robotica/visual_ws/src/install/robot_description/share/robot_description/package.bash'
[1.185s] INFO:colcon.colcon_core.shell:Creating package script '/home/joel/robotica/visual_ws/src/install/robot_description/share/robot_description/package.zsh'
[1.186s] Level 1:colcon.colcon_core.environment:create_file_with_runtime_dependencies(/home/joel/robotica/visual_ws/src/install/robot_description/share/colcon-core/packages/robot_description)
[2.518s] DEBUG:colcon.colcon_core.event_handler.log_command:Invoking command in '/home/joel/robotica/visual_ws/src/ros2_tutorials/visual_pubsub': DEBUGINFOD_URLS=https://debuginfod.ubuntu.com PYTHONPATH=/home/joel/robotica/visual_ws/src/build/visual_pubsub/prefix_override:/usr/lib/python3/dist-packages/colcon_core/task/python/colcon_distutils_commands:/home/joel/robotica/visual_ws/src/install/visual_pubsub/lib/python3.12/site-packages:${PYTHONPATH} /usr/bin/python3 -W ignore:setup.py install is deprecated -W ignore:easy_install command is deprecated setup.py egg_info --egg-base ../../build/visual_pubsub build --build-base /home/joel/robotica/visual_ws/src/build/visual_pubsub/build install --record /home/joel/robotica/visual_ws/src/build/visual_pubsub/install.log --single-version-externally-managed install_data
[3.747s] Level 1:colcon.colcon_core.environment:checking '/home/joel/robotica/visual_ws/src/install/visual_pubsub' for CMake module files
[3.748s] DEBUG:colcon.colcon_core.event_handler.log_command:Invoked command in '/home/joel/robotica/visual_ws/src/ros2_tutorials/visual_pubsub' returned '0': DEBUGINFOD_URLS=https://debuginfod.ubuntu.com PYTHONPATH=/home/joel/robotica/visual_ws/src/build/visual_pubsub/prefix_override:/usr/lib/python3/dist-packages/colcon_core/task/python/colcon_distutils_commands:/home/joel/robotica/visual_ws/src/install/visual_pubsub/lib/python3.12/site-packages:${PYTHONPATH} /usr/bin/python3 -W ignore:setup.py install is deprecated -W ignore:easy_install command is deprecated setup.py egg_info --egg-base ../../build/visual_pubsub build --build-base /home/joel/robotica/visual_ws/src/build/visual_pubsub/build install --record /home/joel/robotica/visual_ws/src/build/visual_pubsub/install.log --single-version-externally-managed install_data
[3.752s] Level 1:colcon.colcon_core.environment:checking '/home/joel/robotica/visual_ws/src/install/visual_pubsub' for CMake config files
[3.753s] Level 1:colcon.colcon_core.environment:checking '/home/joel/robotica/visual_ws/src/install/visual_pubsub/lib'
[3.754s] Level 1:colcon.colcon_core.environment:checking '/home/joel/robotica/visual_ws/src/install/visual_pubsub/bin'
[3.754s] Level 1:colcon.colcon_core.environment:checking '/home/joel/robotica/visual_ws/src/install/visual_pubsub/lib/pkgconfig/visual_pubsub.pc'
[3.755s] Level 1:colcon.colcon_core.environment:checking '/home/joel/robotica/visual_ws/src/install/visual_pubsub/lib/python3.12/site-packages'
[3.755s] Level 1:colcon.colcon_core.shell:create_environment_hook('visual_pubsub', 'pythonpath')
[3.756s] INFO:colcon.colcon_core.shell:Creating environment descriptor '/home/joel/robotica/visual_ws/src/install/visual_pubsub/share/visual_pubsub/hook/pythonpath.dsv'
[3.757s] INFO:colcon.colcon_core.shell:Creating environment hook '/home/joel/robotica/visual_ws/src/install/visual_pubsub/share/visual_pubsub/hook/pythonpath.sh'
[3.759s] Level 1:colcon.colcon_core.environment:checking '/home/joel/robotica/visual_ws/src/install/visual_pubsub/bin'
[3.760s] Level 1:colcon.colcon_core.environment:create_environment_scripts_only(visual_pubsub)
[3.760s] INFO:colcon.colcon_core.shell:Creating package descriptor '/home/joel/robotica/visual_ws/src/install/visual_pubsub/share/visual_pubsub/package.dsv'
[3.761s] INFO:colcon.colcon_core.shell:Creating package script '/home/joel/robotica/visual_ws/src/install/visual_pubsub/share/visual_pubsub/package.sh'
[3.762s] INFO:colcon.colcon_core.shell:Creating package script '/home/joel/robotica/visual_ws/src/install/visual_pubsub/share/visual_pubsub/package.bash'
[3.763s] INFO:colcon.colcon_core.shell:Creating package script '/home/joel/robotica/visual_ws/src/install/visual_pubsub/share/visual_pubsub/package.zsh'
[3.763s] Level 1:colcon.colcon_core.environment:create_file_with_runtime_dependencies(/home/joel/robotica/visual_ws/src/install/visual_pubsub/share/colcon-core/packages/visual_pubsub)
[3.764s] DEBUG:colcon.colcon_parallel_executor.executor.parallel:closing loop
[3.765s] DEBUG:colcon.colcon_parallel_executor.executor.parallel:loop closed
[3.765s] DEBUG:colcon.colcon_parallel_executor.executor.parallel:run_until_complete finished with '0'
[3.765s] DEBUG:colcon.colcon_core.event_reactor:joining thread
[3.784s] INFO:colcon.colcon_core.plugin_system:Skipping extension 'colcon_notification.desktop_notification.terminal_notifier': Not used on non-Darwin systems
[3.785s] INFO:colcon.colcon_core.plugin_system:Skipping extension 'colcon_notification.desktop_notification.win32': Not used on non-Windows systems
[3.785s] INFO:colcon.colcon_notification.desktop_notification:Sending desktop notification using 'notify2'
[3.818s] DEBUG:colcon.colcon_core.event_reactor:joined thread
[3.818s] INFO:colcon.colcon_core.shell:Creating prefix script '/home/joel/robotica/visual_ws/src/install/local_setup.sh'
[3.820s] INFO:colcon.colcon_core.shell:Creating prefix util module '/home/joel/robotica/visual_ws/src/install/_local_setup_util_sh.py'
[3.824s] INFO:colcon.colcon_core.shell:Creating prefix chain script '/home/joel/robotica/visual_ws/src/install/setup.sh'
[3.826s] INFO:colcon.colcon_core.shell:Creating prefix script '/home/joel/robotica/visual_ws/src/install/local_setup.bash'
[3.827s] INFO:colcon.colcon_core.shell:Creating prefix chain script '/home/joel/robotica/visual_ws/src/install/setup.bash'
[3.829s] INFO:colcon.colcon_core.shell:Creating prefix script '/home/joel/robotica/visual_ws/src/install/local_setup.zsh'
[3.830s] INFO:colcon.colcon_core.shell:Creating prefix chain script '/home/joel/robotica/visual_ws/src/install/setup.zsh'
