[14.415s] Invoking command in '/home/joel/robotica/visual_ws/src/ros2_tutorials/visual_pubsub': DEBUGINFOD_URLS=https://debuginfod.ubuntu.com PYTHONPATH=/home/joel/robotica/visual_ws/build/visual_pubsub/prefix_override:/usr/lib/python3/dist-packages/colcon_core/task/python/colcon_distutils_commands:/home/joel/robotica/visual_ws/install/visual_pubsub/lib/python3.12/site-packages:${PYTHONPATH} /usr/bin/python3 -W ignore:setup.py install is deprecated -W ignore:easy_install command is deprecated setup.py egg_info --egg-base ../../../build/visual_pubsub build --build-base /home/joel/robotica/visual_ws/build/visual_pubsub/build install --record /home/joel/robotica/visual_ws/build/visual_pubsub/install.log --single-version-externally-managed install_data
[14.574s] running egg_info
[14.584s] writing ../../../build/visual_pubsub/visual_pubsub.egg-info/PKG-INFO
[14.649s] writing dependency_links to ../../../build/visual_pubsub/visual_pubsub.egg-info/dependency_links.txt
[14.649s] writing entry points to ../../../build/visual_pubsub/visual_pubsub.egg-info/entry_points.txt
[14.649s] writing requirements to ../../../build/visual_pubsub/visual_pubsub.egg-info/requires.txt
[14.650s] writing top-level names to ../../../build/visual_pubsub/visual_pubsub.egg-info/top_level.txt
[14.673s] reading manifest file '../../../build/visual_pubsub/visual_pubsub.egg-info/SOURCES.txt'
[14.730s] adding license file 'LICENSE'
[14.730s] writing manifest file '../../../build/visual_pubsub/visual_pubsub.egg-info/SOURCES.txt'
[14.765s] running build
[14.765s] running build_py
[14.781s] running install
[14.786s] running install_lib
[14.805s] running install_data
[14.876s] running install_egg_info
[14.889s] removing '/home/joel/robotica/visual_ws/install/visual_pubsub/lib/python3.12/site-packages/visual_pubsub-0.0.0-py3.12.egg-info' (and everything under it)
[14.889s] Copying ../../../build/visual_pubsub/visual_pubsub.egg-info to /home/joel/robotica/visual_ws/install/visual_pubsub/lib/python3.12/site-packages/visual_pubsub-0.0.0-py3.12.egg-info
[14.925s] running install_scripts
[15.005s] Installing filter_node script to /home/joel/robotica/visual_ws/install/visual_pubsub/lib/visual_pubsub
[15.015s] Installing filtered_sensor_subscriber script to /home/joel/robotica/visual_ws/install/visual_pubsub/lib/visual_pubsub
[15.016s] Installing inverse script to /home/joel/robotica/visual_ws/install/visual_pubsub/lib/visual_pubsub
[15.016s] Installing inversebio script to /home/joel/robotica/visual_ws/install/visual_pubsub/lib/visual_pubsub
[15.016s] Installing sensor1_publisher script to /home/joel/robotica/visual_ws/install/visual_pubsub/lib/visual_pubsub
[15.016s] Installing sensor2_publisher script to /home/joel/robotica/visual_ws/install/visual_pubsub/lib/visual_pubsub
[15.016s] Installing sensor3_publisher script to /home/joel/robotica/visual_ws/install/visual_pubsub/lib/visual_pubsub
[15.016s] writing list of installed files to '/home/joel/robotica/visual_ws/build/visual_pubsub/install.log'
[15.035s] Invoked command in '/home/joel/robotica/visual_ws/src/ros2_tutorials/visual_pubsub' returned '0': DEBUGINFOD_URLS=https://debuginfod.ubuntu.com PYTHONPATH=/home/joel/robotica/visual_ws/build/visual_pubsub/prefix_override:/usr/lib/python3/dist-packages/colcon_core/task/python/colcon_distutils_commands:/home/joel/robotica/visual_ws/install/visual_pubsub/lib/python3.12/site-packages:${PYTHONPATH} /usr/bin/python3 -W ignore:setup.py install is deprecated -W ignore:easy_install command is deprecated setup.py egg_info --egg-base ../../../build/visual_pubsub build --build-base /home/joel/robotica/visual_ws/build/visual_pubsub/build install --record /home/joel/robotica/visual_ws/build/visual_pubsub/install.log --single-version-externally-managed install_data
