/home/joel/robotica/visual_ws/install/visual_pubsub/lib/python3.12/site-packages/visual_pubsub/robota.py
/home/joel/robotica/visual_ws/install/visual_pubsub/lib/python3.12/site-packages/visual_pubsub/robotbio.py
/home/joel/robotica/visual_ws/install/visual_pubsub/lib/python3.12/site-packages/visual_pubsub/filtered_sensor_subscriber.py
/home/joel/robotica/visual_ws/install/visual_pubsub/lib/python3.12/site-packages/visual_pubsub/__init__.py
/home/joel/robotica/visual_ws/install/visual_pubsub/lib/python3.12/site-packages/visual_pubsub/sensor2_publisher.py
/home/joel/robotica/visual_ws/install/visual_pubsub/lib/python3.12/site-packages/visual_pubsub/sensor3_publisher.py
/home/joel/robotica/visual_ws/install/visual_pubsub/lib/python3.12/site-packages/visual_pubsub/filter_node.py
/home/joel/robotica/visual_ws/install/visual_pubsub/lib/python3.12/site-packages/visual_pubsub/sensor1_publisher.py
/home/joel/robotica/visual_ws/install/visual_pubsub/lib/python3.12/site-packages/visual_pubsub/__pycache__/robota.cpython-312.pyc
/home/joel/robotica/visual_ws/install/visual_pubsub/lib/python3.12/site-packages/visual_pubsub/__pycache__/robotbio.cpython-312.pyc
/home/joel/robotica/visual_ws/install/visual_pubsub/lib/python3.12/site-packages/visual_pubsub/__pycache__/filtered_sensor_subscriber.cpython-312.pyc
/home/joel/robotica/visual_ws/install/visual_pubsub/lib/python3.12/site-packages/visual_pubsub/__pycache__/__init__.cpython-312.pyc
/home/joel/robotica/visual_ws/install/visual_pubsub/lib/python3.12/site-packages/visual_pubsub/__pycache__/sensor2_publisher.cpython-312.pyc
/home/joel/robotica/visual_ws/install/visual_pubsub/lib/python3.12/site-packages/visual_pubsub/__pycache__/sensor3_publisher.cpython-312.pyc
/home/joel/robotica/visual_ws/install/visual_pubsub/lib/python3.12/site-packages/visual_pubsub/__pycache__/filter_node.cpython-312.pyc
/home/joel/robotica/visual_ws/install/visual_pubsub/lib/python3.12/site-packages/visual_pubsub/__pycache__/sensor1_publisher.cpython-312.pyc
/home/joel/robotica/visual_ws/install/visual_pubsub/share/ament_index/resource_index/packages/visual_pubsub
/home/joel/robotica/visual_ws/install/visual_pubsub/share/visual_pubsub/package.xml
/home/joel/robotica/visual_ws/install/visual_pubsub/lib/python3.12/site-packages/visual_pubsub-0.0.0-py3.12.egg-info/requires.txt
/home/joel/robotica/visual_ws/install/visual_pubsub/lib/python3.12/site-packages/visual_pubsub-0.0.0-py3.12.egg-info/top_level.txt
/home/joel/robotica/visual_ws/install/visual_pubsub/lib/python3.12/site-packages/visual_pubsub-0.0.0-py3.12.egg-info/PKG-INFO
/home/joel/robotica/visual_ws/install/visual_pubsub/lib/python3.12/site-packages/visual_pubsub-0.0.0-py3.12.egg-info/zip-safe
/home/joel/robotica/visual_ws/install/visual_pubsub/lib/python3.12/site-packages/visual_pubsub-0.0.0-py3.12.egg-info/SOURCES.txt
/home/joel/robotica/visual_ws/install/visual_pubsub/lib/python3.12/site-packages/visual_pubsub-0.0.0-py3.12.egg-info/entry_points.txt
/home/joel/robotica/visual_ws/install/visual_pubsub/lib/python3.12/site-packages/visual_pubsub-0.0.0-py3.12.egg-info/dependency_links.txt
/home/joel/robotica/visual_ws/install/visual_pubsub/lib/visual_pubsub/filter_node
/home/joel/robotica/visual_ws/install/visual_pubsub/lib/visual_pubsub/filtered_sensor_subscriber
/home/joel/robotica/visual_ws/install/visual_pubsub/lib/visual_pubsub/inverse
/home/joel/robotica/visual_ws/install/visual_pubsub/lib/visual_pubsub/inversebio
/home/joel/robotica/visual_ws/install/visual_pubsub/lib/visual_pubsub/sensor1_publisher
/home/joel/robotica/visual_ws/install/visual_pubsub/lib/visual_pubsub/sensor2_publisher
/home/joel/robotica/visual_ws/install/visual_pubsub/lib/visual_pubsub/sensor3_publisher
