[0.576s] Invoking command in '/home/joel/robotica/visual_ws/src/ros2_tutorials/visual_pubsub': DEBUGINFOD_URLS=https://debuginfod.ubuntu.com PYTHONPATH=/home/joel/robotica/visual_ws/src/build/visual_pubsub/prefix_override:/usr/lib/python3/dist-packages/colcon_core/task/python/colcon_distutils_commands:/home/joel/robotica/visual_ws/src/install/visual_pubsub/lib/python3.12/site-packages:${PYTHONPATH} /usr/bin/python3 -W ignore:setup.py install is deprecated -W ignore:easy_install command is deprecated setup.py egg_info --egg-base ../../build/visual_pubsub build --build-base /home/joel/robotica/visual_ws/src/build/visual_pubsub/build install --record /home/joel/robotica/visual_ws/src/build/visual_pubsub/install.log --single-version-externally-managed install_data
[0.763s] running egg_info
[0.777s] writing ../../build/visual_pubsub/visual_pubsub.egg-info/PKG-INFO
[0.777s] writing dependency_links to ../../build/visual_pubsub/visual_pubsub.egg-info/dependency_links.txt
[0.777s] writing entry points to ../../build/visual_pubsub/visual_pubsub.egg-info/entry_points.txt
[0.777s] writing requirements to ../../build/visual_pubsub/visual_pubsub.egg-info/requires.txt
[0.777s] writing top-level names to ../../build/visual_pubsub/visual_pubsub.egg-info/top_level.txt
[0.805s] reading manifest file '../../build/visual_pubsub/visual_pubsub.egg-info/SOURCES.txt'
[0.805s] adding license file 'LICENSE'
[0.806s] writing manifest file '../../build/visual_pubsub/visual_pubsub.egg-info/SOURCES.txt'
[0.806s] running build
[0.806s] running build_py
[0.806s] copying visual_pubsub/robota.py -> /home/joel/robotica/visual_ws/src/build/visual_pubsub/build/lib/visual_pubsub
[0.806s] copying visual_pubsub/robotbio.py -> /home/joel/robotica/visual_ws/src/build/visual_pubsub/build/lib/visual_pubsub
[0.806s] copying visual_pubsub/filtered_sensor_subscriber.py -> /home/joel/robotica/visual_ws/src/build/visual_pubsub/build/lib/visual_pubsub
[0.807s] copying visual_pubsub/sensor2_publisher.py -> /home/joel/robotica/visual_ws/src/build/visual_pubsub/build/lib/visual_pubsub
[0.807s] copying visual_pubsub/sensor3_publisher.py -> /home/joel/robotica/visual_ws/src/build/visual_pubsub/build/lib/visual_pubsub
[0.807s] copying visual_pubsub/filter_node.py -> /home/joel/robotica/visual_ws/src/build/visual_pubsub/build/lib/visual_pubsub
[0.807s] copying visual_pubsub/sensor1_publisher.py -> /home/joel/robotica/visual_ws/src/build/visual_pubsub/build/lib/visual_pubsub
[0.807s] running install
[0.812s] running install_lib
[0.825s] copying /home/joel/robotica/visual_ws/src/build/visual_pubsub/build/lib/visual_pubsub/robota.py -> /home/joel/robotica/visual_ws/src/install/visual_pubsub/lib/python3.12/site-packages/visual_pubsub
[0.825s] copying /home/joel/robotica/visual_ws/src/build/visual_pubsub/build/lib/visual_pubsub/robotbio.py -> /home/joel/robotica/visual_ws/src/install/visual_pubsub/lib/python3.12/site-packages/visual_pubsub
[0.826s] copying /home/joel/robotica/visual_ws/src/build/visual_pubsub/build/lib/visual_pubsub/filtered_sensor_subscriber.py -> /home/joel/robotica/visual_ws/src/install/visual_pubsub/lib/python3.12/site-packages/visual_pubsub
[0.826s] copying /home/joel/robotica/visual_ws/src/build/visual_pubsub/build/lib/visual_pubsub/sensor2_publisher.py -> /home/joel/robotica/visual_ws/src/install/visual_pubsub/lib/python3.12/site-packages/visual_pubsub
[0.826s] copying /home/joel/robotica/visual_ws/src/build/visual_pubsub/build/lib/visual_pubsub/sensor3_publisher.py -> /home/joel/robotica/visual_ws/src/install/visual_pubsub/lib/python3.12/site-packages/visual_pubsub
[0.826s] copying /home/joel/robotica/visual_ws/src/build/visual_pubsub/build/lib/visual_pubsub/filter_node.py -> /home/joel/robotica/visual_ws/src/install/visual_pubsub/lib/python3.12/site-packages/visual_pubsub
[0.826s] copying /home/joel/robotica/visual_ws/src/build/visual_pubsub/build/lib/visual_pubsub/sensor1_publisher.py -> /home/joel/robotica/visual_ws/src/install/visual_pubsub/lib/python3.12/site-packages/visual_pubsub
[0.826s] byte-compiling /home/joel/robotica/visual_ws/src/install/visual_pubsub/lib/python3.12/site-packages/visual_pubsub/robota.py to robota.cpython-312.pyc
[0.827s] byte-compiling /home/joel/robotica/visual_ws/src/install/visual_pubsub/lib/python3.12/site-packages/visual_pubsub/robotbio.py to robotbio.cpython-312.pyc
[0.828s] byte-compiling /home/joel/robotica/visual_ws/src/install/visual_pubsub/lib/python3.12/site-packages/visual_pubsub/filtered_sensor_subscriber.py to filtered_sensor_subscriber.cpython-312.pyc
[0.828s] byte-compiling /home/joel/robotica/visual_ws/src/install/visual_pubsub/lib/python3.12/site-packages/visual_pubsub/sensor2_publisher.py to sensor2_publisher.cpython-312.pyc
[0.828s] byte-compiling /home/joel/robotica/visual_ws/src/install/visual_pubsub/lib/python3.12/site-packages/visual_pubsub/sensor3_publisher.py to sensor3_publisher.cpython-312.pyc
[0.829s] byte-compiling /home/joel/robotica/visual_ws/src/install/visual_pubsub/lib/python3.12/site-packages/visual_pubsub/filter_node.py to filter_node.cpython-312.pyc
[0.829s] byte-compiling /home/joel/robotica/visual_ws/src/install/visual_pubsub/lib/python3.12/site-packages/visual_pubsub/sensor1_publisher.py to sensor1_publisher.cpython-312.pyc
[0.829s] running install_data
[0.829s] copying resource/visual_pubsub -> /home/joel/robotica/visual_ws/src/install/visual_pubsub/share/ament_index/resource_index/packages
[0.830s] running install_egg_info
[0.843s] removing '/home/joel/robotica/visual_ws/src/install/visual_pubsub/lib/python3.12/site-packages/visual_pubsub-0.0.0-py3.12.egg-info' (and everything under it)
[0.843s] Copying ../../build/visual_pubsub/visual_pubsub.egg-info to /home/joel/robotica/visual_ws/src/install/visual_pubsub/lib/python3.12/site-packages/visual_pubsub-0.0.0-py3.12.egg-info
[0.844s] running install_scripts
[0.934s] Installing filter_node script to /home/joel/robotica/visual_ws/src/install/visual_pubsub/lib/visual_pubsub
[0.935s] Installing filtered_sensor_subscriber script to /home/joel/robotica/visual_ws/src/install/visual_pubsub/lib/visual_pubsub
[0.935s] Installing inverse script to /home/joel/robotica/visual_ws/src/install/visual_pubsub/lib/visual_pubsub
[0.935s] Installing inversebio script to /home/joel/robotica/visual_ws/src/install/visual_pubsub/lib/visual_pubsub
[0.935s] Installing sensor1_publisher script to /home/joel/robotica/visual_ws/src/install/visual_pubsub/lib/visual_pubsub
[0.935s] Installing sensor2_publisher script to /home/joel/robotica/visual_ws/src/install/visual_pubsub/lib/visual_pubsub
[0.935s] Installing sensor3_publisher script to /home/joel/robotica/visual_ws/src/install/visual_pubsub/lib/visual_pubsub
[0.935s] writing list of installed files to '/home/joel/robotica/visual_ws/src/build/visual_pubsub/install.log'
[0.958s] Invoked command in '/home/joel/robotica/visual_ws/src/ros2_tutorials/visual_pubsub' returned '0': DEBUGINFOD_URLS=https://debuginfod.ubuntu.com PYTHONPATH=/home/joel/robotica/visual_ws/src/build/visual_pubsub/prefix_override:/usr/lib/python3/dist-packages/colcon_core/task/python/colcon_distutils_commands:/home/joel/robotica/visual_ws/src/install/visual_pubsub/lib/python3.12/site-packages:${PYTHONPATH} /usr/bin/python3 -W ignore:setup.py install is deprecated -W ignore:easy_install command is deprecated setup.py egg_info --egg-base ../../build/visual_pubsub build --build-base /home/joel/robotica/visual_ws/src/build/visual_pubsub/build install --record /home/joel/robotica/visual_ws/src/build/visual_pubsub/install.log --single-version-externally-managed install_data
