[0.009s] Invoking command in '/home/joel/robotica/visual_ws/build/robot_description': CMAKE_PREFIX_PATH=${CMAKE_PREFIX_PATH}:/home/joel/robotica/visual_ws/install/visual_pubsub:/opt/ros/jazzy DEBUGINFOD_URLS=https://debuginfod.ubuntu.com /usr/bin/cmake /home/joel/robotica/visual_ws/src/ros2_tutorials/robot_description -DCMAKE_INSTALL_PREFIX=/home/joel/robotica/visual_ws/install/robot_description
[0.605s] -- The C compiler identification is GNU 13.3.0
[1.096s] -- The CXX compiler identification is GNU 13.3.0
[1.114s] -- Detecting C compiler ABI info
[1.259s] -- Detecting C compiler ABI info - done
[1.265s] -- Check for working C compiler: /usr/bin/cc - skipped
[1.265s] -- Detecting C compile features
[1.266s] -- Detecting C compile features - done
[1.275s] -- Detecting CXX compiler ABI info
[1.422s] -- Detecting CXX compiler ABI info - done
[1.428s] -- Check for working CXX compiler: /usr/bin/c++ - skipped
[1.429s] -- Detecting CXX compile features
[1.429s] -- Detecting CXX compile features - done
[1.464s] -- Found ament_cmake: 2.5.5 (/opt/ros/jazzy/share/ament_cmake/cmake)
[1.583s] -- Found Python3: /usr/bin/python3 (found version "3.12.3") found components: Interpreter 
[1.681s] -- Found rosidl_default_generators: 1.6.0 (/opt/ros/jazzy/share/rosidl_default_generators/cmake)
[1.686s] -- Using all available rosidl_typesupport_c: rosidl_typesupport_fastrtps_c;rosidl_typesupport_introspection_c
[1.725s] -- Using all available rosidl_typesupport_cpp: rosidl_typesupport_fastrtps_cpp;rosidl_typesupport_introspection_cpp
[1.756s] -- Found rosidl_adapter: 4.6.7 (/opt/ros/jazzy/share/rosidl_adapter/cmake)
[1.759s] -- Found std_msgs: 5.3.6 (/opt/ros/jazzy/share/std_msgs/cmake)
[2.254s] -- Found ament_cmake_ros: 0.12.0 (/opt/ros/jazzy/share/ament_cmake_ros/cmake)
[2.661s] -- Using all available rosidl_typesupport_c: rosidl_typesupport_fastrtps_c;rosidl_typesupport_introspection_c
[3.185s] -- Using all available rosidl_typesupport_cpp: rosidl_typesupport_fastrtps_cpp;rosidl_typesupport_introspection_cpp
[3.205s] -- Found python_cmake_module: 0.11.1 (/opt/ros/jazzy/share/python_cmake_module/cmake)
[3.328s] -- Found PythonExtra: /usr/bin/python3  
[3.848s] -- Found Python3: /usr/bin/python3 (found version "3.12.3") found components: Interpreter Development NumPy Development.Module Development.Embed 
[3.884s] -- Found ament_lint_auto: 0.17.4 (/opt/ros/jazzy/share/ament_lint_auto/cmake)
[3.927s] -- Configuring done (3.9s)
[3.952s] -- Generating done (0.0s)
[3.959s] -- Build files have been written to: /home/joel/robotica/visual_ws/build/robot_description
[3.964s] Invoked command in '/home/joel/robotica/visual_ws/build/robot_description' returned '0': CMAKE_PREFIX_PATH=${CMAKE_PREFIX_PATH}:/home/joel/robotica/visual_ws/install/visual_pubsub:/opt/ros/jazzy DEBUGINFOD_URLS=https://debuginfod.ubuntu.com /usr/bin/cmake /home/joel/robotica/visual_ws/src/ros2_tutorials/robot_description -DCMAKE_INSTALL_PREFIX=/home/joel/robotica/visual_ws/install/robot_description
[3.965s] Invoking command in '/home/joel/robotica/visual_ws/build/robot_description': CMAKE_PREFIX_PATH=${CMAKE_PREFIX_PATH}:/home/joel/robotica/visual_ws/install/visual_pubsub:/opt/ros/jazzy DEBUGINFOD_URLS=https://debuginfod.ubuntu.com /usr/bin/cmake --build /home/joel/robotica/visual_ws/build/robot_description -- -j8 -l8
[3.999s] [  2%] [34m[1mGenerating type hashes for ROS interfaces[0m
[4.005s] [  2%] Built target ament_cmake_python_copy_robot_description
[4.142s] [  2%] Built target robot_description__rosidl_generator_type_description
[4.144s] running egg_info
[4.145s] creating robot_description.egg-info
[4.149s] [  5%] [34m[1mGenerating C code for ROS interfaces[0m
[4.156s] [  8%] [34m[1mGenerating C++ code for ROS interfaces[0m
[4.158s] writing robot_description.egg-info/PKG-INFO
[4.158s] writing dependency_links to robot_description.egg-info/dependency_links.txt
[4.158s] writing top-level names to robot_description.egg-info/top_level.txt
[4.158s] writing manifest file 'robot_description.egg-info/SOURCES.txt'
[4.196s] reading manifest file 'robot_description.egg-info/SOURCES.txt'
[4.196s] writing manifest file 'robot_description.egg-info/SOURCES.txt'
[4.219s] [  8%] Built target ament_cmake_python_build_robot_description_egg
[4.331s] [  8%] Built target robot_description__cpp
[4.356s] [ 17%] [32mBuilding C object CMakeFiles/robot_description__rosidl_generator_c.dir/rosidl_generator_c/robot_description/msg/detail/filtered_sensor__type_support.c.o[0m
[4.356s] [ 17%] [32mBuilding C object CMakeFiles/robot_description__rosidl_generator_c.dir/rosidl_generator_c/robot_description/msg/detail/filtered_sensor__functions.c.o[0m
[4.356s] [ 17%] [32mBuilding C object CMakeFiles/robot_description__rosidl_generator_c.dir/rosidl_generator_c/robot_description/msg/detail/filtered_sensor__description.c.o[0m
[4.846s] [ 20%] [32m[1mLinking C shared library librobot_description__rosidl_generator_c.so[0m
[4.880s] [ 20%] Built target robot_description__rosidl_generator_c
[4.890s] [ 26%] [34m[1mGenerating C type support dispatch for ROS interfaces[0m
[4.890s] [ 26%] [34m[1mGenerating C++ type support dispatch for ROS interfaces[0m
[4.890s] [ 29%] [34m[1mGenerating C++ type support for eProsima Fast-RTPS[0m
[4.890s] [ 32%] [34m[1mGenerating C++ introspection for ROS interfaces[0m
[4.890s] [ 35%] [34m[1mGenerating C type support for eProsima Fast-RTPS[0m
[4.890s] [ 38%] [34m[1mGenerating C introspection for ROS interfaces[0m
[5.065s] [ 41%] [32mBuilding CXX object CMakeFiles/robot_description__rosidl_typesupport_fastrtps_cpp.dir/rosidl_typesupport_fastrtps_cpp/robot_description/msg/detail/dds_fastrtps/filtered_sensor__type_support.cpp.o[0m
[5.077s] [ 44%] [32mBuilding CXX object CMakeFiles/robot_description__rosidl_typesupport_introspection_cpp.dir/rosidl_typesupport_introspection_cpp/robot_description/msg/detail/filtered_sensor__type_support.cpp.o[0m
[5.202s] [ 47%] [32mBuilding CXX object CMakeFiles/robot_description__rosidl_typesupport_fastrtps_c.dir/rosidl_typesupport_fastrtps_c/robot_description/msg/detail/filtered_sensor__type_support_c.cpp.o[0m
[5.206s] [ 50%] [32mBuilding CXX object CMakeFiles/robot_description__rosidl_typesupport_c.dir/rosidl_typesupport_c/robot_description/msg/filtered_sensor__type_support.cpp.o[0m
[5.207s] [ 52%] [32mBuilding CXX object CMakeFiles/robot_description__rosidl_typesupport_cpp.dir/rosidl_typesupport_cpp/robot_description/msg/filtered_sensor__type_support.cpp.o[0m
[5.229s] [ 55%] [32mBuilding C object CMakeFiles/robot_description__rosidl_typesupport_introspection_c.dir/rosidl_typesupport_introspection_c/robot_description/msg/detail/filtered_sensor__type_support.c.o[0m
[5.355s] [ 58%] [32m[1mLinking C shared library librobot_description__rosidl_typesupport_introspection_c.so[0m
[5.382s] [ 58%] Built target robot_description__rosidl_typesupport_introspection_c
[5.392s] [ 61%] [32m[1mLinking CXX shared library librobot_description__rosidl_typesupport_c.so[0m
[5.427s] [ 61%] Built target robot_description__rosidl_typesupport_c
[5.998s] [ 64%] [32m[1mLinking CXX shared library librobot_description__rosidl_typesupport_cpp.so[0m
[6.008s] [ 67%] [32m[1mLinking CXX shared library librobot_description__rosidl_typesupport_introspection_cpp.so[0m
[6.044s] [ 67%] Built target robot_description__rosidl_typesupport_cpp
[6.069s] [ 67%] Built target robot_description__rosidl_typesupport_introspection_cpp
[6.235s] [ 70%] [32m[1mLinking CXX shared library librobot_description__rosidl_typesupport_fastrtps_c.so[0m
[6.251s] [ 73%] [32m[1mLinking CXX shared library librobot_description__rosidl_typesupport_fastrtps_cpp.so[0m
[6.323s] [ 73%] Built target robot_description__rosidl_typesupport_fastrtps_c
[6.329s] [ 73%] Built target robot_description__rosidl_typesupport_fastrtps_cpp
[6.351s] [ 73%] Built target robot_description
[6.376s] [ 76%] [34m[1mGenerating Python code for ROS interfaces[0m
[6.594s] [ 76%] Built target robot_description__py
[6.608s] [ 79%] [32mBuilding C object CMakeFiles/robot_description__rosidl_generator_py.dir/rosidl_generator_py/robot_description/msg/_filtered_sensor_s.c.o[0m
[7.309s] [ 82%] [32m[1mLinking C shared library librobot_description__rosidl_generator_py.so[0m
[7.343s] [ 82%] Built target robot_description__rosidl_generator_py
[7.357s] [ 91%] [32mBuilding C object CMakeFiles/robot_description_s__rosidl_typesupport_introspection_c.dir/rosidl_generator_py/robot_description/_robot_description_s.ep.rosidl_typesupport_introspection_c.c.o[0m
[7.358s] [ 91%] [32mBuilding C object CMakeFiles/robot_description_s__rosidl_typesupport_fastrtps_c.dir/rosidl_generator_py/robot_description/_robot_description_s.ep.rosidl_typesupport_fastrtps_c.c.o[0m
[7.358s] [ 91%] [32mBuilding C object CMakeFiles/robot_description_s__rosidl_typesupport_c.dir/rosidl_generator_py/robot_description/_robot_description_s.ep.rosidl_typesupport_c.c.o[0m
[7.423s] [ 94%] [32m[1mLinking C shared module rosidl_generator_py/robot_description/robot_description_s__rosidl_typesupport_introspection_c.so[0m
[7.424s] [ 97%] [32m[1mLinking C shared module rosidl_generator_py/robot_description/robot_description_s__rosidl_typesupport_c.so[0m
[7.424s] [100%] [32m[1mLinking C shared module rosidl_generator_py/robot_description/robot_description_s__rosidl_typesupport_fastrtps_c.so[0m
[7.446s] [100%] Built target robot_description_s__rosidl_typesupport_c
[7.446s] [100%] Built target robot_description_s__rosidl_typesupport_fastrtps_c
[7.446s] [100%] Built target robot_description_s__rosidl_typesupport_introspection_c
[7.455s] Invoked command in '/home/joel/robotica/visual_ws/build/robot_description' returned '0': CMAKE_PREFIX_PATH=${CMAKE_PREFIX_PATH}:/home/joel/robotica/visual_ws/install/visual_pubsub:/opt/ros/jazzy DEBUGINFOD_URLS=https://debuginfod.ubuntu.com /usr/bin/cmake --build /home/joel/robotica/visual_ws/build/robot_description -- -j8 -l8
[7.461s] Invoking command in '/home/joel/robotica/visual_ws/build/robot_description': CMAKE_PREFIX_PATH=${CMAKE_PREFIX_PATH}:/home/joel/robotica/visual_ws/install/visual_pubsub:/opt/ros/jazzy DEBUGINFOD_URLS=https://debuginfod.ubuntu.com /usr/bin/cmake --install /home/joel/robotica/visual_ws/build/robot_description
[7.467s] -- Install configuration: ""
[7.467s] -- Installing: /home/joel/robotica/visual_ws/install/robot_description/share/ament_index/resource_index/rosidl_interfaces/robot_description
[7.467s] -- Installing: /home/joel/robotica/visual_ws/install/robot_description/share/robot_description/msg/FilteredSensor.json
[7.467s] -- Installing: /home/joel/robotica/visual_ws/install/robot_description/include/robot_description/robot_description
[7.467s] -- Installing: /home/joel/robotica/visual_ws/install/robot_description/include/robot_description/robot_description/msg
[7.467s] -- Installing: /home/joel/robotica/visual_ws/install/robot_description/include/robot_description/robot_description/msg/filtered_sensor.h
[7.467s] -- Installing: /home/joel/robotica/visual_ws/install/robot_description/include/robot_description/robot_description/msg/detail
[7.468s] -- Installing: /home/joel/robotica/visual_ws/install/robot_description/include/robot_description/robot_description/msg/detail/filtered_sensor__struct.h
[7.468s] -- Installing: /home/joel/robotica/visual_ws/install/robot_description/include/robot_description/robot_description/msg/detail/filtered_sensor__functions.h
[7.468s] -- Installing: /home/joel/robotica/visual_ws/install/robot_description/include/robot_description/robot_description/msg/detail/filtered_sensor__functions.c
[7.468s] -- Installing: /home/joel/robotica/visual_ws/install/robot_description/include/robot_description/robot_description/msg/detail/filtered_sensor__description.c
[7.468s] -- Installing: /home/joel/robotica/visual_ws/install/robot_description/include/robot_description/robot_description/msg/detail/filtered_sensor__type_support.h
[7.468s] -- Installing: /home/joel/robotica/visual_ws/install/robot_description/include/robot_description/robot_description/msg/detail/filtered_sensor__type_support.c
[7.468s] -- Installing: /home/joel/robotica/visual_ws/install/robot_description/include/robot_description/robot_description/msg/rosidl_generator_c__visibility_control.h
[7.468s] -- Installing: /home/joel/robotica/visual_ws/install/robot_description/share/robot_description/environment/library_path.sh
[7.468s] -- Installing: /home/joel/robotica/visual_ws/install/robot_description/share/robot_description/environment/library_path.dsv
[7.468s] -- Installing: /home/joel/robotica/visual_ws/install/robot_description/lib/librobot_description__rosidl_generator_c.so
[7.468s] -- Set non-toolchain portion of runtime path of "/home/joel/robotica/visual_ws/install/robot_description/lib/librobot_description__rosidl_generator_c.so" to ""
[7.468s] -- Up-to-date: /home/joel/robotica/visual_ws/install/robot_description/include/robot_description/robot_description
[7.468s] -- Up-to-date: /home/joel/robotica/visual_ws/install/robot_description/include/robot_description/robot_description/msg
[7.468s] -- Up-to-date: /home/joel/robotica/visual_ws/install/robot_description/include/robot_description/robot_description/msg/detail
[7.468s] -- Installing: /home/joel/robotica/visual_ws/install/robot_description/include/robot_description/robot_description/msg/detail/filtered_sensor__rosidl_typesupport_fastrtps_c.h
[7.468s] -- Installing: /home/joel/robotica/visual_ws/install/robot_description/include/robot_description/robot_description/msg/rosidl_typesupport_fastrtps_c__visibility_control.h
[7.469s] -- Installing: /home/joel/robotica/visual_ws/install/robot_description/lib/librobot_description__rosidl_typesupport_fastrtps_c.so
[7.469s] -- Set non-toolchain portion of runtime path of "/home/joel/robotica/visual_ws/install/robot_description/lib/librobot_description__rosidl_typesupport_fastrtps_c.so" to ""
[7.469s] -- Up-to-date: /home/joel/robotica/visual_ws/install/robot_description/include/robot_description/robot_description
[7.469s] -- Up-to-date: /home/joel/robotica/visual_ws/install/robot_description/include/robot_description/robot_description/msg
[7.469s] -- Up-to-date: /home/joel/robotica/visual_ws/install/robot_description/include/robot_description/robot_description/msg/detail
[7.469s] -- Installing: /home/joel/robotica/visual_ws/install/robot_description/include/robot_description/robot_description/msg/detail/filtered_sensor__rosidl_typesupport_introspection_c.h
[7.469s] -- Installing: /home/joel/robotica/visual_ws/install/robot_description/include/robot_description/robot_description/msg/detail/filtered_sensor__type_support.c
[7.469s] -- Installing: /home/joel/robotica/visual_ws/install/robot_description/include/robot_description/robot_description/msg/rosidl_typesupport_introspection_c__visibility_control.h
[7.469s] -- Installing: /home/joel/robotica/visual_ws/install/robot_description/lib/librobot_description__rosidl_typesupport_introspection_c.so
[7.469s] -- Set non-toolchain portion of runtime path of "/home/joel/robotica/visual_ws/install/robot_description/lib/librobot_description__rosidl_typesupport_introspection_c.so" to ""
[7.469s] -- Installing: /home/joel/robotica/visual_ws/install/robot_description/lib/librobot_description__rosidl_typesupport_c.so
[7.469s] -- Set non-toolchain portion of runtime path of "/home/joel/robotica/visual_ws/install/robot_description/lib/librobot_description__rosidl_typesupport_c.so" to ""
[7.469s] -- Up-to-date: /home/joel/robotica/visual_ws/install/robot_description/include/robot_description/robot_description
[7.469s] -- Up-to-date: /home/joel/robotica/visual_ws/install/robot_description/include/robot_description/robot_description/msg
[7.469s] -- Installing: /home/joel/robotica/visual_ws/install/robot_description/include/robot_description/robot_description/msg/rosidl_generator_cpp__visibility_control.hpp
[7.469s] -- Installing: /home/joel/robotica/visual_ws/install/robot_description/include/robot_description/robot_description/msg/filtered_sensor.hpp
[7.470s] -- Up-to-date: /home/joel/robotica/visual_ws/install/robot_description/include/robot_description/robot_description/msg/detail
[7.470s] -- Installing: /home/joel/robotica/visual_ws/install/robot_description/include/robot_description/robot_description/msg/detail/filtered_sensor__builder.hpp
[7.470s] -- Installing: /home/joel/robotica/visual_ws/install/robot_description/include/robot_description/robot_description/msg/detail/filtered_sensor__struct.hpp
[7.470s] -- Installing: /home/joel/robotica/visual_ws/install/robot_description/include/robot_description/robot_description/msg/detail/filtered_sensor__type_support.hpp
[7.470s] -- Installing: /home/joel/robotica/visual_ws/install/robot_description/include/robot_description/robot_description/msg/detail/filtered_sensor__traits.hpp
[7.470s] -- Up-to-date: /home/joel/robotica/visual_ws/install/robot_description/include/robot_description/robot_description
[7.470s] -- Up-to-date: /home/joel/robotica/visual_ws/install/robot_description/include/robot_description/robot_description/msg
[7.470s] -- Up-to-date: /home/joel/robotica/visual_ws/install/robot_description/include/robot_description/robot_description/msg/detail
[7.470s] -- Installing: /home/joel/robotica/visual_ws/install/robot_description/include/robot_description/robot_description/msg/detail/dds_fastrtps
[7.470s] -- Installing: /home/joel/robotica/visual_ws/install/robot_description/include/robot_description/robot_description/msg/detail/filtered_sensor__rosidl_typesupport_fastrtps_cpp.hpp
[7.470s] -- Installing: /home/joel/robotica/visual_ws/install/robot_description/include/robot_description/robot_description/msg/rosidl_typesupport_fastrtps_cpp__visibility_control.h
[7.470s] -- Installing: /home/joel/robotica/visual_ws/install/robot_description/lib/librobot_description__rosidl_typesupport_fastrtps_cpp.so
[7.470s] -- Set non-toolchain portion of runtime path of "/home/joel/robotica/visual_ws/install/robot_description/lib/librobot_description__rosidl_typesupport_fastrtps_cpp.so" to ""
[7.470s] -- Up-to-date: /home/joel/robotica/visual_ws/install/robot_description/include/robot_description/robot_description
[7.470s] -- Up-to-date: /home/joel/robotica/visual_ws/install/robot_description/include/robot_description/robot_description/msg
[7.470s] -- Up-to-date: /home/joel/robotica/visual_ws/install/robot_description/include/robot_description/robot_description/msg/detail
[7.470s] -- Installing: /home/joel/robotica/visual_ws/install/robot_description/include/robot_description/robot_description/msg/detail/filtered_sensor__rosidl_typesupport_introspection_cpp.hpp
[7.470s] -- Installing: /home/joel/robotica/visual_ws/install/robot_description/include/robot_description/robot_description/msg/detail/filtered_sensor__type_support.cpp
[7.470s] -- Installing: /home/joel/robotica/visual_ws/install/robot_description/lib/librobot_description__rosidl_typesupport_introspection_cpp.so
[7.470s] -- Set non-toolchain portion of runtime path of "/home/joel/robotica/visual_ws/install/robot_description/lib/librobot_description__rosidl_typesupport_introspection_cpp.so" to ""
[7.471s] -- Installing: /home/joel/robotica/visual_ws/install/robot_description/lib/librobot_description__rosidl_typesupport_cpp.so
[7.471s] -- Set non-toolchain portion of runtime path of "/home/joel/robotica/visual_ws/install/robot_description/lib/librobot_description__rosidl_typesupport_cpp.so" to ""
[7.471s] -- Installing: /home/joel/robotica/visual_ws/install/robot_description/share/robot_description/environment/pythonpath.sh
[7.471s] -- Installing: /home/joel/robotica/visual_ws/install/robot_description/share/robot_description/environment/pythonpath.dsv
[7.471s] -- Installing: /home/joel/robotica/visual_ws/install/robot_description/lib/python3.12/site-packages/robot_description-0.0.0-py3.12.egg-info
[7.471s] -- Installing: /home/joel/robotica/visual_ws/install/robot_description/lib/python3.12/site-packages/robot_description-0.0.0-py3.12.egg-info/top_level.txt
[7.471s] -- Installing: /home/joel/robotica/visual_ws/install/robot_description/lib/python3.12/site-packages/robot_description-0.0.0-py3.12.egg-info/PKG-INFO
[7.471s] -- Installing: /home/joel/robotica/visual_ws/install/robot_description/lib/python3.12/site-packages/robot_description-0.0.0-py3.12.egg-info/SOURCES.txt
[7.471s] -- Installing: /home/joel/robotica/visual_ws/install/robot_description/lib/python3.12/site-packages/robot_description-0.0.0-py3.12.egg-info/dependency_links.txt
[7.471s] -- Installing: /home/joel/robotica/visual_ws/install/robot_description/lib/python3.12/site-packages/robot_description
[7.471s] -- Installing: /home/joel/robotica/visual_ws/install/robot_description/lib/python3.12/site-packages/robot_description/robot_description_s__rosidl_typesupport_introspection_c.so
[7.471s] -- Installing: /home/joel/robotica/visual_ws/install/robot_description/lib/python3.12/site-packages/robot_description/_robot_description_s.ep.rosidl_typesupport_c.c
[7.471s] -- Installing: /home/joel/robotica/visual_ws/install/robot_description/lib/python3.12/site-packages/robot_description/msg
[7.471s] -- Installing: /home/joel/robotica/visual_ws/install/robot_description/lib/python3.12/site-packages/robot_description/msg/_filtered_sensor.py
[7.471s] -- Installing: /home/joel/robotica/visual_ws/install/robot_description/lib/python3.12/site-packages/robot_description/msg/_filtered_sensor_s.c
[7.471s] -- Installing: /home/joel/robotica/visual_ws/install/robot_description/lib/python3.12/site-packages/robot_description/msg/__init__.py
[7.472s] -- Installing: /home/joel/robotica/visual_ws/install/robot_description/lib/python3.12/site-packages/robot_description/robot_description_s__rosidl_typesupport_c.so
[7.472s] -- Installing: /home/joel/robotica/visual_ws/install/robot_description/lib/python3.12/site-packages/robot_description/__init__.py
[7.472s] -- Installing: /home/joel/robotica/visual_ws/install/robot_description/lib/python3.12/site-packages/robot_description/_robot_description_s.ep.rosidl_typesupport_fastrtps_c.c
[7.472s] -- Installing: /home/joel/robotica/visual_ws/install/robot_description/lib/python3.12/site-packages/robot_description/robot_description_s__rosidl_typesupport_fastrtps_c.so
[7.472s] -- Installing: /home/joel/robotica/visual_ws/install/robot_description/lib/python3.12/site-packages/robot_description/_robot_description_s.ep.rosidl_typesupport_introspection_c.c
[7.536s] Listing '/home/joel/robotica/visual_ws/install/robot_description/lib/python3.12/site-packages/robot_description'...
[7.537s] Compiling '/home/joel/robotica/visual_ws/install/robot_description/lib/python3.12/site-packages/robot_description/__init__.py'...
[7.537s] Listing '/home/joel/robotica/visual_ws/install/robot_description/lib/python3.12/site-packages/robot_description/msg'...
[7.537s] Compiling '/home/joel/robotica/visual_ws/install/robot_description/lib/python3.12/site-packages/robot_description/msg/__init__.py'...
[7.537s] Compiling '/home/joel/robotica/visual_ws/install/robot_description/lib/python3.12/site-packages/robot_description/msg/_filtered_sensor.py'...
[7.541s] -- Installing: /home/joel/robotica/visual_ws/install/robot_description/lib/python3.12/site-packages/robot_description/robot_description_s__rosidl_typesupport_fastrtps_c.so
[7.541s] -- Set non-toolchain portion of runtime path of "/home/joel/robotica/visual_ws/install/robot_description/lib/python3.12/site-packages/robot_description/robot_description_s__rosidl_typesupport_fastrtps_c.so" to ""
[7.542s] -- Installing: /home/joel/robotica/visual_ws/install/robot_description/lib/python3.12/site-packages/robot_description/robot_description_s__rosidl_typesupport_introspection_c.so
[7.542s] -- Set non-toolchain portion of runtime path of "/home/joel/robotica/visual_ws/install/robot_description/lib/python3.12/site-packages/robot_description/robot_description_s__rosidl_typesupport_introspection_c.so" to ""
[7.542s] -- Installing: /home/joel/robotica/visual_ws/install/robot_description/lib/python3.12/site-packages/robot_description/robot_description_s__rosidl_typesupport_c.so
[7.542s] -- Set non-toolchain portion of runtime path of "/home/joel/robotica/visual_ws/install/robot_description/lib/python3.12/site-packages/robot_description/robot_description_s__rosidl_typesupport_c.so" to ""
[7.542s] -- Installing: /home/joel/robotica/visual_ws/install/robot_description/lib/librobot_description__rosidl_generator_py.so
[7.542s] -- Set non-toolchain portion of runtime path of "/home/joel/robotica/visual_ws/install/robot_description/lib/librobot_description__rosidl_generator_py.so" to ""
[7.542s] -- Installing: /home/joel/robotica/visual_ws/install/robot_description/share/robot_description/msg/FilteredSensor.idl
[7.542s] -- Installing: /home/joel/robotica/visual_ws/install/robot_description/share/robot_description/msg/FilteredSensor.msg
[7.543s] -- Installing: /home/joel/robotica/visual_ws/install/robot_description/share/robot_description/launch
[7.543s] -- Installing: /home/joel/robotica/visual_ws/install/robot_description/share/robot_description/launch/robot_a.launch.py
[7.543s] -- Installing: /home/joel/robotica/visual_ws/install/robot_description/share/robot_description/launch/robotbio.launch.py
[7.543s] -- Installing: /home/joel/robotica/visual_ws/install/robot_description/share/robot_description/urdf
[7.543s] -- Installing: /home/joel/robotica/visual_ws/install/robot_description/share/robot_description/urdf/Examen1.urdf
[7.543s] -- Installing: /home/joel/robotica/visual_ws/install/robot_description/share/robot_description/urdf/Examen2.urdf
[7.543s] -- Installing: /home/joel/robotica/visual_ws/install/robot_description/share/robot_description/rviz
[7.543s] -- Installing: /home/joel/robotica/visual_ws/install/robot_description/share/robot_description/rviz/urdf.rviz
[7.543s] -- Installing: /home/joel/robotica/visual_ws/install/robot_description/share/robot_description/meshes
[7.543s] -- Installing: /home/joel/robotica/visual_ws/install/robot_description/share/robot_description/meshes/visual
[7.543s] -- Installing: /home/joel/robotica/visual_ws/install/robot_description/share/robot_description/meshes/visual/finger.dae
[7.543s] -- Installing: /home/joel/robotica/visual_ws/install/robot_description/share/robot_description/meshes/visual/link5.dae
[7.544s] -- Installing: /home/joel/robotica/visual_ws/install/robot_description/share/robot_description/meshes/visual/link7.dae
[7.544s] -- Installing: /home/joel/robotica/visual_ws/install/robot_description/share/robot_description/meshes/visual/link3.dae
[7.545s] -- Installing: /home/joel/robotica/visual_ws/install/robot_description/share/robot_description/meshes/visual/link2.dae
[7.545s] -- Installing: /home/joel/robotica/visual_ws/install/robot_description/share/robot_description/meshes/visual/link1.dae
[7.545s] -- Installing: /home/joel/robotica/visual_ws/install/robot_description/share/robot_description/meshes/visual/link0.dae
[7.546s] -- Installing: /home/joel/robotica/visual_ws/install/robot_description/share/robot_description/meshes/visual/link4.dae
[7.547s] -- Installing: /home/joel/robotica/visual_ws/install/robot_description/share/robot_description/meshes/visual/hand.dae
[7.547s] -- Installing: /home/joel/robotica/visual_ws/install/robot_description/share/robot_description/meshes/visual/link6.dae
[7.548s] -- Installing: /home/joel/robotica/visual_ws/install/robot_description/share/robot_description/meshes/collision
[7.548s] -- Installing: /home/joel/robotica/visual_ws/install/robot_description/share/robot_description/meshes/collision/link0.obj
[7.548s] -- Installing: /home/joel/robotica/visual_ws/install/robot_description/share/robot_description/meshes/collision/link2.obj
[7.548s] -- Installing: /home/joel/robotica/visual_ws/install/robot_description/share/robot_description/meshes/collision/hand.obj
[7.548s] -- Installing: /home/joel/robotica/visual_ws/install/robot_description/share/robot_description/meshes/collision/link7.obj
[7.548s] -- Installing: /home/joel/robotica/visual_ws/install/robot_description/share/robot_description/meshes/collision/link3.obj
[7.548s] -- Installing: /home/joel/robotica/visual_ws/install/robot_description/share/robot_description/meshes/collision/link6.obj
[7.550s] -- Installing: /home/joel/robotica/visual_ws/install/robot_description/share/robot_description/meshes/collision/link1.obj
[7.550s] -- Installing: /home/joel/robotica/visual_ws/install/robot_description/share/robot_description/meshes/collision/link4.obj
[7.550s] -- Installing: /home/joel/robotica/visual_ws/install/robot_description/share/robot_description/meshes/collision/finger.obj
[7.550s] -- Installing: /home/joel/robotica/visual_ws/install/robot_description/share/robot_description/meshes/collision/link5.obj
[7.551s] -- Installing: /home/joel/robotica/visual_ws/install/robot_description/share/ament_index/resource_index/package_run_dependencies/robot_description
[7.551s] -- Installing: /home/joel/robotica/visual_ws/install/robot_description/share/ament_index/resource_index/parent_prefix_path/robot_description
[7.551s] -- Installing: /home/joel/robotica/visual_ws/install/robot_description/share/robot_description/environment/ament_prefix_path.sh
[7.551s] -- Installing: /home/joel/robotica/visual_ws/install/robot_description/share/robot_description/environment/ament_prefix_path.dsv
[7.551s] -- Installing: /home/joel/robotica/visual_ws/install/robot_description/share/robot_description/environment/path.sh
[7.551s] -- Installing: /home/joel/robotica/visual_ws/install/robot_description/share/robot_description/environment/path.dsv
[7.551s] -- Installing: /home/joel/robotica/visual_ws/install/robot_description/share/robot_description/local_setup.bash
[7.551s] -- Installing: /home/joel/robotica/visual_ws/install/robot_description/share/robot_description/local_setup.sh
[7.551s] -- Installing: /home/joel/robotica/visual_ws/install/robot_description/share/robot_description/local_setup.zsh
[7.551s] -- Installing: /home/joel/robotica/visual_ws/install/robot_description/share/robot_description/local_setup.dsv
[7.551s] -- Installing: /home/joel/robotica/visual_ws/install/robot_description/share/robot_description/package.dsv
[7.551s] -- Installing: /home/joel/robotica/visual_ws/install/robot_description/share/ament_index/resource_index/packages/robot_description
[7.552s] -- Installing: /home/joel/robotica/visual_ws/install/robot_description/share/robot_description/cmake/export_robot_description__rosidl_generator_cExport.cmake
[7.552s] -- Installing: /home/joel/robotica/visual_ws/install/robot_description/share/robot_description/cmake/export_robot_description__rosidl_generator_cExport-noconfig.cmake
[7.552s] -- Installing: /home/joel/robotica/visual_ws/install/robot_description/share/robot_description/cmake/export_robot_description__rosidl_typesupport_fastrtps_cExport.cmake
[7.552s] -- Installing: /home/joel/robotica/visual_ws/install/robot_description/share/robot_description/cmake/export_robot_description__rosidl_typesupport_fastrtps_cExport-noconfig.cmake
[7.552s] -- Installing: /home/joel/robotica/visual_ws/install/robot_description/share/robot_description/cmake/robot_description__rosidl_typesupport_introspection_cExport.cmake
[7.552s] -- Installing: /home/joel/robotica/visual_ws/install/robot_description/share/robot_description/cmake/robot_description__rosidl_typesupport_introspection_cExport-noconfig.cmake
[7.552s] -- Installing: /home/joel/robotica/visual_ws/install/robot_description/share/robot_description/cmake/robot_description__rosidl_typesupport_cExport.cmake
[7.552s] -- Installing: /home/joel/robotica/visual_ws/install/robot_description/share/robot_description/cmake/robot_description__rosidl_typesupport_cExport-noconfig.cmake
[7.552s] -- Installing: /home/joel/robotica/visual_ws/install/robot_description/share/robot_description/cmake/export_robot_description__rosidl_generator_cppExport.cmake
[7.552s] -- Installing: /home/joel/robotica/visual_ws/install/robot_description/share/robot_description/cmake/export_robot_description__rosidl_typesupport_fastrtps_cppExport.cmake
[7.552s] -- Installing: /home/joel/robotica/visual_ws/install/robot_description/share/robot_description/cmake/export_robot_description__rosidl_typesupport_fastrtps_cppExport-noconfig.cmake
[7.552s] -- Installing: /home/joel/robotica/visual_ws/install/robot_description/share/robot_description/cmake/robot_description__rosidl_typesupport_introspection_cppExport.cmake
[7.553s] -- Installing: /home/joel/robotica/visual_ws/install/robot_description/share/robot_description/cmake/robot_description__rosidl_typesupport_introspection_cppExport-noconfig.cmake
[7.553s] -- Installing: /home/joel/robotica/visual_ws/install/robot_description/share/robot_description/cmake/robot_description__rosidl_typesupport_cppExport.cmake
[7.553s] -- Installing: /home/joel/robotica/visual_ws/install/robot_description/share/robot_description/cmake/robot_description__rosidl_typesupport_cppExport-noconfig.cmake
[7.553s] -- Installing: /home/joel/robotica/visual_ws/install/robot_description/share/robot_description/cmake/export_robot_description__rosidl_generator_pyExport.cmake
[7.553s] -- Installing: /home/joel/robotica/visual_ws/install/robot_description/share/robot_description/cmake/export_robot_description__rosidl_generator_pyExport-noconfig.cmake
[7.553s] -- Installing: /home/joel/robotica/visual_ws/install/robot_description/share/robot_description/cmake/rosidl_cmake-extras.cmake
[7.553s] -- Installing: /home/joel/robotica/visual_ws/install/robot_description/share/robot_description/cmake/ament_cmake_export_dependencies-extras.cmake
[7.553s] -- Installing: /home/joel/robotica/visual_ws/install/robot_description/share/robot_description/cmake/ament_cmake_export_include_directories-extras.cmake
[7.553s] -- Installing: /home/joel/robotica/visual_ws/install/robot_description/share/robot_description/cmake/ament_cmake_export_libraries-extras.cmake
[7.553s] -- Installing: /home/joel/robotica/visual_ws/install/robot_description/share/robot_description/cmake/ament_cmake_export_targets-extras.cmake
[7.553s] -- Installing: /home/joel/robotica/visual_ws/install/robot_description/share/robot_description/cmake/rosidl_cmake_export_typesupport_targets-extras.cmake
[7.553s] -- Installing: /home/joel/robotica/visual_ws/install/robot_description/share/robot_description/cmake/rosidl_cmake_export_typesupport_libraries-extras.cmake
[7.553s] -- Installing: /home/joel/robotica/visual_ws/install/robot_description/share/robot_description/cmake/robot_descriptionConfig.cmake
[7.553s] -- Installing: /home/joel/robotica/visual_ws/install/robot_description/share/robot_description/cmake/robot_descriptionConfig-version.cmake
[7.554s] -- Installing: /home/joel/robotica/visual_ws/install/robot_description/share/robot_description/package.xml
[7.555s] Invoked command in '/home/joel/robotica/visual_ws/build/robot_description' returned '0': CMAKE_PREFIX_PATH=${CMAKE_PREFIX_PATH}:/home/joel/robotica/visual_ws/install/visual_pubsub:/opt/ros/jazzy DEBUGINFOD_URLS=https://debuginfod.ubuntu.com /usr/bin/cmake --install /home/joel/robotica/visual_ws/build/robot_description
