[10.754s] DEBUG:colcon:Command line arguments: ['/usr/bin/colcon', 'build']
[10.754s] DEBUG:colcon:Parsed command line arguments: Namespace(log_base=None, log_level=None, verb_name='build', build_base='build', install_base='install', merge_install=False, symlink_install=False, test_result_base=None, continue_on_error=False, executor='parallel', parallel_workers=8, event_handlers=None, ignore_user_meta=False, metas=['./colcon.meta'], base_paths=['.'], packages_ignore=None, packages_ignore_regex=None, paths=None, packages_up_to=None, packages_up_to_regex=None, packages_above=None, packages_above_and_dependencies=None, packages_above_depth=None, packages_select_by_dep=None, packages_skip_by_dep=None, packages_skip_up_to=None, packages_select_build_failed=False, packages_skip_build_finished=False, packages_select_test_failures=False, packages_skip_test_passed=False, packages_select=None, packages_skip=None, packages_select_regex=None, packages_skip_regex=None, packages_start=None, packages_end=None, cmake_args=None, cmake_target=None, cmake_target_skip_unavailable=False, cmake_clean_cache=False, cmake_clean_first=False, cmake_force_configure=False, ament_cmake_args=None, catkin_cmake_args=None, catkin_skip_building_tests=False, verb_parser=<colcon_defaults.argument_parser.defaults.DefaultArgumentsDecorator object at 0x7551e6ff4ec0>, verb_extension=<colcon_core.verb.build.BuildVerb object at 0x7551e6ff4aa0>, main=<bound method BuildVerb.main of <colcon_core.verb.build.BuildVerb object at 0x7551e6ff4aa0>>)
[12.238s] Level 1:colcon.colcon_core.package_discovery:discover_packages(colcon_meta) check parameters
[12.238s] Level 1:colcon.colcon_core.package_discovery:discover_packages(recursive) check parameters
[12.238s] Level 1:colcon.colcon_core.package_discovery:discover_packages(ignore) check parameters
[12.238s] Level 1:colcon.colcon_core.package_discovery:discover_packages(path) check parameters
[12.238s] Level 1:colcon.colcon_core.package_discovery:discover_packages(colcon_meta) discover
[12.238s] Level 1:colcon.colcon_core.package_discovery:discover_packages(recursive) discover
[12.238s] INFO:colcon.colcon_core.package_discovery:Crawling recursively for packages in '/home/joel/robotica/visual_ws'
[12.238s] Level 1:colcon.colcon_core.package_identification:_identify(.) by extensions ['ignore', 'ignore_ament_install']
[12.238s] Level 1:colcon.colcon_core.package_identification:_identify(.) by extension 'ignore'
[12.238s] Level 1:colcon.colcon_core.package_identification:_identify(.) by extension 'ignore_ament_install'
[12.238s] Level 1:colcon.colcon_core.package_identification:_identify(.) by extensions ['colcon_pkg']
[12.238s] Level 1:colcon.colcon_core.package_identification:_identify(.) by extension 'colcon_pkg'
[12.238s] Level 1:colcon.colcon_core.package_identification:_identify(.) by extensions ['colcon_meta']
[12.238s] Level 1:colcon.colcon_core.package_identification:_identify(.) by extension 'colcon_meta'
[12.238s] Level 1:colcon.colcon_core.package_identification:_identify(.) by extensions ['ros']
[12.238s] Level 1:colcon.colcon_core.package_identification:_identify(.) by extension 'ros'
[12.621s] Level 1:colcon.colcon_core.package_identification:_identify(.) by extensions ['cmake', 'python']
[12.621s] Level 1:colcon.colcon_core.package_identification:_identify(.) by extension 'cmake'
[12.621s] Level 1:colcon.colcon_core.package_identification:_identify(.) by extension 'python'
[12.621s] Level 1:colcon.colcon_core.package_identification:_identify(.) by extensions ['python_setup_py']
[12.621s] Level 1:colcon.colcon_core.package_identification:_identify(.) by extension 'python_setup_py'
[12.621s] Level 1:colcon.colcon_core.package_identification:_identify(build) by extensions ['ignore', 'ignore_ament_install']
[12.621s] Level 1:colcon.colcon_core.package_identification:_identify(build) by extension 'ignore'
[12.621s] Level 1:colcon.colcon_core.package_identification:_identify(build) ignored
[12.621s] Level 1:colcon.colcon_core.package_identification:_identify(install) by extensions ['ignore', 'ignore_ament_install']
[12.621s] Level 1:colcon.colcon_core.package_identification:_identify(install) by extension 'ignore'
[12.621s] Level 1:colcon.colcon_core.package_identification:_identify(install) ignored
[12.621s] Level 1:colcon.colcon_core.package_identification:_identify(log) by extensions ['ignore', 'ignore_ament_install']
[12.621s] Level 1:colcon.colcon_core.package_identification:_identify(log) by extension 'ignore'
[12.621s] Level 1:colcon.colcon_core.package_identification:_identify(log) ignored
[12.621s] Level 1:colcon.colcon_core.package_identification:_identify(src) by extensions ['ignore', 'ignore_ament_install']
[12.621s] Level 1:colcon.colcon_core.package_identification:_identify(src) by extension 'ignore'
[12.621s] Level 1:colcon.colcon_core.package_identification:_identify(src) by extension 'ignore_ament_install'
[12.621s] Level 1:colcon.colcon_core.package_identification:_identify(src) by extensions ['colcon_pkg']
[12.621s] Level 1:colcon.colcon_core.package_identification:_identify(src) by extension 'colcon_pkg'
[12.621s] Level 1:colcon.colcon_core.package_identification:_identify(src) by extensions ['colcon_meta']
[12.621s] Level 1:colcon.colcon_core.package_identification:_identify(src) by extension 'colcon_meta'
[12.621s] Level 1:colcon.colcon_core.package_identification:_identify(src) by extensions ['ros']
[12.621s] Level 1:colcon.colcon_core.package_identification:_identify(src) by extension 'ros'
[12.622s] Level 1:colcon.colcon_core.package_identification:_identify(src) by extensions ['cmake', 'python']
[12.622s] Level 1:colcon.colcon_core.package_identification:_identify(src) by extension 'cmake'
[12.622s] Level 1:colcon.colcon_core.package_identification:_identify(src) by extension 'python'
[12.622s] Level 1:colcon.colcon_core.package_identification:_identify(src) by extensions ['python_setup_py']
[12.622s] Level 1:colcon.colcon_core.package_identification:_identify(src) by extension 'python_setup_py'
[12.622s] Level 1:colcon.colcon_core.package_identification:_identify(src/build) by extensions ['ignore', 'ignore_ament_install']
[12.622s] Level 1:colcon.colcon_core.package_identification:_identify(src/build) by extension 'ignore'
[12.622s] Level 1:colcon.colcon_core.package_identification:_identify(src/build) ignored
[12.622s] Level 1:colcon.colcon_core.package_identification:_identify(src/install) by extensions ['ignore', 'ignore_ament_install']
[12.622s] Level 1:colcon.colcon_core.package_identification:_identify(src/install) by extension 'ignore'
[12.622s] Level 1:colcon.colcon_core.package_identification:_identify(src/install) ignored
[12.622s] Level 1:colcon.colcon_core.package_identification:_identify(src/log) by extensions ['ignore', 'ignore_ament_install']
[12.622s] Level 1:colcon.colcon_core.package_identification:_identify(src/log) by extension 'ignore'
[12.622s] Level 1:colcon.colcon_core.package_identification:_identify(src/log) ignored
[12.622s] Level 1:colcon.colcon_core.package_identification:_identify(src/ros2_tutorials) by extensions ['ignore', 'ignore_ament_install']
[12.622s] Level 1:colcon.colcon_core.package_identification:_identify(src/ros2_tutorials) by extension 'ignore'
[12.622s] Level 1:colcon.colcon_core.package_identification:_identify(src/ros2_tutorials) by extension 'ignore_ament_install'
[12.622s] Level 1:colcon.colcon_core.package_identification:_identify(src/ros2_tutorials) by extensions ['colcon_pkg']
[12.622s] Level 1:colcon.colcon_core.package_identification:_identify(src/ros2_tutorials) by extension 'colcon_pkg'
[12.622s] Level 1:colcon.colcon_core.package_identification:_identify(src/ros2_tutorials) by extensions ['colcon_meta']
[12.622s] Level 1:colcon.colcon_core.package_identification:_identify(src/ros2_tutorials) by extension 'colcon_meta'
[12.622s] Level 1:colcon.colcon_core.package_identification:_identify(src/ros2_tutorials) by extensions ['ros']
[12.622s] Level 1:colcon.colcon_core.package_identification:_identify(src/ros2_tutorials) by extension 'ros'
[12.622s] Level 1:colcon.colcon_core.package_identification:_identify(src/ros2_tutorials) by extensions ['cmake', 'python']
[12.622s] Level 1:colcon.colcon_core.package_identification:_identify(src/ros2_tutorials) by extension 'cmake'
[12.622s] Level 1:colcon.colcon_core.package_identification:_identify(src/ros2_tutorials) by extension 'python'
[12.622s] Level 1:colcon.colcon_core.package_identification:_identify(src/ros2_tutorials) by extensions ['python_setup_py']
[12.622s] Level 1:colcon.colcon_core.package_identification:_identify(src/ros2_tutorials) by extension 'python_setup_py'
[12.622s] Level 1:colcon.colcon_core.package_identification:_identify(src/ros2_tutorials/robot_description) by extensions ['ignore', 'ignore_ament_install']
[12.622s] Level 1:colcon.colcon_core.package_identification:_identify(src/ros2_tutorials/robot_description) by extension 'ignore'
[12.622s] Level 1:colcon.colcon_core.package_identification:_identify(src/ros2_tutorials/robot_description) by extension 'ignore_ament_install'
[12.622s] Level 1:colcon.colcon_core.package_identification:_identify(src/ros2_tutorials/robot_description) by extensions ['colcon_pkg']
[12.623s] Level 1:colcon.colcon_core.package_identification:_identify(src/ros2_tutorials/robot_description) by extension 'colcon_pkg'
[12.623s] Level 1:colcon.colcon_core.package_identification:_identify(src/ros2_tutorials/robot_description) by extensions ['colcon_meta']
[12.623s] Level 1:colcon.colcon_core.package_identification:_identify(src/ros2_tutorials/robot_description) by extension 'colcon_meta'
[12.623s] Level 1:colcon.colcon_core.package_identification:_identify(src/ros2_tutorials/robot_description) by extensions ['ros']
[12.623s] Level 1:colcon.colcon_core.package_identification:_identify(src/ros2_tutorials/robot_description) by extension 'ros'
[12.702s] DEBUG:colcon.colcon_core.package_identification:Package 'src/ros2_tutorials/robot_description' with type 'ros.ament_cmake' and name 'robot_description'
[12.702s] Level 1:colcon.colcon_core.package_identification:_identify(src/ros2_tutorials/visual_pubsub) by extensions ['ignore', 'ignore_ament_install']
[12.702s] Level 1:colcon.colcon_core.package_identification:_identify(src/ros2_tutorials/visual_pubsub) by extension 'ignore'
[12.702s] Level 1:colcon.colcon_core.package_identification:_identify(src/ros2_tutorials/visual_pubsub) by extension 'ignore_ament_install'
[12.702s] Level 1:colcon.colcon_core.package_identification:_identify(src/ros2_tutorials/visual_pubsub) by extensions ['colcon_pkg']
[12.702s] Level 1:colcon.colcon_core.package_identification:_identify(src/ros2_tutorials/visual_pubsub) by extension 'colcon_pkg'
[12.702s] Level 1:colcon.colcon_core.package_identification:_identify(src/ros2_tutorials/visual_pubsub) by extensions ['colcon_meta']
[12.702s] Level 1:colcon.colcon_core.package_identification:_identify(src/ros2_tutorials/visual_pubsub) by extension 'colcon_meta'
[12.702s] Level 1:colcon.colcon_core.package_identification:_identify(src/ros2_tutorials/visual_pubsub) by extensions ['ros']
[12.702s] Level 1:colcon.colcon_core.package_identification:_identify(src/ros2_tutorials/visual_pubsub) by extension 'ros'
[12.703s] DEBUG:colcon.colcon_core.package_identification:Package 'src/ros2_tutorials/visual_pubsub' with type 'ros.ament_python' and name 'visual_pubsub'
[12.703s] Level 1:colcon.colcon_core.package_discovery:discover_packages(recursive) using defaults
[12.703s] Level 1:colcon.colcon_core.package_discovery:discover_packages(ignore) discover
[12.703s] Level 1:colcon.colcon_core.package_discovery:discover_packages(ignore) using defaults
[12.703s] Level 1:colcon.colcon_core.package_discovery:discover_packages(path) discover
[12.703s] Level 1:colcon.colcon_core.package_discovery:discover_packages(path) using defaults
[13.412s] Level 5:colcon.colcon_core.verb:set package 'robot_description' build argument 'cmake_args' from command line to 'None'
[13.412s] Level 5:colcon.colcon_core.verb:set package 'robot_description' build argument 'cmake_target' from command line to 'None'
[13.412s] Level 5:colcon.colcon_core.verb:set package 'robot_description' build argument 'cmake_target_skip_unavailable' from command line to 'False'
[13.412s] Level 5:colcon.colcon_core.verb:set package 'robot_description' build argument 'cmake_clean_cache' from command line to 'False'
[13.412s] Level 5:colcon.colcon_core.verb:set package 'robot_description' build argument 'cmake_clean_first' from command line to 'False'
[13.412s] Level 5:colcon.colcon_core.verb:set package 'robot_description' build argument 'cmake_force_configure' from command line to 'False'
[13.412s] Level 5:colcon.colcon_core.verb:set package 'robot_description' build argument 'ament_cmake_args' from command line to 'None'
[13.412s] Level 5:colcon.colcon_core.verb:set package 'robot_description' build argument 'catkin_cmake_args' from command line to 'None'
[13.412s] Level 5:colcon.colcon_core.verb:set package 'robot_description' build argument 'catkin_skip_building_tests' from command line to 'False'
[13.412s] DEBUG:colcon.colcon_core.verb:Building package 'robot_description' with the following arguments: {'ament_cmake_args': None, 'build_base': '/home/joel/robotica/visual_ws/build/robot_description', 'catkin_cmake_args': None, 'catkin_skip_building_tests': False, 'cmake_args': None, 'cmake_clean_cache': False, 'cmake_clean_first': False, 'cmake_force_configure': False, 'cmake_target': None, 'cmake_target_skip_unavailable': False, 'install_base': '/home/joel/robotica/visual_ws/install/robot_description', 'merge_install': False, 'path': '/home/joel/robotica/visual_ws/src/ros2_tutorials/robot_description', 'symlink_install': False, 'test_result_base': None}
[13.412s] Level 5:colcon.colcon_core.verb:set package 'visual_pubsub' build argument 'cmake_args' from command line to 'None'
[13.412s] Level 5:colcon.colcon_core.verb:set package 'visual_pubsub' build argument 'cmake_target' from command line to 'None'
[13.412s] Level 5:colcon.colcon_core.verb:set package 'visual_pubsub' build argument 'cmake_target_skip_unavailable' from command line to 'False'
[13.412s] Level 5:colcon.colcon_core.verb:set package 'visual_pubsub' build argument 'cmake_clean_cache' from command line to 'False'
[13.412s] Level 5:colcon.colcon_core.verb:set package 'visual_pubsub' build argument 'cmake_clean_first' from command line to 'False'
[13.412s] Level 5:colcon.colcon_core.verb:set package 'visual_pubsub' build argument 'cmake_force_configure' from command line to 'False'
[13.412s] Level 5:colcon.colcon_core.verb:set package 'visual_pubsub' build argument 'ament_cmake_args' from command line to 'None'
[13.412s] Level 5:colcon.colcon_core.verb:set package 'visual_pubsub' build argument 'catkin_cmake_args' from command line to 'None'
[13.412s] Level 5:colcon.colcon_core.verb:set package 'visual_pubsub' build argument 'catkin_skip_building_tests' from command line to 'False'
[13.412s] DEBUG:colcon.colcon_core.verb:Building package 'visual_pubsub' with the following arguments: {'ament_cmake_args': None, 'build_base': '/home/joel/robotica/visual_ws/build/visual_pubsub', 'catkin_cmake_args': None, 'catkin_skip_building_tests': False, 'cmake_args': None, 'cmake_clean_cache': False, 'cmake_clean_first': False, 'cmake_force_configure': False, 'cmake_target': None, 'cmake_target_skip_unavailable': False, 'install_base': '/home/joel/robotica/visual_ws/install/visual_pubsub', 'merge_install': False, 'path': '/home/joel/robotica/visual_ws/src/ros2_tutorials/visual_pubsub', 'symlink_install': False, 'test_result_base': None}
[13.413s] INFO:colcon.colcon_core.executor:Executing jobs using 'parallel' executor
[13.413s] DEBUG:colcon.colcon_parallel_executor.executor.parallel:run_until_complete
[13.413s] INFO:colcon.colcon_ros.task.ament_cmake.build:Building ROS package in '/home/joel/robotica/visual_ws/src/ros2_tutorials/robot_description' with build type 'ament_cmake'
[13.414s] INFO:colcon.colcon_cmake.task.cmake.build:Building CMake package in '/home/joel/robotica/visual_ws/src/ros2_tutorials/robot_description'
[13.600s] INFO:colcon.colcon_core.plugin_system:Skipping extension 'colcon_core.shell.bat': Not used on non-Windows systems
[13.600s] DEBUG:colcon.colcon_core.shell:Skip shell extension 'dsv' for command environment
[13.742s] INFO:colcon.colcon_ros.task.ament_python.build:Building ROS package in '/home/joel/robotica/visual_ws/src/ros2_tutorials/visual_pubsub' with build type 'ament_python'
[13.743s] Level 1:colcon.colcon_core.shell:create_environment_hook('visual_pubsub', 'ament_prefix_path')
[13.743s] INFO:colcon.colcon_core.shell:Creating environment descriptor '/home/joel/robotica/visual_ws/install/visual_pubsub/share/visual_pubsub/hook/ament_prefix_path.dsv'
[13.812s] INFO:colcon.colcon_core.shell:Creating environment hook '/home/joel/robotica/visual_ws/install/visual_pubsub/share/visual_pubsub/hook/ament_prefix_path.sh'
[13.838s] DEBUG:colcon.colcon_core.shell:Skip shell extension 'dsv' for command environment
[13.913s] DEBUG:colcon.colcon_core.event_handler.log_command:Invoking command in '/home/joel/robotica/visual_ws/build/robot_description': CMAKE_PREFIX_PATH=${CMAKE_PREFIX_PATH}:/opt/ros/jazzy DEBUGINFOD_URLS=https://debuginfod.ubuntu.com /usr/bin/cmake --build /home/joel/robotica/visual_ws/build/robot_description -- -j8 -l8
[14.260s] INFO:colcon.colcon_core.task.python.build:Building Python package in '/home/joel/robotica/visual_ws/src/ros2_tutorials/visual_pubsub'
[14.260s] DEBUG:colcon.colcon_core.shell:Skip shell extension 'dsv' for command environment
[28.158s] DEBUG:colcon.colcon_core.event_handler.log_command:Invoking command in '/home/joel/robotica/visual_ws/src/ros2_tutorials/visual_pubsub': DEBUGINFOD_URLS=https://debuginfod.ubuntu.com PYTHONPATH=/home/joel/robotica/visual_ws/build/visual_pubsub/prefix_override:/usr/lib/python3/dist-packages/colcon_core/task/python/colcon_distutils_commands:/home/joel/robotica/visual_ws/install/visual_pubsub/lib/python3.12/site-packages:${PYTHONPATH} /usr/bin/python3 -W ignore:setup.py install is deprecated -W ignore:easy_install command is deprecated setup.py egg_info --egg-base ../../../build/visual_pubsub build --build-base /home/joel/robotica/visual_ws/build/visual_pubsub/build install --record /home/joel/robotica/visual_ws/build/visual_pubsub/install.log --single-version-externally-managed install_data
[28.778s] DEBUG:colcon.colcon_core.event_handler.log_command:Invoked command in '/home/joel/robotica/visual_ws/src/ros2_tutorials/visual_pubsub' returned '0': DEBUGINFOD_URLS=https://debuginfod.ubuntu.com PYTHONPATH=/home/joel/robotica/visual_ws/build/visual_pubsub/prefix_override:/usr/lib/python3/dist-packages/colcon_core/task/python/colcon_distutils_commands:/home/joel/robotica/visual_ws/install/visual_pubsub/lib/python3.12/site-packages:${PYTHONPATH} /usr/bin/python3 -W ignore:setup.py install is deprecated -W ignore:easy_install command is deprecated setup.py egg_info --egg-base ../../../build/visual_pubsub build --build-base /home/joel/robotica/visual_ws/build/visual_pubsub/build install --record /home/joel/robotica/visual_ws/build/visual_pubsub/install.log --single-version-externally-managed install_data
[29.313s] Level 1:colcon.colcon_core.environment:checking '/home/joel/robotica/visual_ws/install/visual_pubsub' for CMake module files
[29.314s] Level 1:colcon.colcon_core.environment:checking '/home/joel/robotica/visual_ws/install/visual_pubsub' for CMake config files
[29.357s] Level 1:colcon.colcon_core.environment:checking '/home/joel/robotica/visual_ws/install/visual_pubsub/lib'
[29.357s] Level 1:colcon.colcon_core.environment:checking '/home/joel/robotica/visual_ws/install/visual_pubsub/bin'
[29.358s] Level 1:colcon.colcon_core.environment:checking '/home/joel/robotica/visual_ws/install/visual_pubsub/lib/pkgconfig/visual_pubsub.pc'
[29.358s] Level 1:colcon.colcon_core.environment:checking '/home/joel/robotica/visual_ws/install/visual_pubsub/lib/python3.12/site-packages'
[29.358s] Level 1:colcon.colcon_core.shell:create_environment_hook('visual_pubsub', 'pythonpath')
[29.358s] INFO:colcon.colcon_core.shell:Creating environment descriptor '/home/joel/robotica/visual_ws/install/visual_pubsub/share/visual_pubsub/hook/pythonpath.dsv'
[29.373s] INFO:colcon.colcon_core.shell:Creating environment hook '/home/joel/robotica/visual_ws/install/visual_pubsub/share/visual_pubsub/hook/pythonpath.sh'
[29.373s] Level 1:colcon.colcon_core.environment:checking '/home/joel/robotica/visual_ws/install/visual_pubsub/bin'
[29.373s] Level 1:colcon.colcon_core.environment:create_environment_scripts_only(visual_pubsub)
[29.374s] INFO:colcon.colcon_core.shell:Creating package descriptor '/home/joel/robotica/visual_ws/install/visual_pubsub/share/visual_pubsub/package.dsv'
[29.434s] INFO:colcon.colcon_core.shell:Creating package script '/home/joel/robotica/visual_ws/install/visual_pubsub/share/visual_pubsub/package.sh'
[29.455s] INFO:colcon.colcon_core.shell:Creating package script '/home/joel/robotica/visual_ws/install/visual_pubsub/share/visual_pubsub/package.bash'
[29.507s] INFO:colcon.colcon_core.shell:Creating package script '/home/joel/robotica/visual_ws/install/visual_pubsub/share/visual_pubsub/package.zsh'
[29.539s] Level 1:colcon.colcon_core.environment:create_file_with_runtime_dependencies(/home/joel/robotica/visual_ws/install/visual_pubsub/share/colcon-core/packages/visual_pubsub)
[33.437s] DEBUG:colcon.colcon_core.event_handler.log_command:Invoked command in '/home/joel/robotica/visual_ws/build/robot_description' returned '0': CMAKE_PREFIX_PATH=${CMAKE_PREFIX_PATH}:/opt/ros/jazzy DEBUGINFOD_URLS=https://debuginfod.ubuntu.com /usr/bin/cmake --build /home/joel/robotica/visual_ws/build/robot_description -- -j8 -l8
[33.445s] DEBUG:colcon.colcon_core.event_handler.log_command:Invoking command in '/home/joel/robotica/visual_ws/build/robot_description': CMAKE_PREFIX_PATH=${CMAKE_PREFIX_PATH}:/opt/ros/jazzy DEBUGINFOD_URLS=https://debuginfod.ubuntu.com /usr/bin/cmake --install /home/joel/robotica/visual_ws/build/robot_description
[34.228s] Level 1:colcon.colcon_core.environment:create_environment_scripts_only(robot_description)
[34.228s] DEBUG:colcon.colcon_core.event_handler.log_command:Invoked command in '/home/joel/robotica/visual_ws/build/robot_description' returned '0': CMAKE_PREFIX_PATH=${CMAKE_PREFIX_PATH}:/opt/ros/jazzy DEBUGINFOD_URLS=https://debuginfod.ubuntu.com /usr/bin/cmake --install /home/joel/robotica/visual_ws/build/robot_description
[34.228s] Level 1:colcon.colcon_core.environment:checking '/home/joel/robotica/visual_ws/install/robot_description' for CMake module files
[34.229s] Level 1:colcon.colcon_core.environment:checking '/home/joel/robotica/visual_ws/install/robot_description' for CMake config files
[34.266s] Level 1:colcon.colcon_core.shell:create_environment_hook('robot_description', 'cmake_prefix_path')
[34.266s] INFO:colcon.colcon_core.shell:Creating environment descriptor '/home/joel/robotica/visual_ws/install/robot_description/share/robot_description/hook/cmake_prefix_path.dsv'
[34.267s] INFO:colcon.colcon_core.shell:Creating environment hook '/home/joel/robotica/visual_ws/install/robot_description/share/robot_description/hook/cmake_prefix_path.sh'
[34.267s] Level 1:colcon.colcon_core.environment:checking '/home/joel/robotica/visual_ws/install/robot_description/lib'
[34.267s] Level 1:colcon.colcon_core.shell:create_environment_hook('robot_description', 'ld_library_path_lib')
[34.267s] INFO:colcon.colcon_core.shell:Creating environment descriptor '/home/joel/robotica/visual_ws/install/robot_description/share/robot_description/hook/ld_library_path_lib.dsv'
[34.267s] INFO:colcon.colcon_core.shell:Creating environment hook '/home/joel/robotica/visual_ws/install/robot_description/share/robot_description/hook/ld_library_path_lib.sh'
[34.268s] Level 1:colcon.colcon_core.environment:checking '/home/joel/robotica/visual_ws/install/robot_description/bin'
[34.268s] Level 1:colcon.colcon_core.environment:checking '/home/joel/robotica/visual_ws/install/robot_description/lib/pkgconfig/robot_description.pc'
[34.268s] Level 1:colcon.colcon_core.environment:checking '/home/joel/robotica/visual_ws/install/robot_description/lib/python3.12/site-packages'
[34.268s] Level 1:colcon.colcon_core.shell:create_environment_hook('robot_description', 'pythonpath')
[34.268s] INFO:colcon.colcon_core.shell:Creating environment descriptor '/home/joel/robotica/visual_ws/install/robot_description/share/robot_description/hook/pythonpath.dsv'
[34.268s] INFO:colcon.colcon_core.shell:Creating environment hook '/home/joel/robotica/visual_ws/install/robot_description/share/robot_description/hook/pythonpath.sh'
[34.269s] Level 1:colcon.colcon_core.environment:checking '/home/joel/robotica/visual_ws/install/robot_description/bin'
[34.269s] INFO:colcon.colcon_core.shell:Creating package descriptor '/home/joel/robotica/visual_ws/install/robot_description/share/robot_description/package.dsv'
[34.269s] INFO:colcon.colcon_core.shell:Creating package script '/home/joel/robotica/visual_ws/install/robot_description/share/robot_description/package.sh'
[34.269s] INFO:colcon.colcon_core.shell:Creating package script '/home/joel/robotica/visual_ws/install/robot_description/share/robot_description/package.bash'
[34.270s] INFO:colcon.colcon_core.shell:Creating package script '/home/joel/robotica/visual_ws/install/robot_description/share/robot_description/package.zsh'
[34.270s] Level 1:colcon.colcon_core.environment:create_file_with_runtime_dependencies(/home/joel/robotica/visual_ws/install/robot_description/share/colcon-core/packages/robot_description)
[34.270s] Level 1:colcon.colcon_core.environment:create_environment_scripts_only(robot_description)
[34.270s] Level 1:colcon.colcon_core.environment:checking '/home/joel/robotica/visual_ws/install/robot_description' for CMake module files
[34.271s] Level 1:colcon.colcon_core.environment:checking '/home/joel/robotica/visual_ws/install/robot_description' for CMake config files
[34.271s] Level 1:colcon.colcon_core.shell:create_environment_hook('robot_description', 'cmake_prefix_path')
[34.271s] INFO:colcon.colcon_core.shell:Creating environment descriptor '/home/joel/robotica/visual_ws/install/robot_description/share/robot_description/hook/cmake_prefix_path.dsv'
[34.285s] INFO:colcon.colcon_core.shell:Creating environment hook '/home/joel/robotica/visual_ws/install/robot_description/share/robot_description/hook/cmake_prefix_path.sh'
[34.286s] Level 1:colcon.colcon_core.environment:checking '/home/joel/robotica/visual_ws/install/robot_description/lib'
[34.286s] Level 1:colcon.colcon_core.shell:create_environment_hook('robot_description', 'ld_library_path_lib')
[34.286s] INFO:colcon.colcon_core.shell:Creating environment descriptor '/home/joel/robotica/visual_ws/install/robot_description/share/robot_description/hook/ld_library_path_lib.dsv'
[34.286s] INFO:colcon.colcon_core.shell:Creating environment hook '/home/joel/robotica/visual_ws/install/robot_description/share/robot_description/hook/ld_library_path_lib.sh'
[34.287s] Level 1:colcon.colcon_core.environment:checking '/home/joel/robotica/visual_ws/install/robot_description/bin'
[34.287s] Level 1:colcon.colcon_core.environment:checking '/home/joel/robotica/visual_ws/install/robot_description/lib/pkgconfig/robot_description.pc'
[34.287s] Level 1:colcon.colcon_core.environment:checking '/home/joel/robotica/visual_ws/install/robot_description/lib/python3.12/site-packages'
[34.287s] Level 1:colcon.colcon_core.shell:create_environment_hook('robot_description', 'pythonpath')
[34.287s] INFO:colcon.colcon_core.shell:Creating environment descriptor '/home/joel/robotica/visual_ws/install/robot_description/share/robot_description/hook/pythonpath.dsv'
[34.287s] INFO:colcon.colcon_core.shell:Creating environment hook '/home/joel/robotica/visual_ws/install/robot_description/share/robot_description/hook/pythonpath.sh'
[34.288s] Level 1:colcon.colcon_core.environment:checking '/home/joel/robotica/visual_ws/install/robot_description/bin'
[34.288s] INFO:colcon.colcon_core.shell:Creating package descriptor '/home/joel/robotica/visual_ws/install/robot_description/share/robot_description/package.dsv'
[34.288s] INFO:colcon.colcon_core.shell:Creating package script '/home/joel/robotica/visual_ws/install/robot_description/share/robot_description/package.sh'
[34.288s] INFO:colcon.colcon_core.shell:Creating package script '/home/joel/robotica/visual_ws/install/robot_description/share/robot_description/package.bash'
[34.289s] INFO:colcon.colcon_core.shell:Creating package script '/home/joel/robotica/visual_ws/install/robot_description/share/robot_description/package.zsh'
[34.289s] Level 1:colcon.colcon_core.environment:create_file_with_runtime_dependencies(/home/joel/robotica/visual_ws/install/robot_description/share/colcon-core/packages/robot_description)
[34.289s] DEBUG:colcon.colcon_parallel_executor.executor.parallel:closing loop
[34.289s] DEBUG:colcon.colcon_parallel_executor.executor.parallel:loop closed
[34.289s] DEBUG:colcon.colcon_parallel_executor.executor.parallel:run_until_complete finished with '0'
[34.289s] DEBUG:colcon.colcon_core.event_reactor:joining thread
[34.386s] INFO:colcon.colcon_core.plugin_system:Skipping extension 'colcon_notification.desktop_notification.terminal_notifier': Not used on non-Darwin systems
[34.387s] INFO:colcon.colcon_core.plugin_system:Skipping extension 'colcon_notification.desktop_notification.win32': Not used on non-Windows systems
[34.387s] INFO:colcon.colcon_notification.desktop_notification:Sending desktop notification using 'notify2'
[34.403s] DEBUG:colcon.colcon_core.event_reactor:joined thread
[34.403s] INFO:colcon.colcon_core.shell:Creating prefix script '/home/joel/robotica/visual_ws/install/local_setup.sh'
[34.482s] INFO:colcon.colcon_core.shell:Creating prefix util module '/home/joel/robotica/visual_ws/install/_local_setup_util_sh.py'
[34.543s] INFO:colcon.colcon_core.shell:Creating prefix chain script '/home/joel/robotica/visual_ws/install/setup.sh'
[34.596s] INFO:colcon.colcon_core.shell:Creating prefix script '/home/joel/robotica/visual_ws/install/local_setup.bash'
[34.618s] INFO:colcon.colcon_core.shell:Creating prefix chain script '/home/joel/robotica/visual_ws/install/setup.bash'
[34.635s] INFO:colcon.colcon_core.shell:Creating prefix script '/home/joel/robotica/visual_ws/install/local_setup.zsh'
[34.675s] INFO:colcon.colcon_core.shell:Creating prefix chain script '/home/joel/robotica/visual_ws/install/setup.zsh'
