[0.040s] Invoking command in '/home/joel/robotica/visual_ws/src/build/robot_description': CMAKE_PREFIX_PATH=${CMAKE_PREFIX_PATH}:/opt/ros/jazzy:/home/joel/robotica/visual_ws/install/visual_pubsub DEBUGINFOD_URLS=https://debuginfod.ubuntu.com /usr/bin/cmake --build /home/joel/robotica/visual_ws/src/build/robot_description -- -j8 -l8
[0.577s] Invoked command in '/home/joel/robotica/visual_ws/src/build/robot_description' returned '0': CMAKE_PREFIX_PATH=${CMAKE_PREFIX_PATH}:/opt/ros/jazzy:/home/joel/robotica/visual_ws/install/visual_pubsub DEBUGINFOD_URLS=https://debuginfod.ubuntu.com /usr/bin/cmake --build /home/joel/robotica/visual_ws/src/build/robot_description -- -j8 -l8
[0.600s] Invoking command in '/home/joel/robotica/visual_ws/src/build/robot_description': CMAKE_PREFIX_PATH=${CMAKE_PREFIX_PATH}:/opt/ros/jazzy:/home/joel/robotica/visual_ws/install/visual_pubsub DEBUGINFOD_URLS=https://debuginfod.ubuntu.com /usr/bin/cmake --install /home/joel/robotica/visual_ws/src/build/robot_description
[0.620s] -- Install configuration: ""
[0.620s] -- Up-to-date: /home/joel/robotica/visual_ws/src/install/robot_description/share/robot_description/launch
[0.621s] -- Up-to-date: /home/joel/robotica/visual_ws/src/install/robot_description/share/robot_description/launch/view_robot.launch.py
[0.621s] -- Up-to-date: /home/joel/robotica/visual_ws/src/install/robot_description/share/robot_description/urdf
[0.622s] -- Up-to-date: /home/joel/robotica/visual_ws/src/install/robot_description/share/robot_description/urdf/diff_wheeled_robot.urdf
[0.622s] -- Up-to-date: /home/joel/robotica/visual_ws/src/install/robot_description/share/robot_description/urdf/wally1.urdf
[0.622s] -- Up-to-date: /home/joel/robotica/visual_ws/src/install/robot_description/share/robot_description/urdf/multipleshapes.gv
[0.623s] -- Up-to-date: /home/joel/robotica/visual_ws/src/install/robot_description/share/robot_description/urdf/panda.urdf
[0.623s] -- Up-to-date: /home/joel/robotica/visual_ws/src/install/robot_description/share/robot_description/urdf/multipleshapes.pdf
[0.623s] -- Up-to-date: /home/joel/robotica/visual_ws/src/install/robot_description/share/robot_description/urdf/cobot_arm.urdf
[0.624s] -- Up-to-date: /home/joel/robotica/visual_ws/src/install/robot_description/share/robot_description/urdf/guillecar.urdf
[0.624s] -- Up-to-date: /home/joel/robotica/visual_ws/src/install/robot_description/share/robot_description/urdf/myfirst_robot.urdf
[0.624s] -- Up-to-date: /home/joel/robotica/visual_ws/src/install/robot_description/share/robot_description/urdf/ro.urdf
[0.624s] -- Up-to-date: /home/joel/robotica/visual_ws/src/install/robot_description/share/robot_description/urdf/clases_test.urdf
[0.625s] -- Up-to-date: /home/joel/robotica/visual_ws/src/install/robot_description/share/robot_description/urdf/robot1.urdf
[0.625s] -- Up-to-date: /home/joel/robotica/visual_ws/src/install/robot_description/share/robot_description/urdf/pantilt.urdf
[0.626s] -- Up-to-date: /home/joel/robotica/visual_ws/src/install/robot_description/share/robot_description/rviz
[0.626s] -- Up-to-date: /home/joel/robotica/visual_ws/src/install/robot_description/share/robot_description/rviz/urdf.rviz
[0.626s] -- Up-to-date: /home/joel/robotica/visual_ws/src/install/robot_description/share/robot_description/meshes
[0.627s] -- Up-to-date: /home/joel/robotica/visual_ws/src/install/robot_description/share/robot_description/meshes/visual
[0.627s] -- Up-to-date: /home/joel/robotica/visual_ws/src/install/robot_description/share/robot_description/meshes/visual/finger.dae
[0.628s] -- Up-to-date: /home/joel/robotica/visual_ws/src/install/robot_description/share/robot_description/meshes/visual/link5.dae
[0.628s] -- Up-to-date: /home/joel/robotica/visual_ws/src/install/robot_description/share/robot_description/meshes/visual/link7.dae
[0.629s] -- Up-to-date: /home/joel/robotica/visual_ws/src/install/robot_description/share/robot_description/meshes/visual/link3.dae
[0.629s] -- Up-to-date: /home/joel/robotica/visual_ws/src/install/robot_description/share/robot_description/meshes/visual/link2.dae
[0.629s] -- Up-to-date: /home/joel/robotica/visual_ws/src/install/robot_description/share/robot_description/meshes/visual/link1.dae
[0.630s] -- Up-to-date: /home/joel/robotica/visual_ws/src/install/robot_description/share/robot_description/meshes/visual/link0.dae
[0.630s] -- Up-to-date: /home/joel/robotica/visual_ws/src/install/robot_description/share/robot_description/meshes/visual/link4.dae
[0.631s] -- Up-to-date: /home/joel/robotica/visual_ws/src/install/robot_description/share/robot_description/meshes/visual/hand.dae
[0.631s] -- Up-to-date: /home/joel/robotica/visual_ws/src/install/robot_description/share/robot_description/meshes/visual/link6.dae
[0.631s] -- Up-to-date: /home/joel/robotica/visual_ws/src/install/robot_description/share/robot_description/meshes/collision
[0.631s] -- Up-to-date: /home/joel/robotica/visual_ws/src/install/robot_description/share/robot_description/meshes/collision/link0.obj
[0.632s] -- Up-to-date: /home/joel/robotica/visual_ws/src/install/robot_description/share/robot_description/meshes/collision/link2.obj
[0.632s] -- Up-to-date: /home/joel/robotica/visual_ws/src/install/robot_description/share/robot_description/meshes/collision/hand.obj
[0.632s] -- Up-to-date: /home/joel/robotica/visual_ws/src/install/robot_description/share/robot_description/meshes/collision/link7.obj
[0.633s] -- Up-to-date: /home/joel/robotica/visual_ws/src/install/robot_description/share/robot_description/meshes/collision/link3.obj
[0.633s] -- Up-to-date: /home/joel/robotica/visual_ws/src/install/robot_description/share/robot_description/meshes/collision/link6.obj
[0.633s] -- Up-to-date: /home/joel/robotica/visual_ws/src/install/robot_description/share/robot_description/meshes/collision/link1.obj
[0.634s] -- Up-to-date: /home/joel/robotica/visual_ws/src/install/robot_description/share/robot_description/meshes/collision/link4.obj
[0.634s] -- Up-to-date: /home/joel/robotica/visual_ws/src/install/robot_description/share/robot_description/meshes/collision/finger.obj
[0.634s] -- Up-to-date: /home/joel/robotica/visual_ws/src/install/robot_description/share/robot_description/meshes/collision/link5.obj
[0.634s] -- Up-to-date: /home/joel/robotica/visual_ws/src/install/robot_description/share/ament_index/resource_index/package_run_dependencies/robot_description
[0.635s] -- Up-to-date: /home/joel/robotica/visual_ws/src/install/robot_description/share/ament_index/resource_index/parent_prefix_path/robot_description
[0.635s] -- Up-to-date: /home/joel/robotica/visual_ws/src/install/robot_description/share/robot_description/environment/ament_prefix_path.sh
[0.635s] -- Up-to-date: /home/joel/robotica/visual_ws/src/install/robot_description/share/robot_description/environment/ament_prefix_path.dsv
[0.635s] -- Up-to-date: /home/joel/robotica/visual_ws/src/install/robot_description/share/robot_description/environment/path.sh
[0.636s] -- Up-to-date: /home/joel/robotica/visual_ws/src/install/robot_description/share/robot_description/environment/path.dsv
[0.636s] -- Up-to-date: /home/joel/robotica/visual_ws/src/install/robot_description/share/robot_description/local_setup.bash
[0.636s] -- Up-to-date: /home/joel/robotica/visual_ws/src/install/robot_description/share/robot_description/local_setup.sh
[0.636s] -- Up-to-date: /home/joel/robotica/visual_ws/src/install/robot_description/share/robot_description/local_setup.zsh
[0.637s] -- Up-to-date: /home/joel/robotica/visual_ws/src/install/robot_description/share/robot_description/local_setup.dsv
[0.637s] -- Installing: /home/joel/robotica/visual_ws/src/install/robot_description/share/robot_description/package.dsv
[0.637s] -- Up-to-date: /home/joel/robotica/visual_ws/src/install/robot_description/share/ament_index/resource_index/packages/robot_description
[0.638s] -- Up-to-date: /home/joel/robotica/visual_ws/src/install/robot_description/share/robot_description/cmake/robot_descriptionConfig.cmake
[0.638s] -- Up-to-date: /home/joel/robotica/visual_ws/src/install/robot_description/share/robot_description/cmake/robot_descriptionConfig-version.cmake
[0.638s] -- Up-to-date: /home/joel/robotica/visual_ws/src/install/robot_description/share/robot_description/package.xml
[0.639s] Invoked command in '/home/joel/robotica/visual_ws/src/build/robot_description' returned '0': CMAKE_PREFIX_PATH=${CMAKE_PREFIX_PATH}:/opt/ros/jazzy:/home/joel/robotica/visual_ws/install/visual_pubsub DEBUGINFOD_URLS=https://debuginfod.ubuntu.com /usr/bin/cmake --install /home/joel/robotica/visual_ws/src/build/robot_description
