[0.029s] Invoking command in '/home/joel/robotica/visual_ws/src/build/robot_description': CMAKE_PREFIX_PATH=${CMAKE_PREFIX_PATH}:/home/joel/robotica/visual_ws/src/install/visual_pubsub:/opt/ros/jazzy DEBUGINFOD_URLS=https://debuginfod.ubuntu.com /usr/bin/cmake --build /home/joel/robotica/visual_ws/src/build/robot_description -- -j8 -l8
[0.457s] Invoked command in '/home/joel/robotica/visual_ws/src/build/robot_description' returned '0': CMAKE_PREFIX_PATH=${CMAKE_PREFIX_PATH}:/home/joel/robotica/visual_ws/src/install/visual_pubsub:/opt/ros/jazzy DEBUGINFOD_URLS=https://debuginfod.ubuntu.com /usr/bin/cmake --build /home/joel/robotica/visual_ws/src/build/robot_description -- -j8 -l8
[0.479s] Invoking command in '/home/joel/robotica/visual_ws/src/build/robot_description': CMAKE_PREFIX_PATH=${CMAKE_PREFIX_PATH}:/home/joel/robotica/visual_ws/src/install/visual_pubsub:/opt/ros/jazzy DEBUGINFOD_URLS=https://debuginfod.ubuntu.com /usr/bin/cmake --install /home/joel/robotica/visual_ws/src/build/robot_description
[0.495s] -- Install configuration: ""
[0.495s] -- Up-to-date: /home/joel/robotica/visual_ws/src/install/robot_description/share/robot_description/launch
[0.496s] -- Up-to-date: /home/joel/robotica/visual_ws/src/install/robot_description/share/robot_description/launch/view_robot.launch.py
[0.496s] -- Up-to-date: /home/joel/robotica/visual_ws/src/install/robot_description/share/robot_description/urdf
[0.496s] -- Up-to-date: /home/joel/robotica/visual_ws/src/install/robot_description/share/robot_description/urdf/diff_wheeled_robot.urdf
[0.497s] -- Up-to-date: /home/joel/robotica/visual_ws/src/install/robot_description/share/robot_description/urdf/wally1.urdf
[0.497s] -- Up-to-date: /home/joel/robotica/visual_ws/src/install/robot_description/share/robot_description/urdf/multipleshapes.gv
[0.497s] -- Up-to-date: /home/joel/robotica/visual_ws/src/install/robot_description/share/robot_description/urdf/panda.urdf
[0.497s] -- Up-to-date: /home/joel/robotica/visual_ws/src/install/robot_description/share/robot_description/urdf/multipleshapes.pdf
[0.498s] -- Up-to-date: /home/joel/robotica/visual_ws/src/install/robot_description/share/robot_description/urdf/cobot_arm.urdf
[0.498s] -- Up-to-date: /home/joel/robotica/visual_ws/src/install/robot_description/share/robot_description/urdf/guillecar.urdf
[0.498s] -- Up-to-date: /home/joel/robotica/visual_ws/src/install/robot_description/share/robot_description/urdf/myfirst_robot.urdf
[0.498s] -- Up-to-date: /home/joel/robotica/visual_ws/src/install/robot_description/share/robot_description/urdf/clases_test.urdf
[0.498s] -- Up-to-date: /home/joel/robotica/visual_ws/src/install/robot_description/share/robot_description/urdf/robot1.urdf
[0.499s] -- Up-to-date: /home/joel/robotica/visual_ws/src/install/robot_description/share/robot_description/urdf/pantilt.urdf
[0.499s] -- Up-to-date: /home/joel/robotica/visual_ws/src/install/robot_description/share/robot_description/rviz
[0.499s] -- Up-to-date: /home/joel/robotica/visual_ws/src/install/robot_description/share/robot_description/rviz/urdf.rviz
[0.499s] -- Up-to-date: /home/joel/robotica/visual_ws/src/install/robot_description/share/robot_description/meshes
[0.499s] -- Up-to-date: /home/joel/robotica/visual_ws/src/install/robot_description/share/robot_description/meshes/visual
[0.500s] -- Up-to-date: /home/joel/robotica/visual_ws/src/install/robot_description/share/robot_description/meshes/visual/finger.dae
[0.500s] -- Up-to-date: /home/joel/robotica/visual_ws/src/install/robot_description/share/robot_description/meshes/visual/link5.dae
[0.500s] -- Up-to-date: /home/joel/robotica/visual_ws/src/install/robot_description/share/robot_description/meshes/visual/link7.dae
[0.500s] -- Up-to-date: /home/joel/robotica/visual_ws/src/install/robot_description/share/robot_description/meshes/visual/link3.dae
[0.500s] -- Up-to-date: /home/joel/robotica/visual_ws/src/install/robot_description/share/robot_description/meshes/visual/link2.dae
[0.501s] -- Up-to-date: /home/joel/robotica/visual_ws/src/install/robot_description/share/robot_description/meshes/visual/link1.dae
[0.501s] -- Up-to-date: /home/joel/robotica/visual_ws/src/install/robot_description/share/robot_description/meshes/visual/link0.dae
[0.501s] -- Up-to-date: /home/joel/robotica/visual_ws/src/install/robot_description/share/robot_description/meshes/visual/link4.dae
[0.501s] -- Up-to-date: /home/joel/robotica/visual_ws/src/install/robot_description/share/robot_description/meshes/visual/hand.dae
[0.501s] -- Up-to-date: /home/joel/robotica/visual_ws/src/install/robot_description/share/robot_description/meshes/visual/link6.dae
[0.502s] -- Up-to-date: /home/joel/robotica/visual_ws/src/install/robot_description/share/robot_description/meshes/collision
[0.502s] -- Up-to-date: /home/joel/robotica/visual_ws/src/install/robot_description/share/robot_description/meshes/collision/link0.obj
[0.502s] -- Up-to-date: /home/joel/robotica/visual_ws/src/install/robot_description/share/robot_description/meshes/collision/link2.obj
[0.502s] -- Up-to-date: /home/joel/robotica/visual_ws/src/install/robot_description/share/robot_description/meshes/collision/hand.obj
[0.502s] -- Up-to-date: /home/joel/robotica/visual_ws/src/install/robot_description/share/robot_description/meshes/collision/link7.obj
[0.503s] -- Up-to-date: /home/joel/robotica/visual_ws/src/install/robot_description/share/robot_description/meshes/collision/link3.obj
[0.503s] -- Up-to-date: /home/joel/robotica/visual_ws/src/install/robot_description/share/robot_description/meshes/collision/link6.obj
[0.504s] -- Up-to-date: /home/joel/robotica/visual_ws/src/install/robot_description/share/robot_description/meshes/collision/link1.obj
[0.504s] -- Up-to-date: /home/joel/robotica/visual_ws/src/install/robot_description/share/robot_description/meshes/collision/link4.obj
[0.504s] -- Up-to-date: /home/joel/robotica/visual_ws/src/install/robot_description/share/robot_description/meshes/collision/finger.obj
[0.505s] -- Up-to-date: /home/joel/robotica/visual_ws/src/install/robot_description/share/robot_description/meshes/collision/link5.obj
[0.506s] -- Up-to-date: /home/joel/robotica/visual_ws/src/install/robot_description/share/ament_index/resource_index/package_run_dependencies/robot_description
[0.506s] -- Up-to-date: /home/joel/robotica/visual_ws/src/install/robot_description/share/ament_index/resource_index/parent_prefix_path/robot_description
[0.506s] -- Up-to-date: /home/joel/robotica/visual_ws/src/install/robot_description/share/robot_description/environment/ament_prefix_path.sh
[0.507s] -- Up-to-date: /home/joel/robotica/visual_ws/src/install/robot_description/share/robot_description/environment/ament_prefix_path.dsv
[0.507s] -- Up-to-date: /home/joel/robotica/visual_ws/src/install/robot_description/share/robot_description/environment/path.sh
[0.507s] -- Up-to-date: /home/joel/robotica/visual_ws/src/install/robot_description/share/robot_description/environment/path.dsv
[0.507s] -- Up-to-date: /home/joel/robotica/visual_ws/src/install/robot_description/share/robot_description/local_setup.bash
[0.507s] -- Up-to-date: /home/joel/robotica/visual_ws/src/install/robot_description/share/robot_description/local_setup.sh
[0.508s] -- Up-to-date: /home/joel/robotica/visual_ws/src/install/robot_description/share/robot_description/local_setup.zsh
[0.508s] -- Up-to-date: /home/joel/robotica/visual_ws/src/install/robot_description/share/robot_description/local_setup.dsv
[0.508s] -- Installing: /home/joel/robotica/visual_ws/src/install/robot_description/share/robot_description/package.dsv
[0.509s] -- Up-to-date: /home/joel/robotica/visual_ws/src/install/robot_description/share/ament_index/resource_index/packages/robot_description
[0.509s] -- Up-to-date: /home/joel/robotica/visual_ws/src/install/robot_description/share/robot_description/cmake/robot_descriptionConfig.cmake
[0.509s] -- Up-to-date: /home/joel/robotica/visual_ws/src/install/robot_description/share/robot_description/cmake/robot_descriptionConfig-version.cmake
[0.509s] -- Up-to-date: /home/joel/robotica/visual_ws/src/install/robot_description/share/robot_description/package.xml
[0.510s] Invoked command in '/home/joel/robotica/visual_ws/src/build/robot_description' returned '0': CMAKE_PREFIX_PATH=${CMAKE_PREFIX_PATH}:/home/joel/robotica/visual_ws/src/install/visual_pubsub:/opt/ros/jazzy DEBUGINFOD_URLS=https://debuginfod.ubuntu.com /usr/bin/cmake --install /home/joel/robotica/visual_ws/src/build/robot_description
